{"contracts/BabController.sol":{"l":{"141":3,"142":3,"143":3,"144":3,"145":3,"146":3,"166":3,"167":3,"168":21,"173":3,"181":3,"182":3,"191":1,"192":1,"193":1,"195":1,"197":1,"206":6,"207":6,"208":6,"209":5,"218":1,"219":1,"220":1,"221":1,"229":0,"230":0,"241":2,"250":1,"251":1,"260":2,"261":5,"271":3,"275":3,"276":3,"277":3,"286":1,"291":1,"293":1,"295":1,"304":2,"306":2,"308":2,"309":2,"311":2,"320":1,"322":1,"324":1,"325":1,"327":1,"336":2,"338":2,"340":2,"341":2,"343":2,"352":2,"354":2,"355":2,"357":2,"366":1,"368":1,"369":1,"371":1,"380":1,"382":1,"383":1,"385":1,"398":7,"399":7,"403":7,"405":7,"407":7,"420":0,"422":0,"426":0,"428":0,"430":0,"439":0,"440":0,"445":0,"446":0,"448":0,"460":0,"461":0,"463":0,"469":0,"473":19,"477":0,"481":18,"485":0,"489":1,"493":11,"497":4,"501":1,"505":1,"509":15,"513":0,"521":2,"525":4,"533":17,"541":4,"556":0,"573":0,"588":0,"603":0,"616":43,"629":7,"638":3,"639":3,"640":3,"641":3},"path":"/Users/rrecuero/dev/babylon-finance/protocol/contracts/BabController.sol","s":{"1":3,"2":3,"3":3,"4":3,"5":3,"6":3,"7":3,"8":3,"9":21,"10":3,"11":3,"12":3,"13":1,"14":1,"15":1,"16":1,"17":1,"18":6,"19":6,"20":6,"21":5,"22":1,"23":1,"24":1,"25":1,"26":0,"27":0,"28":2,"29":1,"30":1,"31":2,"32":5,"33":3,"34":3,"35":3,"36":3,"37":1,"38":1,"39":1,"40":1,"41":2,"42":2,"43":2,"44":2,"45":2,"46":1,"47":1,"48":1,"49":1,"50":1,"51":2,"52":2,"53":2,"54":2,"55":2,"56":2,"57":2,"58":2,"59":2,"60":1,"61":1,"62":1,"63":1,"64":1,"65":1,"66":1,"67":1,"68":7,"69":7,"70":7,"71":7,"72":7,"73":0,"74":0,"75":0,"76":0,"77":0,"78":0,"79":0,"80":0,"81":0,"82":0,"83":0,"84":0,"85":0,"86":19,"87":0,"88":18,"89":0,"90":1,"91":11,"92":4,"93":1,"94":1,"95":15,"96":0,"97":2,"98":4,"99":17,"100":4,"101":0,"102":0,"103":0,"104":0,"105":43,"106":7,"107":3,"108":3,"109":3,"110":3},"b":{"1":[3,0],"2":[21,0],"3":[1,0],"4":[1,0],"5":[6,0],"6":[5,1],"7":[1,0],"8":[1,0],"9":[0,0],"10":[1,0],"11":[3,0],"12":[1,0],"13":[2,0],"14":[2,0],"15":[1,0],"16":[1,0],"17":[2,0],"18":[2,0],"19":[2,0],"20":[1,0],"21":[1,0],"22":[7,0],"23":[7,0],"24":[0,0],"25":[0,0],"26":[0,0],"27":[0,0],"28":[3,0]},"f":{"1":3,"2":3,"3":1,"4":6,"5":1,"6":0,"7":2,"8":1,"9":2,"10":3,"11":1,"12":2,"13":1,"14":2,"15":2,"16":1,"17":1,"18":7,"19":0,"20":0,"21":0,"22":0,"23":19,"24":0,"25":18,"26":0,"27":1,"28":11,"29":4,"30":1,"31":1,"32":15,"33":0,"34":2,"35":4,"36":17,"37":4,"38":0,"39":0,"40":0,"41":0,"42":43,"43":7,"44":3},"fnMap":{"1":{"name":"constructor","line":133,"loc":{"start":{"line":133,"column":4},"end":{"line":147,"column":4}}},"2":{"name":"createRollingCommunity","line":160,"loc":{"start":{"line":160,"column":4},"end":{"line":183,"column":4}}},"3":{"name":"removeCommunity","line":190,"loc":{"start":{"line":190,"column":4},"end":{"line":198,"column":4}}},"4":{"name":"disableCommunity","line":205,"loc":{"start":{"line":205,"column":4},"end":{"line":210,"column":4}}},"5":{"name":"enableCommunity","line":217,"loc":{"start":{"line":217,"column":4},"end":{"line":222,"column":4}}},"6":{"name":"enableCommunityTokensTransfers","line":228,"loc":{"start":{"line":228,"column":4},"end":{"line":231,"column":4}}},"7":{"name":"addKeeper","line":240,"loc":{"start":{"line":240,"column":4},"end":{"line":242,"column":4}}},"8":{"name":"removeKeeper","line":249,"loc":{"start":{"line":249,"column":4},"end":{"line":252,"column":4}}},"9":{"name":"addKeepers","line":259,"loc":{"start":{"line":259,"column":4},"end":{"line":263,"column":4}}},"10":{"name":"addReserveAsset","line":270,"loc":{"start":{"line":270,"column":4},"end":{"line":278,"column":4}}},"11":{"name":"removeReserveAsset","line":285,"loc":{"start":{"line":285,"column":4},"end":{"line":296,"column":4}}},"12":{"name":"editPriceOracle","line":303,"loc":{"start":{"line":303,"column":4},"end":{"line":312,"column":4}}},"13":{"name":"editReservePool","line":319,"loc":{"start":{"line":319,"column":4},"end":{"line":328,"column":4}}},"14":{"name":"editCommunityValuer","line":335,"loc":{"start":{"line":335,"column":4},"end":{"line":344,"column":4}}},"15":{"name":"editTreasury","line":351,"loc":{"start":{"line":351,"column":4},"end":{"line":358,"column":4}}},"16":{"name":"editCommunityFactory","line":365,"loc":{"start":{"line":365,"column":4},"end":{"line":372,"column":4}}},"17":{"name":"editIdeaFactory","line":379,"loc":{"start":{"line":379,"column":4},"end":{"line":386,"column":4}}},"18":{"name":"addIntegration","line":396,"loc":{"start":{"line":394,"column":4},"end":{"line":408,"column":4}}},"19":{"name":"editIntegration","line":418,"loc":{"start":{"line":416,"column":4},"end":{"line":431,"column":4}}},"20":{"name":"removeIntegration","line":438,"loc":{"start":{"line":438,"column":4},"end":{"line":449,"column":4}}},"21":{"name":"editLiquidityMinimum","line":458,"loc":{"start":{"line":456,"column":4},"end":{"line":464,"column":4}}},"22":{"name":"getUniswapFactory","line":468,"loc":{"start":{"line":468,"column":4},"end":{"line":470,"column":4}}},"23":{"name":"getPriceOracle","line":472,"loc":{"start":{"line":472,"column":4},"end":{"line":474,"column":4}}},"24":{"name":"getReservePool","line":476,"loc":{"start":{"line":476,"column":4},"end":{"line":478,"column":4}}},"25":{"name":"getCommunityValuer","line":480,"loc":{"start":{"line":480,"column":4},"end":{"line":482,"column":4}}},"26":{"name":"getCommunityFactory","line":484,"loc":{"start":{"line":484,"column":4},"end":{"line":486,"column":4}}},"27":{"name":"getIdeaFactory","line":488,"loc":{"start":{"line":488,"column":4},"end":{"line":490,"column":4}}},"28":{"name":"getCommunities","line":492,"loc":{"start":{"line":492,"column":4},"end":{"line":494,"column":4}}},"29":{"name":"getReserveAssets","line":496,"loc":{"start":{"line":496,"column":4},"end":{"line":498,"column":4}}},"30":{"name":"getMinCooldownPeriod","line":500,"loc":{"start":{"line":500,"column":4},"end":{"line":502,"column":4}}},"31":{"name":"getMaxCooldownPeriod","line":504,"loc":{"start":{"line":504,"column":4},"end":{"line":506,"column":4}}},"32":{"name":"getProtocolDepositCommunityTokenFee","line":508,"loc":{"start":{"line":508,"column":4},"end":{"line":510,"column":4}}},"33":{"name":"getProtocolPerformanceFee","line":512,"loc":{"start":{"line":512,"column":4},"end":{"line":514,"column":4}}},"34":{"name":"getProtocolWithdrawalCommunityTokenFee","line":516,"loc":{"start":{"line":516,"column":4},"end":{"line":522,"column":4}}},"35":{"name":"getTreasury","line":524,"loc":{"start":{"line":524,"column":4},"end":{"line":526,"column":4}}},"36":{"name":"isValidReserveAsset","line":528,"loc":{"start":{"line":528,"column":4},"end":{"line":534,"column":4}}},"37":{"name":"isValidKeeper","line":536,"loc":{"start":{"line":536,"column":4},"end":{"line":542,"column":4}}},"38":{"name":"getIntegrationByName","line":551,"loc":{"start":{"line":551,"column":4},"end":{"line":557,"column":4}}},"39":{"name":"getIntegrationFee","line":566,"loc":{"start":{"line":566,"column":4},"end":{"line":574,"column":4}}},"40":{"name":"getIntegrationWithHash","line":583,"loc":{"start":{"line":583,"column":4},"end":{"line":589,"column":4}}},"41":{"name":"isValidIntegration","line":598,"loc":{"start":{"line":598,"column":4},"end":{"line":604,"column":4}}},"42":{"name":"isSystemContract","line":611,"loc":{"start":{"line":611,"column":4},"end":{"line":621,"column":4}}},"43":{"name":"_nameHash","line":628,"loc":{"start":{"line":628,"column":4},"end":{"line":630,"column":4}}},"44":{"name":"_addCommunity","line":637,"loc":{"start":{"line":637,"column":4},"end":{"line":642,"column":4}}}},"statementMap":{"1":{"start":{"line":141,"column":8},"end":{"line":141,"column":27}},"2":{"start":{"line":142,"column":8},"end":{"line":142,"column":41}},"3":{"start":{"line":143,"column":8},"end":{"line":143,"column":33}},"4":{"start":{"line":144,"column":8},"end":{"line":144,"column":33}},"5":{"start":{"line":145,"column":8},"end":{"line":145,"column":43}},"6":{"start":{"line":146,"column":8},"end":{"line":146,"column":33}},"7":{"start":{"line":166,"column":6},"end":{"line":166,"column":38}},"8":{"start":{"line":167,"column":6},"end":{"line":167,"column":6744}},"9":{"start":{"line":168,"column":8},"end":{"line":168,"column":6807}},"10":{"start":{"line":173,"column":6},"end":{"line":173,"column":6933}},"11":{"start":{"line":181,"column":6},"end":{"line":181,"column":32}},"12":{"start":{"line":182,"column":6},"end":{"line":182,"column":25}},"13":{"start":{"line":191,"column":8},"end":{"line":191,"column":67}},"14":{"start":{"line":192,"column":8},"end":{"line":192,"column":87}},"15":{"start":{"line":193,"column":8},"end":{"line":193,"column":51}},"16":{"start":{"line":195,"column":8},"end":{"line":195,"column":38}},"17":{"start":{"line":197,"column":8},"end":{"line":197,"column":41}},"18":{"start":{"line":206,"column":8},"end":{"line":206,"column":67}},"19":{"start":{"line":207,"column":8},"end":{"line":207,"column":53}},"20":{"start":{"line":208,"column":8},"end":{"line":208,"column":73}},"21":{"start":{"line":209,"column":8},"end":{"line":209,"column":30}},"22":{"start":{"line":218,"column":8},"end":{"line":218,"column":67}},"23":{"start":{"line":219,"column":8},"end":{"line":219,"column":53}},"24":{"start":{"line":220,"column":8},"end":{"line":220,"column":74}},"25":{"start":{"line":221,"column":8},"end":{"line":221,"column":28}},"26":{"start":{"line":229,"column":8},"end":{"line":229,"column":82}},"27":{"start":{"line":230,"column":8},"end":{"line":230,"column":45}},"28":{"start":{"line":241,"column":6},"end":{"line":241,"column":31}},"29":{"start":{"line":250,"column":6},"end":{"line":250,"column":58}},"30":{"start":{"line":251,"column":6},"end":{"line":251,"column":32}},"31":{"start":{"line":260,"column":6},"end":{"line":260,"column":9944}},"32":{"start":{"line":261,"column":8},"end":{"line":261,"column":37}},"33":{"start":{"line":271,"column":8},"end":{"line":271,"column":10291}},"34":{"start":{"line":275,"column":8},"end":{"line":275,"column":46}},"35":{"start":{"line":276,"column":8},"end":{"line":276,"column":40}},"36":{"start":{"line":277,"column":8},"end":{"line":277,"column":45}},"37":{"start":{"line":286,"column":8},"end":{"line":286,"column":10817}},"38":{"start":{"line":291,"column":8},"end":{"line":291,"column":58}},"39":{"start":{"line":293,"column":8},"end":{"line":293,"column":47}},"40":{"start":{"line":295,"column":8},"end":{"line":295,"column":47}},"41":{"start":{"line":304,"column":8},"end":{"line":304,"column":74}},"42":{"start":{"line":306,"column":8},"end":{"line":306,"column":69}},"43":{"start":{"line":308,"column":8},"end":{"line":308,"column":44}},"44":{"start":{"line":309,"column":8},"end":{"line":309,"column":33}},"45":{"start":{"line":311,"column":8},"end":{"line":311,"column":61}},"46":{"start":{"line":320,"column":8},"end":{"line":320,"column":74}},"47":{"start":{"line":322,"column":8},"end":{"line":322,"column":69}},"48":{"start":{"line":324,"column":8},"end":{"line":324,"column":44}},"49":{"start":{"line":325,"column":8},"end":{"line":325,"column":33}},"50":{"start":{"line":327,"column":8},"end":{"line":327,"column":61}},"51":{"start":{"line":336,"column":8},"end":{"line":336,"column":86}},"52":{"start":{"line":338,"column":8},"end":{"line":338,"column":77}},"53":{"start":{"line":340,"column":8},"end":{"line":340,"column":52}},"54":{"start":{"line":341,"column":8},"end":{"line":341,"column":41}},"55":{"start":{"line":343,"column":8},"end":{"line":343,"column":73}},"56":{"start":{"line":352,"column":8},"end":{"line":352,"column":67}},"57":{"start":{"line":354,"column":8},"end":{"line":354,"column":38}},"58":{"start":{"line":355,"column":8},"end":{"line":355,"column":30}},"59":{"start":{"line":357,"column":8},"end":{"line":357,"column":55}},"60":{"start":{"line":366,"column":8},"end":{"line":366,"column":75}},"61":{"start":{"line":368,"column":8},"end":{"line":368,"column":54}},"62":{"start":{"line":369,"column":8},"end":{"line":369,"column":46}},"63":{"start":{"line":371,"column":8},"end":{"line":371,"column":79}},"64":{"start":{"line":380,"column":8},"end":{"line":380,"column":70}},"65":{"start":{"line":382,"column":8},"end":{"line":382,"column":44}},"66":{"start":{"line":383,"column":8},"end":{"line":383,"column":36}},"67":{"start":{"line":385,"column":8},"end":{"line":385,"column":64}},"68":{"start":{"line":398,"column":8},"end":{"line":398,"column":45}},"69":{"start":{"line":399,"column":8},"end":{"line":399,"column":14741}},"70":{"start":{"line":403,"column":8},"end":{"line":403,"column":77}},"71":{"start":{"line":405,"column":8},"end":{"line":405,"column":46}},"72":{"start":{"line":407,"column":8},"end":{"line":407,"column":60}},"73":{"start":{"line":420,"column":8},"end":{"line":420,"column":45}},"74":{"start":{"line":422,"column":8},"end":{"line":422,"column":15474}},"75":{"start":{"line":426,"column":8},"end":{"line":426,"column":77}},"76":{"start":{"line":428,"column":8},"end":{"line":428,"column":46}},"77":{"start":{"line":430,"column":8},"end":{"line":430,"column":61}},"78":{"start":{"line":439,"column":8},"end":{"line":439,"column":45}},"79":{"start":{"line":440,"column":8},"end":{"line":440,"column":16094}},"80":{"start":{"line":445,"column":8},"end":{"line":445,"column":57}},"81":{"start":{"line":448,"column":8},"end":{"line":448,"column":64}},"82":{"start":{"line":460,"column":8},"end":{"line":460,"column":45}},"83":{"start":{"line":461,"column":8},"end":{"line":461,"column":59}},"84":{"start":{"line":463,"column":8},"end":{"line":463,"column":62}},"85":{"start":{"line":469,"column":8},"end":{"line":469,"column":30}},"86":{"start":{"line":473,"column":8},"end":{"line":473,"column":26}},"87":{"start":{"line":477,"column":6},"end":{"line":477,"column":24}},"88":{"start":{"line":481,"column":8},"end":{"line":481,"column":30}},"89":{"start":{"line":485,"column":8},"end":{"line":485,"column":31}},"90":{"start":{"line":489,"column":8},"end":{"line":489,"column":26}},"91":{"start":{"line":493,"column":8},"end":{"line":493,"column":26}},"92":{"start":{"line":497,"column":8},"end":{"line":497,"column":28}},"93":{"start":{"line":501,"column":8},"end":{"line":501,"column":32}},"94":{"start":{"line":505,"column":8},"end":{"line":505,"column":32}},"95":{"start":{"line":509,"column":8},"end":{"line":509,"column":47}},"96":{"start":{"line":513,"column":8},"end":{"line":513,"column":37}},"97":{"start":{"line":521,"column":8},"end":{"line":521,"column":50}},"98":{"start":{"line":525,"column":8},"end":{"line":525,"column":23}},"99":{"start":{"line":533,"column":8},"end":{"line":533,"column":47}},"100":{"start":{"line":541,"column":8},"end":{"line":541,"column":34}},"101":{"start":{"line":556,"column":8},"end":{"line":556,"column":45}},"102":{"start":{"line":573,"column":8},"end":{"line":573,"column":16}},"103":{"start":{"line":588,"column":8},"end":{"line":588,"column":39}},"104":{"start":{"line":603,"column":8},"end":{"line":603,"column":61}},"105":{"start":{"line":616,"column":8},"end":{"line":616,"column":20724}},"106":{"start":{"line":629,"column":8},"end":{"line":629,"column":38}},"107":{"start":{"line":638,"column":8},"end":{"line":638,"column":68}},"108":{"start":{"line":639,"column":8},"end":{"line":639,"column":37}},"109":{"start":{"line":640,"column":8},"end":{"line":640,"column":35}},"110":{"start":{"line":641,"column":8},"end":{"line":641,"column":51}}},"branchMap":{"1":{"line":166,"type":"if","locations":[{"start":{"line":166,"column":6},"end":{"line":166,"column":6}},{"start":{"line":166,"column":6},"end":{"line":166,"column":6}}]},"2":{"line":168,"type":"if","locations":[{"start":{"line":168,"column":8},"end":{"line":168,"column":8}},{"start":{"line":168,"column":8},"end":{"line":168,"column":8}}]},"3":{"line":191,"type":"if","locations":[{"start":{"line":191,"column":8},"end":{"line":191,"column":8}},{"start":{"line":191,"column":8},"end":{"line":191,"column":8}}]},"4":{"line":192,"type":"if","locations":[{"start":{"line":192,"column":8},"end":{"line":192,"column":8}},{"start":{"line":192,"column":8},"end":{"line":192,"column":8}}]},"5":{"line":206,"type":"if","locations":[{"start":{"line":206,"column":8},"end":{"line":206,"column":8}},{"start":{"line":206,"column":8},"end":{"line":206,"column":8}}]},"6":{"line":208,"type":"if","locations":[{"start":{"line":208,"column":8},"end":{"line":208,"column":8}},{"start":{"line":208,"column":8},"end":{"line":208,"column":8}}]},"7":{"line":218,"type":"if","locations":[{"start":{"line":218,"column":8},"end":{"line":218,"column":8}},{"start":{"line":218,"column":8},"end":{"line":218,"column":8}}]},"8":{"line":220,"type":"if","locations":[{"start":{"line":220,"column":8},"end":{"line":220,"column":8}},{"start":{"line":220,"column":8},"end":{"line":220,"column":8}}]},"9":{"line":229,"type":"if","locations":[{"start":{"line":229,"column":8},"end":{"line":229,"column":8}},{"start":{"line":229,"column":8},"end":{"line":229,"column":8}}]},"10":{"line":250,"type":"if","locations":[{"start":{"line":250,"column":6},"end":{"line":250,"column":6}},{"start":{"line":250,"column":6},"end":{"line":250,"column":6}}]},"11":{"line":271,"type":"if","locations":[{"start":{"line":271,"column":8},"end":{"line":271,"column":8}},{"start":{"line":271,"column":8},"end":{"line":271,"column":8}}]},"12":{"line":286,"type":"if","locations":[{"start":{"line":286,"column":8},"end":{"line":286,"column":8}},{"start":{"line":286,"column":8},"end":{"line":286,"column":8}}]},"13":{"line":304,"type":"if","locations":[{"start":{"line":304,"column":8},"end":{"line":304,"column":8}},{"start":{"line":304,"column":8},"end":{"line":304,"column":8}}]},"14":{"line":306,"type":"if","locations":[{"start":{"line":306,"column":8},"end":{"line":306,"column":8}},{"start":{"line":306,"column":8},"end":{"line":306,"column":8}}]},"15":{"line":320,"type":"if","locations":[{"start":{"line":320,"column":8},"end":{"line":320,"column":8}},{"start":{"line":320,"column":8},"end":{"line":320,"column":8}}]},"16":{"line":322,"type":"if","locations":[{"start":{"line":322,"column":8},"end":{"line":322,"column":8}},{"start":{"line":322,"column":8},"end":{"line":322,"column":8}}]},"17":{"line":336,"type":"if","locations":[{"start":{"line":336,"column":8},"end":{"line":336,"column":8}},{"start":{"line":336,"column":8},"end":{"line":336,"column":8}}]},"18":{"line":338,"type":"if","locations":[{"start":{"line":338,"column":8},"end":{"line":338,"column":8}},{"start":{"line":338,"column":8},"end":{"line":338,"column":8}}]},"19":{"line":352,"type":"if","locations":[{"start":{"line":352,"column":8},"end":{"line":352,"column":8}},{"start":{"line":352,"column":8},"end":{"line":352,"column":8}}]},"20":{"line":366,"type":"if","locations":[{"start":{"line":366,"column":8},"end":{"line":366,"column":8}},{"start":{"line":366,"column":8},"end":{"line":366,"column":8}}]},"21":{"line":380,"type":"if","locations":[{"start":{"line":380,"column":8},"end":{"line":380,"column":8}},{"start":{"line":380,"column":8},"end":{"line":380,"column":8}}]},"22":{"line":399,"type":"if","locations":[{"start":{"line":399,"column":8},"end":{"line":399,"column":8}},{"start":{"line":399,"column":8},"end":{"line":399,"column":8}}]},"23":{"line":403,"type":"if","locations":[{"start":{"line":403,"column":8},"end":{"line":403,"column":8}},{"start":{"line":403,"column":8},"end":{"line":403,"column":8}}]},"24":{"line":422,"type":"if","locations":[{"start":{"line":422,"column":8},"end":{"line":422,"column":8}},{"start":{"line":422,"column":8},"end":{"line":422,"column":8}}]},"25":{"line":426,"type":"if","locations":[{"start":{"line":426,"column":8},"end":{"line":426,"column":8}},{"start":{"line":426,"column":8},"end":{"line":426,"column":8}}]},"26":{"line":440,"type":"if","locations":[{"start":{"line":440,"column":8},"end":{"line":440,"column":8}},{"start":{"line":440,"column":8},"end":{"line":440,"column":8}}]},"27":{"line":460,"type":"if","locations":[{"start":{"line":460,"column":8},"end":{"line":460,"column":8}},{"start":{"line":460,"column":8},"end":{"line":460,"column":8}}]},"28":{"line":638,"type":"if","locations":[{"start":{"line":638,"column":8},"end":{"line":638,"column":8}},{"start":{"line":638,"column":8},"end":{"line":638,"column":8}}]}}},"contracts/communities/BaseCommunity.sol":{"l":{"84":6,"85":6,"92":6,"93":6,"100":22,"101":21,"108":1,"109":1,"116":0,"117":0,"124":0,"125":0,"132":0,"133":0,"140":23,"141":21,"148":1,"149":1,"237":3,"238":3,"240":3,"241":3,"242":3,"243":3,"245":3,"246":21,"249":3,"274":1,"278":1,"279":1,"280":1,"281":1,"282":1,"283":1,"284":1,"285":1,"286":1,"297":0,"299":0,"306":1,"309":1,"316":5,"317":5,"327":0,"335":0,"337":0,"339":0,"351":21,"360":0,"380":1,"381":1,"382":1,"391":1,"392":1,"393":1,"401":0,"402":0,"403":0,"404":0,"405":0,"406":0,"407":0,"418":0,"419":0,"420":0,"435":19,"439":7,"443":36,"447":0,"458":0,"462":0,"485":0,"486":0,"491":0,"492":0,"493":0,"502":18,"503":18,"504":18,"509":21,"511":21,"513":21,"517":0,"518":0,"527":17,"528":2,"536":23,"540":1,"544":6,"552":18,"556":0},"path":"/Users/rrecuero/dev/babylon-finance/protocol/contracts/communities/BaseCommunity.sol","s":{"1":6,"2":6,"3":22,"4":1,"5":0,"6":0,"7":0,"8":23,"9":1,"10":3,"11":3,"12":3,"13":3,"14":3,"15":3,"16":3,"17":21,"18":3,"19":1,"20":1,"21":1,"22":1,"23":1,"24":1,"25":1,"26":1,"27":1,"28":1,"29":0,"30":0,"31":1,"32":1,"33":5,"34":5,"35":0,"36":0,"37":0,"38":0,"39":21,"40":0,"41":1,"42":1,"43":1,"44":1,"45":1,"46":1,"47":0,"48":0,"49":0,"50":0,"51":0,"52":0,"53":0,"54":0,"55":0,"56":0,"57":19,"58":7,"59":36,"60":0,"61":0,"62":0,"63":0,"64":0,"65":0,"66":0,"67":0,"68":18,"69":18,"70":18,"71":21,"72":21,"73":21,"74":0,"75":0,"76":17,"77":2,"78":23,"79":1,"80":6,"81":18,"82":0},"b":{"1":[6,0],"2":[21,1],"3":[1,0],"4":[0,0],"5":[0,0],"6":[0,0],"7":[3,0],"8":[1,0],"9":[1,0],"10":[1,0],"11":[5,0],"12":[0,0],"13":[1,0],"14":[0,0],"15":[0,0],"16":[0,0],"17":[0,0],"18":[21,0],"19":[2,15],"20":[2,0],"21":[21,2],"22":[1,0],"23":[6,0],"24":[18,0]},"f":{"1":6,"2":6,"3":22,"4":1,"5":0,"6":0,"7":0,"8":23,"9":1,"10":3,"11":1,"12":0,"13":1,"14":5,"15":0,"16":0,"17":21,"18":0,"19":1,"20":0,"21":0,"22":19,"23":7,"24":36,"25":0,"26":0,"27":0,"28":0,"29":18,"30":21,"31":0,"32":17,"33":23,"34":1,"35":6,"36":18,"37":0},"fnMap":{"1":{"name":"onlyContributor","line":83,"loc":{"start":{"line":83,"column":4},"end":{"line":86,"column":4}}},"2":{"name":"onlyProtocol","line":91,"loc":{"start":{"line":91,"column":4},"end":{"line":94,"column":4}}},"3":{"name":"onlyGovernanceCommunity","line":99,"loc":{"start":{"line":99,"column":4},"end":{"line":102,"column":4}}},"4":{"name":"onlyCreator","line":107,"loc":{"start":{"line":107,"column":4},"end":{"line":110,"column":4}}},"5":{"name":"onlyKeeper","line":115,"loc":{"start":{"line":115,"column":4},"end":{"line":118,"column":4}}},"6":{"name":"onlyInvestmentIdea","line":123,"loc":{"start":{"line":123,"column":4},"end":{"line":126,"column":4}}},"7":{"name":"onlyInvestmentIdeaOrOwner","line":131,"loc":{"start":{"line":131,"column":4},"end":{"line":134,"column":4}}},"8":{"name":"onlyActive","line":139,"loc":{"start":{"line":139,"column":4},"end":{"line":142,"column":4}}},"9":{"name":"onlyInactive","line":147,"loc":{"start":{"line":147,"column":4},"end":{"line":150,"column":4}}},"10":{"name":"initialize","line":236,"loc":{"start":{"line":228,"column":4},"end":{"line":250,"column":4}}},"11":{"name":"startCommon","line":264,"loc":{"start":{"line":264,"column":4},"end":{"line":287,"column":4}}},"12":{"name":"editReserveAsset","line":296,"loc":{"start":{"line":296,"column":4},"end":{"line":300,"column":4}}},"13":{"name":"setActive","line":305,"loc":{"start":{"line":305,"column":4},"end":{"line":310,"column":4}}},"14":{"name":"setDisabled","line":315,"loc":{"start":{"line":315,"column":4},"end":{"line":318,"column":4}}},"15":{"name":"addIntegration","line":325,"loc":{"start":{"line":323,"column":4},"end":{"line":328,"column":4}}},"16":{"name":"removeIntegration","line":334,"loc":{"start":{"line":334,"column":4},"end":{"line":340,"column":4}}},"17":{"name":"initializeIntegration","line":349,"loc":{"start":{"line":347,"column":4},"end":{"line":352,"column":4}}},"18":{"name":"updateReserveBalance","line":359,"loc":{"start":{"line":359,"column":4},"end":{"line":361,"column":4}}},"19":{"name":"addInvestmentIdea","line":379,"loc":{"start":{"line":373,"column":4},"end":{"line":394,"column":4}}},"20":{"name":"rebalanceInvestments","line":400,"loc":{"start":{"line":400,"column":4},"end":{"line":410,"column":4}}},"21":{"name":"allocateCapitalToInvestment","line":417,"loc":{"start":{"line":417,"column":4},"end":{"line":424,"column":4}}},"22":{"name":"getIdeas","line":434,"loc":{"start":{"line":434,"column":4},"end":{"line":436,"column":4}}},"23":{"name":"getReserveBalance","line":438,"loc":{"start":{"line":438,"column":4},"end":{"line":440,"column":4}}},"24":{"name":"getReserveAsset","line":442,"loc":{"start":{"line":442,"column":4},"end":{"line":444,"column":4}}},"25":{"name":"getIntegrations","line":446,"loc":{"start":{"line":446,"column":4},"end":{"line":448,"column":4}}},"26":{"name":"hasIntegration","line":453,"loc":{"start":{"line":453,"column":4},"end":{"line":459,"column":4}}},"27":{"name":"isValidIntegration","line":461,"loc":{"start":{"line":461,"column":4},"end":{"line":463,"column":4}}},"28":{"name":"_trade","line":477,"loc":{"start":{"line":477,"column":4},"end":{"line":494,"column":4}}},"29":{"name":"_updateReserveBalance","line":501,"loc":{"start":{"line":501,"column":4},"end":{"line":505,"column":4}}},"30":{"name":"_addIntegration","line":507,"loc":{"start":{"line":507,"column":4},"end":{"line":514,"column":4}}},"31":{"name":"_getPrice","line":516,"loc":{"start":{"line":516,"column":4},"end":{"line":519,"column":4}}},"32":{"name":"payProtocolFeeFromCommunity","line":524,"loc":{"start":{"line":524,"column":4},"end":{"line":533,"column":4}}},"33":{"name":"_validateOnlyActive","line":535,"loc":{"start":{"line":535,"column":4},"end":{"line":537,"column":4}}},"34":{"name":"_validateOnlyInactive","line":539,"loc":{"start":{"line":539,"column":4},"end":{"line":541,"column":4}}},"35":{"name":"_validateOnlyContributor","line":543,"loc":{"start":{"line":543,"column":4},"end":{"line":548,"column":4}}},"36":{"name":"_beforeTokenTransfer","line":551,"loc":{"start":{"line":551,"column":4},"end":{"line":553,"column":4}}},"37":{"name":"abs","line":555,"loc":{"start":{"line":555,"column":4},"end":{"line":557,"column":4}}}},"statementMap":{"1":{"start":{"line":84,"column":6},"end":{"line":84,"column":41}},"2":{"start":{"line":92,"column":6},"end":{"line":92,"column":75}},"3":{"start":{"line":100,"column":6},"end":{"line":100,"column":69}},"4":{"start":{"line":108,"column":6},"end":{"line":108,"column":69}},"5":{"start":{"line":116,"column":6},"end":{"line":116,"column":97}},"6":{"start":{"line":124,"column":6},"end":{"line":124,"column":93}},"7":{"start":{"line":132,"column":6},"end":{"line":132,"column":121}},"8":{"start":{"line":140,"column":8},"end":{"line":140,"column":28}},"9":{"start":{"line":148,"column":8},"end":{"line":148,"column":30}},"10":{"start":{"line":237,"column":8},"end":{"line":237,"column":67}},"11":{"start":{"line":238,"column":8},"end":{"line":238,"column":35}},"12":{"start":{"line":240,"column":8},"end":{"line":240,"column":31}},"13":{"start":{"line":241,"column":8},"end":{"line":241,"column":19}},"14":{"start":{"line":242,"column":8},"end":{"line":242,"column":35}},"15":{"start":{"line":243,"column":8},"end":{"line":243,"column":25}},"16":{"start":{"line":245,"column":8},"end":{"line":245,"column":8658}},"17":{"start":{"line":246,"column":10},"end":{"line":246,"column":42}},"18":{"start":{"line":249,"column":8},"end":{"line":249,"column":21}},"19":{"start":{"line":274,"column":6},"end":{"line":274,"column":10073}},"20":{"start":{"line":278,"column":6},"end":{"line":278,"column":69}},"21":{"start":{"line":279,"column":6},"end":{"line":279,"column":39}},"22":{"start":{"line":280,"column":6},"end":{"line":280,"column":63}},"23":{"start":{"line":281,"column":6},"end":{"line":281,"column":61}},"24":{"start":{"line":282,"column":6},"end":{"line":282,"column":73}},"25":{"start":{"line":283,"column":6},"end":{"line":283,"column":45}},"26":{"start":{"line":284,"column":6},"end":{"line":284,"column":39}},"27":{"start":{"line":285,"column":6},"end":{"line":285,"column":39}},"28":{"start":{"line":286,"column":6},"end":{"line":286,"column":39}},"29":{"start":{"line":297,"column":8},"end":{"line":297,"column":35}},"30":{"start":{"line":299,"column":8},"end":{"line":299,"column":47}},"31":{"start":{"line":306,"column":6},"end":{"line":306,"column":11403}},"32":{"start":{"line":309,"column":6},"end":{"line":309,"column":18}},"33":{"start":{"line":316,"column":6},"end":{"line":316,"column":52}},"34":{"start":{"line":317,"column":6},"end":{"line":317,"column":19}},"35":{"start":{"line":327,"column":8},"end":{"line":327,"column":36}},"36":{"start":{"line":335,"column":8},"end":{"line":335,"column":76}},"37":{"start":{"line":337,"column":8},"end":{"line":337,"column":55}},"38":{"start":{"line":339,"column":8},"end":{"line":339,"column":45}},"39":{"start":{"line":351,"column":6},"end":{"line":351,"column":57}},"40":{"start":{"line":360,"column":6},"end":{"line":360,"column":35}},"41":{"start":{"line":380,"column":6},"end":{"line":380,"column":74}},"42":{"start":{"line":381,"column":6},"end":{"line":381,"column":90}},"43":{"start":{"line":382,"column":6},"end":{"line":382,"column":14217}},"44":{"start":{"line":391,"column":6},"end":{"line":391,"column":34}},"45":{"start":{"line":392,"column":6},"end":{"line":392,"column":40}},"46":{"start":{"line":393,"column":6},"end":{"line":393,"column":21}},"47":{"start":{"line":401,"column":6},"end":{"line":401,"column":90}},"48":{"start":{"line":402,"column":6},"end":{"line":402,"column":14915}},"49":{"start":{"line":403,"column":8},"end":{"line":403,"column":56}},"50":{"start":{"line":404,"column":8},"end":{"line":404,"column":81}},"51":{"start":{"line":405,"column":8},"end":{"line":405,"column":70}},"52":{"start":{"line":406,"column":8},"end":{"line":406,"column":15180}},"53":{"start":{"line":407,"column":10},"end":{"line":407,"column":43}},"54":{"start":{"line":418,"column":6},"end":{"line":418,"column":90}},"55":{"start":{"line":419,"column":6},"end":{"line":419,"column":66}},"56":{"start":{"line":420,"column":6},"end":{"line":420,"column":15839}},"57":{"start":{"line":435,"column":6},"end":{"line":435,"column":18}},"58":{"start":{"line":439,"column":6},"end":{"line":439,"column":27}},"59":{"start":{"line":443,"column":6},"end":{"line":443,"column":25}},"60":{"start":{"line":447,"column":8},"end":{"line":447,"column":27}},"61":{"start":{"line":458,"column":8},"end":{"line":458,"column":50}},"62":{"start":{"line":462,"column":6},"end":{"line":462,"column":48}},"63":{"start":{"line":485,"column":6},"end":{"line":485,"column":98}},"64":{"start":{"line":486,"column":6},"end":{"line":486,"column":17943}},"65":{"start":{"line":491,"column":6},"end":{"line":491,"column":85}},"66":{"start":{"line":492,"column":6},"end":{"line":492,"column":53}},"67":{"start":{"line":493,"column":6},"end":{"line":493,"column":124}},"68":{"start":{"line":502,"column":6},"end":{"line":502,"column":40}},"69":{"start":{"line":503,"column":6},"end":{"line":503,"column":29}},"70":{"start":{"line":504,"column":6},"end":{"line":504,"column":52}},"71":{"start":{"line":509,"column":8},"end":{"line":509,"column":81}},"72":{"start":{"line":511,"column":8},"end":{"line":511,"column":38}},"73":{"start":{"line":513,"column":8},"end":{"line":513,"column":43}},"74":{"start":{"line":517,"column":6},"end":{"line":517,"column":85}},"75":{"start":{"line":518,"column":6},"end":{"line":518,"column":50}},"76":{"start":{"line":527,"column":8},"end":{"line":527,"column":19451}},"77":{"start":{"line":528,"column":12},"end":{"line":528,"column":19515}},"78":{"start":{"line":536,"column":8},"end":{"line":536,"column":58}},"79":{"start":{"line":540,"column":8},"end":{"line":540,"column":61}},"80":{"start":{"line":544,"column":8},"end":{"line":544,"column":19995}},"81":{"start":{"line":552,"column":6},"end":{"line":552,"column":158}},"82":{"start":{"line":556,"column":6},"end":{"line":556,"column":28}}},"branchMap":{"1":{"line":92,"type":"if","locations":[{"start":{"line":92,"column":6},"end":{"line":92,"column":6}},{"start":{"line":92,"column":6},"end":{"line":92,"column":6}}]},"2":{"line":100,"type":"if","locations":[{"start":{"line":100,"column":6},"end":{"line":100,"column":6}},{"start":{"line":100,"column":6},"end":{"line":100,"column":6}}]},"3":{"line":108,"type":"if","locations":[{"start":{"line":108,"column":6},"end":{"line":108,"column":6}},{"start":{"line":108,"column":6},"end":{"line":108,"column":6}}]},"4":{"line":116,"type":"if","locations":[{"start":{"line":116,"column":6},"end":{"line":116,"column":6}},{"start":{"line":116,"column":6},"end":{"line":116,"column":6}}]},"5":{"line":124,"type":"if","locations":[{"start":{"line":124,"column":6},"end":{"line":124,"column":6}},{"start":{"line":124,"column":6},"end":{"line":124,"column":6}}]},"6":{"line":132,"type":"if","locations":[{"start":{"line":132,"column":6},"end":{"line":132,"column":6}},{"start":{"line":132,"column":6},"end":{"line":132,"column":6}}]},"7":{"line":237,"type":"if","locations":[{"start":{"line":237,"column":8},"end":{"line":237,"column":8}},{"start":{"line":237,"column":8},"end":{"line":237,"column":8}}]},"8":{"line":274,"type":"if","locations":[{"start":{"line":274,"column":6},"end":{"line":274,"column":6}},{"start":{"line":274,"column":6},"end":{"line":274,"column":6}}]},"9":{"line":278,"type":"if","locations":[{"start":{"line":278,"column":6},"end":{"line":278,"column":6}},{"start":{"line":278,"column":6},"end":{"line":278,"column":6}}]},"10":{"line":306,"type":"if","locations":[{"start":{"line":306,"column":6},"end":{"line":306,"column":6}},{"start":{"line":306,"column":6},"end":{"line":306,"column":6}}]},"11":{"line":316,"type":"if","locations":[{"start":{"line":316,"column":6},"end":{"line":316,"column":6}},{"start":{"line":316,"column":6},"end":{"line":316,"column":6}}]},"12":{"line":335,"type":"if","locations":[{"start":{"line":335,"column":8},"end":{"line":335,"column":8}},{"start":{"line":335,"column":8},"end":{"line":335,"column":8}}]},"13":{"line":380,"type":"if","locations":[{"start":{"line":380,"column":6},"end":{"line":380,"column":6}},{"start":{"line":380,"column":6},"end":{"line":380,"column":6}}]},"14":{"line":406,"type":"if","locations":[{"start":{"line":406,"column":8},"end":{"line":406,"column":8}},{"start":{"line":406,"column":8},"end":{"line":406,"column":8}}]},"15":{"line":419,"type":"if","locations":[{"start":{"line":419,"column":6},"end":{"line":419,"column":6}},{"start":{"line":419,"column":6},"end":{"line":419,"column":6}}]},"16":{"line":420,"type":"if","locations":[{"start":{"line":420,"column":6},"end":{"line":420,"column":6}},{"start":{"line":420,"column":6},"end":{"line":420,"column":6}}]},"17":{"line":486,"type":"if","locations":[{"start":{"line":486,"column":6},"end":{"line":486,"column":6}},{"start":{"line":486,"column":6},"end":{"line":486,"column":6}}]},"18":{"line":509,"type":"if","locations":[{"start":{"line":509,"column":8},"end":{"line":509,"column":8}},{"start":{"line":509,"column":8},"end":{"line":509,"column":8}}]},"19":{"line":527,"type":"if","locations":[{"start":{"line":527,"column":8},"end":{"line":527,"column":8}},{"start":{"line":527,"column":8},"end":{"line":527,"column":8}}]},"20":{"line":528,"type":"if","locations":[{"start":{"line":528,"column":12},"end":{"line":528,"column":12}},{"start":{"line":528,"column":12},"end":{"line":528,"column":12}}]},"21":{"line":536,"type":"if","locations":[{"start":{"line":536,"column":8},"end":{"line":536,"column":8}},{"start":{"line":536,"column":8},"end":{"line":536,"column":8}}]},"22":{"line":540,"type":"if","locations":[{"start":{"line":540,"column":8},"end":{"line":540,"column":8}},{"start":{"line":540,"column":8},"end":{"line":540,"column":8}}]},"23":{"line":544,"type":"if","locations":[{"start":{"line":544,"column":8},"end":{"line":544,"column":8}},{"start":{"line":544,"column":8},"end":{"line":544,"column":8}}]},"24":{"line":552,"type":"if","locations":[{"start":{"line":552,"column":6},"end":{"line":552,"column":6}},{"start":{"line":552,"column":6},"end":{"line":552,"column":6}}]}}},"contracts/communities/CommunityFactory.sol":{"l":{"36":3,"47":3,"48":3,"56":3},"path":"/Users/rrecuero/dev/babylon-finance/protocol/contracts/communities/CommunityFactory.sol","s":{"1":3,"2":3,"3":3,"4":3},"b":{},"f":{"1":3,"2":3},"fnMap":{"1":{"name":"constructor","line":35,"loc":{"start":{"line":35,"column":2},"end":{"line":37,"column":2}}},"2":{"name":"createRollingCommunity","line":39,"loc":{"start":{"line":39,"column":2},"end":{"line":57,"column":2}}}},"statementMap":{"1":{"start":{"line":36,"column":4},"end":{"line":36,"column":53}},"2":{"start":{"line":47,"column":6},"end":{"line":47,"column":69}},"3":{"start":{"line":48,"column":6},"end":{"line":48,"column":1397}},"4":{"start":{"line":56,"column":6},"end":{"line":56,"column":18}}},"branchMap":{}},"contracts/communities/IdeaFactory.sol":{"l":{"36":3,"60":1,"61":1,"70":1},"path":"/Users/rrecuero/dev/babylon-finance/protocol/contracts/communities/IdeaFactory.sol","s":{"1":3,"2":1,"3":1,"4":1},"b":{},"f":{"1":3,"2":1},"fnMap":{"1":{"name":"constructor","line":35,"loc":{"start":{"line":35,"column":2},"end":{"line":37,"column":2}}},"2":{"name":"createInvestmentIdea","line":51,"loc":{"start":{"line":51,"column":2},"end":{"line":71,"column":2}}}},"statementMap":{"1":{"start":{"line":36,"column":4},"end":{"line":36,"column":49}},"2":{"start":{"line":60,"column":6},"end":{"line":60,"column":50}},"3":{"start":{"line":61,"column":6},"end":{"line":61,"column":2069}},"4":{"start":{"line":70,"column":6},"end":{"line":70,"column":18}}},"branchMap":{}},"contracts/communities/InvestmentIdea.sol":{"l":{"66":0,"67":0,"71":0,"72":0,"76":0,"80":0,"88":0,"89":0,"96":0,"97":0,"104":0,"105":0,"200":1,"201":1,"202":1,"203":1,"204":1,"205":1,"206":1,"207":1,"209":1,"210":1,"211":1,"212":1,"213":1,"214":1,"215":1,"216":1,"217":1,"218":1,"219":1,"240":0,"241":0,"242":0,"243":0,"244":0,"245":0,"246":0,"247":0,"248":0,"258":0,"259":0,"260":0,"261":0,"263":0,"265":0,"266":0,"267":0,"268":0,"270":0,"271":0,"272":0,"273":0,"275":0,"276":0,"285":0,"286":0,"287":0,"288":0,"290":0,"291":0,"292":0,"293":0,"295":0,"305":0,"306":0,"307":0,"308":0,"309":0,"311":0,"312":0,"313":0,"314":0,"316":0,"317":0,"318":0,"319":0,"321":0,"324":0,"326":0,"327":0,"329":0,"337":0,"338":0,"365":0,"367":0,"368":0,"369":0,"371":0,"373":0,"375":0,"384":0,"388":0,"395":0,"403":18,"414":0,"428":0,"450":0,"451":0,"452":0,"456":0,"457":0,"465":0,"485":0,"488":0,"489":0,"490":0,"491":0,"492":0,"493":0,"494":0,"495":0,"498":0,"519":0,"520":0,"522":0,"523":0,"524":0,"528":0,"529":0,"531":0,"532":0,"534":0,"540":0,"541":0,"546":0,"548":0,"549":0,"554":0,"556":0,"557":0,"562":0,"564":0,"565":0,"566":0,"567":0,"568":0,"575":0,"578":0,"579":0,"580":0,"583":0,"584":0,"585":0,"587":0,"588":0,"589":0,"590":0,"597":0,"600":0,"602":0,"603":0,"610":0,"612":0,"617":0,"618":0,"620":0,"621":0,"628":0,"629":0,"630":0,"631":0,"644":0,"645":0,"646":0,"647":0,"648":0,"649":0,"655":0,"656":0,"659":0,"663":0,"664":0,"665":0,"666":0,"669":0,"676":0,"680":0,"684":0,"688":0,"690":0,"691":0},"path":"/Users/rrecuero/dev/babylon-finance/protocol/contracts/communities/InvestmentIdea.sol","s":{"1":0,"2":0,"3":0,"4":0,"5":0,"6":0,"7":1,"8":1,"9":1,"10":1,"11":1,"12":1,"13":1,"14":1,"15":1,"16":1,"17":1,"18":1,"19":1,"20":1,"21":1,"22":1,"23":1,"24":1,"25":1,"26":0,"27":0,"28":0,"29":0,"30":0,"31":0,"32":0,"33":0,"34":0,"35":0,"36":0,"37":0,"38":0,"39":0,"40":0,"41":0,"42":0,"43":0,"44":0,"45":0,"46":0,"47":0,"48":0,"49":0,"50":0,"51":0,"52":0,"53":0,"54":0,"55":0,"56":0,"57":0,"58":0,"59":0,"60":0,"61":0,"62":0,"63":0,"64":0,"65":0,"66":0,"67":0,"68":0,"69":0,"70":0,"71":0,"72":0,"73":0,"74":0,"75":0,"76":0,"77":0,"78":0,"79":0,"80":0,"81":0,"82":0,"83":0,"84":0,"85":0,"86":0,"87":0,"88":0,"89":18,"90":0,"91":0,"92":0,"93":0,"94":0,"95":0,"96":0,"97":0,"98":0,"99":0,"100":0,"101":0,"102":0,"103":0,"104":0,"105":0,"106":0,"107":0,"108":0,"109":0,"110":0,"111":0,"112":0,"113":0,"114":0,"115":0,"116":0,"117":0,"118":0,"119":0,"120":0,"121":0,"122":0,"123":0,"124":0,"125":0,"126":0,"127":0,"128":0,"129":0,"130":0,"131":0,"132":0,"133":0,"134":0,"135":0,"136":0,"137":0,"138":0,"139":0,"140":0,"141":0,"142":0,"143":0,"144":0,"145":0,"146":0,"147":0,"148":0,"149":0,"150":0,"151":0,"152":0,"153":0,"154":0,"155":0,"156":0,"157":0,"158":0,"159":0,"160":0,"161":0,"162":0,"163":0,"164":0,"165":0,"166":0,"167":0,"168":0,"169":0,"170":0,"171":0,"172":0,"173":0,"174":0,"175":0},"b":{"1":[0,0],"2":[0,0],"3":[0,0],"4":[0,0],"5":[0,0],"6":[0,0],"7":[1,0],"8":[1,0],"9":[1,0],"10":[1,0],"11":[1,0],"12":[1,0],"13":[0,0],"14":[0,0],"15":[0,0],"16":[0,0],"17":[0,0],"18":[0,0],"19":[0,0],"20":[0,0],"21":[0,0],"22":[0,0],"23":[0,0],"24":[0,0],"25":[0,0],"26":[0,0],"27":[0,0],"28":[0,0],"29":[0,0],"30":[0,0],"31":[0,0],"32":[0,0],"33":[0,0],"34":[0,0],"35":[0,0],"36":[0,0],"37":[0,0],"38":[0,0],"39":[0,0],"40":[0,0],"41":[0,0],"42":[0,0],"43":[0,0],"44":[0,0],"45":[0,0],"46":[0,0]},"f":{"1":0,"2":0,"3":0,"4":0,"5":0,"6":0,"7":1,"8":0,"9":0,"10":0,"11":0,"12":0,"13":0,"14":0,"15":0,"16":0,"17":18,"18":0,"19":0,"20":0,"21":0,"22":0,"23":0,"24":0,"25":0,"26":0,"27":0,"28":0,"29":0,"30":0,"31":0,"32":0,"33":0},"fnMap":{"1":{"name":"onlyController","line":65,"loc":{"start":{"line":65,"column":2},"end":{"line":68,"column":2}}},"2":{"name":"onlyIdeator","line":70,"loc":{"start":{"line":70,"column":2},"end":{"line":73,"column":2}}},"3":{"name":"onlyContributor","line":75,"loc":{"start":{"line":75,"column":2},"end":{"line":81,"column":2}}},"4":{"name":"onlyIntegration","line":86,"loc":{"start":{"line":86,"column":2},"end":{"line":90,"column":2}}},"5":{"name":"onlyActiveCommunity","line":95,"loc":{"start":{"line":95,"column":2},"end":{"line":98,"column":2}}},"6":{"name":"onlyKeeper","line":103,"loc":{"start":{"line":103,"column":2},"end":{"line":106,"column":2}}},"7":{"name":"initialize","line":198,"loc":{"start":{"line":190,"column":2},"end":{"line":220,"column":2}}},"8":{"name":"setIntegrationData","line":239,"loc":{"start":{"line":233,"column":2},"end":{"line":249,"column":2}}},"9":{"name":"curateIdea","line":257,"loc":{"start":{"line":257,"column":2},"end":{"line":278,"column":2}}},"10":{"name":"executeInvestment","line":284,"loc":{"start":{"line":284,"column":2},"end":{"line":296,"column":2}}},"11":{"name":"finalizeInvestment","line":304,"loc":{"start":{"line":304,"column":2},"end":{"line":330,"column":2}}},"12":{"name":"changeInvestmentDuration","line":336,"loc":{"start":{"line":336,"column":2},"end":{"line":339,"column":2}}},"13":{"name":"calculateAndEditPosition","line":352,"loc":{"start":{"line":352,"column":2},"end":{"line":376,"column":2}}},"14":{"name":"isIdeaActive","line":383,"loc":{"start":{"line":383,"column":2},"end":{"line":385,"column":2}}},"15":{"name":"isPosition","line":387,"loc":{"start":{"line":387,"column":2},"end":{"line":389,"column":2}}},"16":{"name":"getPositionCount","line":394,"loc":{"start":{"line":394,"column":2},"end":{"line":396,"column":2}}},"17":{"name":"getPositions","line":402,"loc":{"start":{"line":402,"column":2},"end":{"line":404,"column":2}}},"18":{"name":"hasSufficientBalance","line":409,"loc":{"start":{"line":409,"column":2},"end":{"line":415,"column":2}}},"19":{"name":"getPositionBalance","line":423,"loc":{"start":{"line":423,"column":2},"end":{"line":429,"column":2}}},"20":{"name":"_invoke","line":442,"loc":{"start":{"line":442,"column":2},"end":{"line":453,"column":2}}},"21":{"name":"invokeApprove","line":455,"loc":{"start":{"line":455,"column":2},"end":{"line":458,"column":2}}},"22":{"name":"invokeFromIntegration","line":464,"loc":{"start":{"line":460,"column":2},"end":{"line":466,"column":2}}},"23":{"name":"_callIntegration","line":478,"loc":{"start":{"line":478,"column":2},"end":{"line":499,"column":2}}},"24":{"name":"_trade","line":511,"loc":{"start":{"line":511,"column":2},"end":{"line":525,"column":2}}},"25":{"name":"_transferIdeaRewards","line":527,"loc":{"start":{"line":527,"column":2},"end":{"line":604,"column":2}}},"26":{"name":"_addPosition","line":609,"loc":{"start":{"line":609,"column":2},"end":{"line":622,"column":2}}},"27":{"name":"_removePosition","line":627,"loc":{"start":{"line":627,"column":2},"end":{"line":632,"column":2}}},"28":{"name":"_editPositionBalance","line":637,"loc":{"start":{"line":637,"column":1},"end":{"line":660,"column":1}}},"29":{"name":"_getSubpositionIndex","line":662,"loc":{"start":{"line":662,"column":1},"end":{"line":670,"column":2}}},"30":{"name":"_hasPosition","line":675,"loc":{"start":{"line":675,"column":2},"end":{"line":677,"column":2}}},"31":{"name":"_getPositionBalance","line":679,"loc":{"start":{"line":679,"column":2},"end":{"line":681,"column":2}}},"32":{"name":"abs","line":683,"loc":{"start":{"line":683,"column":2},"end":{"line":685,"column":2}}},"33":{"name":"_getPrice","line":687,"loc":{"start":{"line":687,"column":2},"end":{"line":692,"column":2}}}},"statementMap":{"1":{"start":{"line":66,"column":4},"end":{"line":66,"column":80}},"2":{"start":{"line":71,"column":4},"end":{"line":71,"column":65}},"3":{"start":{"line":76,"column":4},"end":{"line":76,"column":2832}},"4":{"start":{"line":88,"column":4},"end":{"line":88,"column":81}},"5":{"start":{"line":96,"column":4},"end":{"line":96,"column":66}},"6":{"start":{"line":104,"column":4},"end":{"line":104,"column":79}},"7":{"start":{"line":200,"column":4},"end":{"line":200,"column":43}},"8":{"start":{"line":201,"column":4},"end":{"line":201,"column":37}},"9":{"start":{"line":202,"column":4},"end":{"line":202,"column":80}},"10":{"start":{"line":203,"column":4},"end":{"line":203,"column":106}},"11":{"start":{"line":204,"column":4},"end":{"line":204,"column":156}},"12":{"start":{"line":205,"column":4},"end":{"line":205,"column":61}},"13":{"start":{"line":206,"column":4},"end":{"line":206,"column":91}},"14":{"start":{"line":207,"column":4},"end":{"line":207,"column":116}},"15":{"start":{"line":209,"column":4},"end":{"line":209,"column":23}},"16":{"start":{"line":210,"column":4},"end":{"line":210,"column":30}},"17":{"start":{"line":211,"column":4},"end":{"line":211,"column":17}},"18":{"start":{"line":212,"column":4},"end":{"line":212,"column":33}},"19":{"start":{"line":213,"column":4},"end":{"line":213,"column":35}},"20":{"start":{"line":214,"column":4},"end":{"line":214,"column":23}},"21":{"start":{"line":215,"column":4},"end":{"line":215,"column":45}},"22":{"start":{"line":216,"column":4},"end":{"line":216,"column":45}},"23":{"start":{"line":217,"column":4},"end":{"line":217,"column":33}},"24":{"start":{"line":218,"column":4},"end":{"line":218,"column":30}},"25":{"start":{"line":219,"column":4},"end":{"line":219,"column":18}},"26":{"start":{"line":240,"column":4},"end":{"line":240,"column":43}},"27":{"start":{"line":241,"column":4},"end":{"line":241,"column":83}},"28":{"start":{"line":242,"column":4},"end":{"line":242,"column":99}},"29":{"start":{"line":243,"column":4},"end":{"line":243,"column":29}},"30":{"start":{"line":244,"column":4},"end":{"line":244,"column":28}},"31":{"start":{"line":245,"column":4},"end":{"line":245,"column":26}},"32":{"start":{"line":246,"column":4},"end":{"line":246,"column":41}},"33":{"start":{"line":247,"column":4},"end":{"line":247,"column":43}},"34":{"start":{"line":248,"column":4},"end":{"line":248,"column":17}},"35":{"start":{"line":258,"column":4},"end":{"line":258,"column":109}},"36":{"start":{"line":259,"column":4},"end":{"line":259,"column":10723}},"37":{"start":{"line":261,"column":6},"end":{"line":261,"column":26}},"38":{"start":{"line":263,"column":6},"end":{"line":263,"column":28}},"39":{"start":{"line":265,"column":4},"end":{"line":265,"column":53}},"40":{"start":{"line":266,"column":4},"end":{"line":266,"column":26}},"41":{"start":{"line":267,"column":4},"end":{"line":267,"column":72}},"42":{"start":{"line":268,"column":4},"end":{"line":268,"column":39}},"43":{"start":{"line":270,"column":4},"end":{"line":270,"column":93}},"44":{"start":{"line":271,"column":4},"end":{"line":271,"column":11195}},"45":{"start":{"line":272,"column":6},"end":{"line":272,"column":18}},"46":{"start":{"line":273,"column":6},"end":{"line":273,"column":40}},"47":{"start":{"line":275,"column":4},"end":{"line":275,"column":11333}},"48":{"start":{"line":276,"column":6},"end":{"line":276,"column":19}},"49":{"start":{"line":285,"column":4},"end":{"line":285,"column":45}},"50":{"start":{"line":286,"column":4},"end":{"line":286,"column":88}},"51":{"start":{"line":287,"column":4},"end":{"line":287,"column":79}},"52":{"start":{"line":288,"column":4},"end":{"line":288,"column":130}},"53":{"start":{"line":290,"column":4},"end":{"line":290,"column":50}},"54":{"start":{"line":291,"column":4},"end":{"line":291,"column":52}},"55":{"start":{"line":292,"column":4},"end":{"line":292,"column":37}},"56":{"start":{"line":293,"column":4},"end":{"line":293,"column":81}},"57":{"start":{"line":295,"column":4},"end":{"line":295,"column":31}},"58":{"start":{"line":305,"column":4},"end":{"line":305,"column":61}},"59":{"start":{"line":306,"column":4},"end":{"line":306,"column":121}},"60":{"start":{"line":307,"column":4},"end":{"line":307,"column":60}},"61":{"start":{"line":308,"column":4},"end":{"line":308,"column":34}},"62":{"start":{"line":309,"column":4},"end":{"line":309,"column":34}},"63":{"start":{"line":311,"column":4},"end":{"line":311,"column":36}},"64":{"start":{"line":312,"column":4},"end":{"line":312,"column":54}},"65":{"start":{"line":313,"column":4},"end":{"line":313,"column":69}},"66":{"start":{"line":314,"column":4},"end":{"line":314,"column":72}},"67":{"start":{"line":316,"column":4},"end":{"line":316,"column":32}},"68":{"start":{"line":317,"column":4},"end":{"line":317,"column":13412}},"69":{"start":{"line":318,"column":6},"end":{"line":318,"column":13474}},"70":{"start":{"line":319,"column":8},"end":{"line":319,"column":78}},"71":{"start":{"line":321,"column":8},"end":{"line":321,"column":151}},"72":{"start":{"line":324,"column":4},"end":{"line":324,"column":90}},"73":{"start":{"line":326,"column":4},"end":{"line":326,"column":19}},"74":{"start":{"line":327,"column":4},"end":{"line":327,"column":29}},"75":{"start":{"line":329,"column":4},"end":{"line":329,"column":40}},"76":{"start":{"line":337,"column":4},"end":{"line":337,"column":60}},"77":{"start":{"line":338,"column":4},"end":{"line":338,"column":26}},"78":{"start":{"line":365,"column":4},"end":{"line":365,"column":73}},"79":{"start":{"line":367,"column":4},"end":{"line":367,"column":51}},"80":{"start":{"line":368,"column":4},"end":{"line":368,"column":15331}},"81":{"start":{"line":369,"column":6},"end":{"line":369,"column":41}},"82":{"start":{"line":370,"column":11},"end":{"line":370,"column":15429}},"83":{"start":{"line":371,"column":6},"end":{"line":371,"column":32}},"84":{"start":{"line":373,"column":4},"end":{"line":373,"column":106}},"85":{"start":{"line":375,"column":4},"end":{"line":375,"column":54}},"86":{"start":{"line":384,"column":4},"end":{"line":384,"column":42}},"87":{"start":{"line":388,"column":4},"end":{"line":388,"column":41}},"88":{"start":{"line":395,"column":6},"end":{"line":395,"column":29}},"89":{"start":{"line":403,"column":6},"end":{"line":403,"column":22}},"90":{"start":{"line":414,"column":4},"end":{"line":414,"column":66}},"91":{"start":{"line":428,"column":4},"end":{"line":428,"column":42}},"92":{"start":{"line":450,"column":6},"end":{"line":450,"column":64}},"93":{"start":{"line":451,"column":6},"end":{"line":451,"column":56}},"94":{"start":{"line":452,"column":6},"end":{"line":452,"column":25}},"95":{"start":{"line":456,"column":4},"end":{"line":456,"column":37}},"96":{"start":{"line":457,"column":4},"end":{"line":457,"column":45}},"97":{"start":{"line":465,"column":4},"end":{"line":465,"column":42}},"98":{"start":{"line":485,"column":4},"end":{"line":485,"column":62}},"99":{"start":{"line":488,"column":4},"end":{"line":488,"column":19293}},"100":{"start":{"line":489,"column":6},"end":{"line":489,"column":19351}},"101":{"start":{"line":490,"column":8},"end":{"line":490,"column":89}},"102":{"start":{"line":491,"column":8},"end":{"line":491,"column":35}},"103":{"start":{"line":492,"column":8},"end":{"line":492,"column":79}},"104":{"start":{"line":493,"column":8},"end":{"line":493,"column":99}},"105":{"start":{"line":494,"column":8},"end":{"line":494,"column":142}},"106":{"start":{"line":495,"column":8},"end":{"line":495,"column":128}},"107":{"start":{"line":498,"column":4},"end":{"line":498,"column":47}},"108":{"start":{"line":519,"column":4},"end":{"line":519,"column":96}},"109":{"start":{"line":520,"column":4},"end":{"line":520,"column":86}},"110":{"start":{"line":522,"column":4},"end":{"line":522,"column":83}},"111":{"start":{"line":523,"column":4},"end":{"line":523,"column":51}},"112":{"start":{"line":524,"column":4},"end":{"line":524,"column":122}},"113":{"start":{"line":528,"column":4},"end":{"line":528,"column":54}},"114":{"start":{"line":529,"column":4},"end":{"line":529,"column":32}},"115":{"start":{"line":531,"column":4},"end":{"line":531,"column":21476}},"116":{"start":{"line":532,"column":6},"end":{"line":532,"column":58}},"117":{"start":{"line":534,"column":6},"end":{"line":534,"column":21685}},"118":{"start":{"line":540,"column":6},"end":{"line":540,"column":90}},"119":{"start":{"line":541,"column":6},"end":{"line":541,"column":21969}},"120":{"start":{"line":546,"column":6},"end":{"line":546,"column":51}},"121":{"start":{"line":548,"column":6},"end":{"line":548,"column":95}},"122":{"start":{"line":549,"column":6},"end":{"line":549,"column":22330}},"123":{"start":{"line":554,"column":6},"end":{"line":554,"column":51}},"124":{"start":{"line":556,"column":6},"end":{"line":556,"column":106}},"125":{"start":{"line":557,"column":6},"end":{"line":557,"column":22709}},"126":{"start":{"line":562,"column":6},"end":{"line":562,"column":52}},"127":{"start":{"line":564,"column":6},"end":{"line":564,"column":88}},"128":{"start":{"line":565,"column":6},"end":{"line":565,"column":23070}},"129":{"start":{"line":566,"column":8},"end":{"line":566,"column":45}},"130":{"start":{"line":567,"column":8},"end":{"line":567,"column":23173}},"131":{"start":{"line":568,"column":10},"end":{"line":568,"column":23234}},"132":{"start":{"line":575,"column":6},"end":{"line":575,"column":50}},"133":{"start":{"line":578,"column":6},"end":{"line":578,"column":34}},"134":{"start":{"line":579,"column":6},"end":{"line":579,"column":23580}},"135":{"start":{"line":580,"column":8},"end":{"line":580,"column":70}},"136":{"start":{"line":583,"column":6},"end":{"line":583,"column":59}},"137":{"start":{"line":584,"column":6},"end":{"line":584,"column":51}},"138":{"start":{"line":585,"column":6},"end":{"line":585,"column":93}},"139":{"start":{"line":587,"column":6},"end":{"line":587,"column":24057}},"140":{"start":{"line":588,"column":8},"end":{"line":588,"column":45}},"141":{"start":{"line":589,"column":8},"end":{"line":589,"column":24160}},"142":{"start":{"line":590,"column":10},"end":{"line":590,"column":24221}},"143":{"start":{"line":597,"column":6},"end":{"line":597,"column":49}},"144":{"start":{"line":600,"column":4},"end":{"line":600,"column":51}},"145":{"start":{"line":602,"column":4},"end":{"line":602,"column":99}},"146":{"start":{"line":603,"column":4},"end":{"line":603,"column":44}},"147":{"start":{"line":610,"column":4},"end":{"line":610,"column":64}},"148":{"start":{"line":612,"column":4},"end":{"line":612,"column":25071}},"149":{"start":{"line":618,"column":4},"end":{"line":618,"column":39}},"150":{"start":{"line":620,"column":4},"end":{"line":620,"column":29}},"151":{"start":{"line":621,"column":4},"end":{"line":621,"column":34}},"152":{"start":{"line":628,"column":4},"end":{"line":628,"column":64}},"153":{"start":{"line":629,"column":4},"end":{"line":629,"column":43}},"154":{"start":{"line":630,"column":4},"end":{"line":630,"column":38}},"155":{"start":{"line":631,"column":4},"end":{"line":631,"column":36}},"156":{"start":{"line":644,"column":2},"end":{"line":644,"column":62}},"157":{"start":{"line":645,"column":2},"end":{"line":645,"column":27}},"158":{"start":{"line":646,"column":2},"end":{"line":646,"column":41}},"159":{"start":{"line":647,"column":2},"end":{"line":647,"column":74}},"160":{"start":{"line":648,"column":2},"end":{"line":648,"column":26175}},"161":{"start":{"line":649,"column":3},"end":{"line":649,"column":26211}},"162":{"start":{"line":655,"column":3},"end":{"line":655,"column":77}},"163":{"start":{"line":656,"column":3},"end":{"line":656,"column":81}},"164":{"start":{"line":659,"column":2},"end":{"line":659,"column":49}},"165":{"start":{"line":663,"column":4},"end":{"line":663,"column":64}},"166":{"start":{"line":664,"column":4},"end":{"line":664,"column":26763}},"167":{"start":{"line":665,"column":6},"end":{"line":665,"column":26828}},"168":{"start":{"line":666,"column":8},"end":{"line":666,"column":16}},"169":{"start":{"line":669,"column":4},"end":{"line":669,"column":13}},"170":{"start":{"line":676,"column":6},"end":{"line":676,"column":48}},"171":{"start":{"line":680,"column":4},"end":{"line":680,"column":51}},"172":{"start":{"line":684,"column":4},"end":{"line":684,"column":26}},"173":{"start":{"line":688,"column":4},"end":{"line":688,"column":83}},"174":{"start":{"line":690,"column":4},"end":{"line":690,"column":46}},"175":{"start":{"line":691,"column":4},"end":{"line":691,"column":48}}},"branchMap":{"1":{"line":66,"type":"if","locations":[{"start":{"line":66,"column":4},"end":{"line":66,"column":4}},{"start":{"line":66,"column":4},"end":{"line":66,"column":4}}]},"2":{"line":71,"type":"if","locations":[{"start":{"line":71,"column":4},"end":{"line":71,"column":4}},{"start":{"line":71,"column":4},"end":{"line":71,"column":4}}]},"3":{"line":76,"type":"if","locations":[{"start":{"line":76,"column":4},"end":{"line":76,"column":4}},{"start":{"line":76,"column":4},"end":{"line":76,"column":4}}]},"4":{"line":88,"type":"if","locations":[{"start":{"line":88,"column":4},"end":{"line":88,"column":4}},{"start":{"line":88,"column":4},"end":{"line":88,"column":4}}]},"5":{"line":96,"type":"if","locations":[{"start":{"line":96,"column":4},"end":{"line":96,"column":4}},{"start":{"line":96,"column":4},"end":{"line":96,"column":4}}]},"6":{"line":104,"type":"if","locations":[{"start":{"line":104,"column":4},"end":{"line":104,"column":4}},{"start":{"line":104,"column":4},"end":{"line":104,"column":4}}]},"7":{"line":202,"type":"if","locations":[{"start":{"line":202,"column":4},"end":{"line":202,"column":4}},{"start":{"line":202,"column":4},"end":{"line":202,"column":4}}]},"8":{"line":203,"type":"if","locations":[{"start":{"line":203,"column":4},"end":{"line":203,"column":4}},{"start":{"line":203,"column":4},"end":{"line":203,"column":4}}]},"9":{"line":204,"type":"if","locations":[{"start":{"line":204,"column":4},"end":{"line":204,"column":4}},{"start":{"line":204,"column":4},"end":{"line":204,"column":4}}]},"10":{"line":205,"type":"if","locations":[{"start":{"line":205,"column":4},"end":{"line":205,"column":4}},{"start":{"line":205,"column":4},"end":{"line":205,"column":4}}]},"11":{"line":206,"type":"if","locations":[{"start":{"line":206,"column":4},"end":{"line":206,"column":4}},{"start":{"line":206,"column":4},"end":{"line":206,"column":4}}]},"12":{"line":207,"type":"if","locations":[{"start":{"line":207,"column":4},"end":{"line":207,"column":4}},{"start":{"line":207,"column":4},"end":{"line":207,"column":4}}]},"13":{"line":240,"type":"if","locations":[{"start":{"line":240,"column":4},"end":{"line":240,"column":4}},{"start":{"line":240,"column":4},"end":{"line":240,"column":4}}]},"14":{"line":241,"type":"if","locations":[{"start":{"line":241,"column":4},"end":{"line":241,"column":4}},{"start":{"line":241,"column":4},"end":{"line":241,"column":4}}]},"15":{"line":242,"type":"if","locations":[{"start":{"line":242,"column":4},"end":{"line":242,"column":4}},{"start":{"line":242,"column":4},"end":{"line":242,"column":4}}]},"16":{"line":258,"type":"if","locations":[{"start":{"line":258,"column":4},"end":{"line":258,"column":4}},{"start":{"line":258,"column":4},"end":{"line":258,"column":4}}]},"17":{"line":259,"type":"if","locations":[{"start":{"line":259,"column":4},"end":{"line":259,"column":4}},{"start":{"line":259,"column":4},"end":{"line":259,"column":4}}]},"18":{"line":271,"type":"if","locations":[{"start":{"line":271,"column":4},"end":{"line":271,"column":4}},{"start":{"line":271,"column":4},"end":{"line":271,"column":4}}]},"19":{"line":275,"type":"if","locations":[{"start":{"line":275,"column":4},"end":{"line":275,"column":4}},{"start":{"line":275,"column":4},"end":{"line":275,"column":4}}]},"20":{"line":285,"type":"if","locations":[{"start":{"line":285,"column":4},"end":{"line":285,"column":4}},{"start":{"line":285,"column":4},"end":{"line":285,"column":4}}]},"21":{"line":286,"type":"if","locations":[{"start":{"line":286,"column":4},"end":{"line":286,"column":4}},{"start":{"line":286,"column":4},"end":{"line":286,"column":4}}]},"22":{"line":287,"type":"if","locations":[{"start":{"line":287,"column":4},"end":{"line":287,"column":4}},{"start":{"line":287,"column":4},"end":{"line":287,"column":4}}]},"23":{"line":288,"type":"if","locations":[{"start":{"line":288,"column":4},"end":{"line":288,"column":4}},{"start":{"line":288,"column":4},"end":{"line":288,"column":4}}]},"24":{"line":305,"type":"if","locations":[{"start":{"line":305,"column":4},"end":{"line":305,"column":4}},{"start":{"line":305,"column":4},"end":{"line":305,"column":4}}]},"25":{"line":306,"type":"if","locations":[{"start":{"line":306,"column":4},"end":{"line":306,"column":4}},{"start":{"line":306,"column":4},"end":{"line":306,"column":4}}]},"26":{"line":307,"type":"if","locations":[{"start":{"line":307,"column":4},"end":{"line":307,"column":4}},{"start":{"line":307,"column":4},"end":{"line":307,"column":4}}]},"27":{"line":318,"type":"if","locations":[{"start":{"line":318,"column":6},"end":{"line":318,"column":6}},{"start":{"line":318,"column":6},"end":{"line":318,"column":6}}]},"28":{"line":337,"type":"if","locations":[{"start":{"line":337,"column":4},"end":{"line":337,"column":4}},{"start":{"line":337,"column":4},"end":{"line":337,"column":4}}]},"29":{"line":368,"type":"if","locations":[{"start":{"line":368,"column":4},"end":{"line":368,"column":4}},{"start":{"line":368,"column":4},"end":{"line":368,"column":4}}]},"30":{"line":370,"type":"if","locations":[{"start":{"line":370,"column":11},"end":{"line":370,"column":11}},{"start":{"line":370,"column":11},"end":{"line":370,"column":11}}]},"31":{"line":485,"type":"if","locations":[{"start":{"line":485,"column":4},"end":{"line":485,"column":4}},{"start":{"line":485,"column":4},"end":{"line":485,"column":4}}]},"32":{"line":489,"type":"if","locations":[{"start":{"line":489,"column":6},"end":{"line":489,"column":6}},{"start":{"line":489,"column":6},"end":{"line":489,"column":6}}]},"33":{"line":494,"type":"if","locations":[{"start":{"line":494,"column":8},"end":{"line":494,"column":8}},{"start":{"line":494,"column":8},"end":{"line":494,"column":8}}]},"34":{"line":520,"type":"if","locations":[{"start":{"line":520,"column":4},"end":{"line":520,"column":4}},{"start":{"line":520,"column":4},"end":{"line":520,"column":4}}]},"35":{"line":531,"type":"if","locations":[{"start":{"line":531,"column":4},"end":{"line":531,"column":4}},{"start":{"line":531,"column":4},"end":{"line":531,"column":4}}]},"36":{"line":534,"type":"if","locations":[{"start":{"line":534,"column":6},"end":{"line":534,"column":6}},{"start":{"line":534,"column":6},"end":{"line":534,"column":6}}]},"37":{"line":541,"type":"if","locations":[{"start":{"line":541,"column":6},"end":{"line":541,"column":6}},{"start":{"line":541,"column":6},"end":{"line":541,"column":6}}]},"38":{"line":549,"type":"if","locations":[{"start":{"line":549,"column":6},"end":{"line":549,"column":6}},{"start":{"line":549,"column":6},"end":{"line":549,"column":6}}]},"39":{"line":557,"type":"if","locations":[{"start":{"line":557,"column":6},"end":{"line":557,"column":6}},{"start":{"line":557,"column":6},"end":{"line":557,"column":6}}]},"40":{"line":567,"type":"if","locations":[{"start":{"line":567,"column":8},"end":{"line":567,"column":8}},{"start":{"line":567,"column":8},"end":{"line":567,"column":8}}]},"41":{"line":568,"type":"if","locations":[{"start":{"line":568,"column":10},"end":{"line":568,"column":10}},{"start":{"line":568,"column":10},"end":{"line":568,"column":10}}]},"42":{"line":579,"type":"if","locations":[{"start":{"line":579,"column":6},"end":{"line":579,"column":6}},{"start":{"line":579,"column":6},"end":{"line":579,"column":6}}]},"43":{"line":589,"type":"if","locations":[{"start":{"line":589,"column":8},"end":{"line":589,"column":8}},{"start":{"line":589,"column":8},"end":{"line":589,"column":8}}]},"44":{"line":590,"type":"if","locations":[{"start":{"line":590,"column":10},"end":{"line":590,"column":10}},{"start":{"line":590,"column":10},"end":{"line":590,"column":10}}]},"45":{"line":648,"type":"if","locations":[{"start":{"line":648,"column":2},"end":{"line":648,"column":2}},{"start":{"line":648,"column":2},"end":{"line":648,"column":2}}]},"46":{"line":665,"type":"if","locations":[{"start":{"line":665,"column":6},"end":{"line":665,"column":6}},{"start":{"line":665,"column":6},"end":{"line":665,"column":6}}]}}},"contracts/communities/RollingCommunity.sol":{"l":{"96":3,"105":3,"106":3,"107":3,"143":1,"145":1,"146":1,"147":1,"151":1,"154":1,"155":1,"156":1,"158":1,"159":1,"160":1,"161":1,"162":1,"163":1,"164":1,"165":1,"177":1,"179":1,"180":1,"181":1,"183":1,"185":1,"201":15,"206":15,"207":15,"209":15,"211":15,"213":15,"215":15,"217":15,"220":15,"223":15,"226":15,"227":15,"228":15,"230":15,"249":5,"254":2,"256":2,"257":2,"260":2,"262":2,"268":2,"270":2,"275":2,"277":2,"278":2,"280":0,"281":0,"284":2,"285":2,"288":2,"290":2,"291":2,"312":0,"317":0,"319":0,"320":0,"322":0,"325":0,"327":0,"328":0,"334":0,"336":0,"341":0,"343":0,"345":0,"347":0,"357":0,"363":0,"364":0,"365":0,"366":0,"368":0,"378":0,"379":0,"387":17,"389":0,"399":0,"400":0,"401":0,"402":0,"413":2,"414":2,"415":2,"421":0,"422":0,"437":0,"440":0,"442":0,"457":0,"475":0,"477":0,"482":0,"484":0,"490":0,"493":0,"505":17,"506":17,"518":15,"523":15,"536":2,"541":2,"551":15,"552":15,"553":15,"555":15,"560":15,"567":15,"572":15,"574":15,"581":2,"583":2,"585":2,"590":2,"595":2,"597":2,"600":2,"603":2,"608":2,"611":2,"635":17,"642":17,"645":17,"648":17,"658":15,"660":15,"661":15,"662":15,"664":15,"668":15,"673":15,"677":15,"686":2,"690":2,"693":2,"694":2,"699":2,"706":16,"708":16,"709":15,"711":16,"713":16,"714":16,"715":16,"716":16,"720":16},"path":"/Users/rrecuero/dev/babylon-finance/protocol/contracts/communities/RollingCommunity.sol","s":{"1":3,"2":3,"3":3,"4":3,"5":1,"6":1,"7":1,"8":1,"9":1,"10":1,"11":1,"12":1,"13":1,"14":1,"15":1,"16":1,"17":1,"18":1,"19":1,"20":1,"21":1,"22":1,"23":1,"24":1,"25":1,"26":1,"27":15,"28":15,"29":15,"30":15,"31":15,"32":15,"33":15,"34":15,"35":15,"36":15,"37":15,"38":15,"39":15,"40":15,"41":5,"42":2,"43":2,"44":2,"45":2,"46":2,"47":2,"48":2,"49":2,"50":2,"51":2,"52":0,"53":0,"54":2,"55":2,"56":2,"57":2,"58":2,"59":0,"60":0,"61":0,"62":0,"63":0,"64":0,"65":0,"66":0,"67":0,"68":0,"69":0,"70":0,"71":0,"72":0,"73":0,"74":0,"75":0,"76":0,"77":0,"78":0,"79":0,"80":0,"81":17,"82":0,"83":0,"84":0,"85":0,"86":0,"87":2,"88":2,"89":2,"90":0,"91":0,"92":0,"93":0,"94":0,"95":0,"96":0,"97":0,"98":0,"99":0,"100":0,"101":0,"102":17,"103":17,"104":15,"105":15,"106":2,"107":2,"108":15,"109":15,"110":15,"111":15,"112":15,"113":15,"114":15,"115":15,"116":2,"117":2,"118":2,"119":2,"120":2,"121":2,"122":2,"123":2,"124":2,"125":2,"126":17,"127":17,"128":17,"129":17,"130":15,"131":15,"132":15,"133":15,"134":15,"135":15,"136":15,"137":15,"138":2,"139":2,"140":2,"141":2,"142":2,"143":16,"144":16,"145":15,"146":16,"147":16,"148":16,"149":16,"150":16,"151":16},"b":{"1":[1,0],"2":[1,0],"3":[1,0],"4":[1,0],"5":[1,0],"6":[1,0],"7":[1,0],"8":[15,0],"9":[15,0],"10":[15,0],"11":[15,0],"12":[2,3],"13":[2,0],"14":[2,0],"15":[0,2],"16":[0,0],"17":[0,0],"18":[0,0],"19":[0,0],"20":[0,0],"21":[0,0],"22":[0,0],"23":[0,17],"24":[0,0],"25":[0,0],"26":[17,0],"27":[17,0],"28":[15,0],"29":[15,0],"30":[2,0],"31":[2,0],"32":[2,0],"33":[15,1]},"f":{"1":3,"2":1,"3":15,"4":5,"5":0,"6":0,"7":0,"8":0,"9":17,"10":0,"11":2,"12":0,"13":0,"14":0,"15":0,"16":17,"17":15,"18":2,"19":15,"20":2,"21":17,"22":15,"23":2,"24":16},"fnMap":{"1":{"name":"initialize","line":87,"loc":{"start":{"line":87,"column":4},"end":{"line":108,"column":4}}},"2":{"name":"start","line":142,"loc":{"start":{"line":129,"column":4},"end":{"line":186,"column":4}}},"3":{"name":"deposit","line":200,"loc":{"start":{"line":196,"column":4},"end":{"line":235,"column":4}}},"4":{"name":"withdraw","line":248,"loc":{"start":{"line":244,"column":4},"end":{"line":297,"column":4}}},"5":{"name":"withdrawToReservePool","line":311,"loc":{"start":{"line":307,"column":4},"end":{"line":353,"column":4}}},"6":{"name":"setDepositLimit","line":356,"loc":{"start":{"line":356,"column":4},"end":{"line":358,"column":4}}},"7":{"name":"sweep","line":362,"loc":{"start":{"line":362,"column":4},"end":{"line":369,"column":4}}},"8":{"name":"startRedemptionWindow","line":377,"loc":{"start":{"line":377,"column":4},"end":{"line":380,"column":4}}},"9":{"name":"reenableEthForInvestments","line":386,"loc":{"start":{"line":386,"column":4},"end":{"line":391,"column":4}}},"10":{"name":"burnAssetsFromSenderAndMintToReserve","line":398,"loc":{"start":{"line":398,"column":4},"end":{"line":403,"column":4}}},"11":{"name":"canWithdrawEthAmount","line":412,"loc":{"start":{"line":412,"column":4},"end":{"line":418,"column":4}}},"12":{"name":"getContributor","line":420,"loc":{"start":{"line":420,"column":4},"end":{"line":423,"column":4}}},"13":{"name":"getExpectedReserveWithdrawalQuantity","line":433,"loc":{"start":{"line":433,"column":4},"end":{"line":443,"column":4}}},"14":{"name":"isDepositValid","line":453,"loc":{"start":{"line":453,"column":4},"end":{"line":461,"column":4}}},"15":{"name":"isWithdrawalValid","line":471,"loc":{"start":{"line":471,"column":4},"end":{"line":495,"column":4}}},"16":{"name":"_validateReserveAsset","line":501,"loc":{"start":{"line":501,"column":4},"end":{"line":510,"column":4}}},"17":{"name":"_validateIssuanceInfo","line":512,"loc":{"start":{"line":512,"column":4},"end":{"line":527,"column":4}}},"18":{"name":"_validateRedemptionInfo","line":529,"loc":{"start":{"line":529,"column":4},"end":{"line":545,"column":4}}},"19":{"name":"_createIssuanceInfo","line":547,"loc":{"start":{"line":547,"column":4},"end":{"line":575,"column":4}}},"20":{"name":"_createRedemptionInfo","line":577,"loc":{"start":{"line":577,"column":4},"end":{"line":612,"column":4}}},"21":{"name":"_getFees","line":626,"loc":{"start":{"line":626,"column":4},"end":{"line":649,"column":4}}},"22":{"name":"_getCommunityTokenMintQuantity","line":651,"loc":{"start":{"line":651,"column":4},"end":{"line":678,"column":4}}},"23":{"name":"_getWithdrawalReserveQuantity","line":680,"loc":{"start":{"line":680,"column":4},"end":{"line":700,"column":4}}},"24":{"name":"_updateContributorInfo","line":705,"loc":{"start":{"line":705,"column":4},"end":{"line":726,"column":4}}}},"statementMap":{"1":{"start":{"line":96,"column":6},"end":{"line":96,"column":4312}},"2":{"start":{"line":105,"column":6},"end":{"line":105,"column":26}},"3":{"start":{"line":106,"column":6},"end":{"line":106,"column":28}},"4":{"start":{"line":107,"column":6},"end":{"line":107,"column":19}},"5":{"start":{"line":143,"column":8},"end":{"line":143,"column":104}},"6":{"start":{"line":145,"column":8},"end":{"line":145,"column":72}},"7":{"start":{"line":146,"column":8},"end":{"line":146,"column":64}},"8":{"start":{"line":147,"column":8},"end":{"line":147,"column":6792}},"9":{"start":{"line":151,"column":8},"end":{"line":151,"column":6960}},"10":{"start":{"line":154,"column":8},"end":{"line":154,"column":48}},"11":{"start":{"line":155,"column":8},"end":{"line":155,"column":72}},"12":{"start":{"line":156,"column":8},"end":{"line":156,"column":7248}},"13":{"start":{"line":158,"column":8},"end":{"line":158,"column":110}},"14":{"start":{"line":159,"column":8},"end":{"line":159,"column":57}},"15":{"start":{"line":160,"column":8},"end":{"line":160,"column":41}},"16":{"start":{"line":161,"column":8},"end":{"line":161,"column":47}},"17":{"start":{"line":162,"column":8},"end":{"line":162,"column":45}},"18":{"start":{"line":163,"column":8},"end":{"line":163,"column":41}},"19":{"start":{"line":164,"column":8},"end":{"line":164,"column":56}},"20":{"start":{"line":165,"column":8},"end":{"line":165,"column":7755}},"21":{"start":{"line":177,"column":8},"end":{"line":177,"column":57}},"22":{"start":{"line":179,"column":8},"end":{"line":179,"column":36}},"23":{"start":{"line":180,"column":8},"end":{"line":180,"column":66}},"24":{"start":{"line":181,"column":8},"end":{"line":181,"column":50}},"25":{"start":{"line":183,"column":8},"end":{"line":183,"column":78}},"26":{"start":{"line":185,"column":8},"end":{"line":185,"column":20}},"27":{"start":{"line":201,"column":8},"end":{"line":201,"column":9023}},"28":{"start":{"line":206,"column":8},"end":{"line":206,"column":9191}},"29":{"start":{"line":207,"column":10},"end":{"line":207,"column":92}},"30":{"start":{"line":209,"column":8},"end":{"line":209,"column":72}},"31":{"start":{"line":211,"column":8},"end":{"line":211,"column":46}},"32":{"start":{"line":213,"column":8},"end":{"line":213,"column":34}},"33":{"start":{"line":215,"column":8},"end":{"line":215,"column":65}},"34":{"start":{"line":217,"column":8},"end":{"line":217,"column":9704}},"35":{"start":{"line":220,"column":8},"end":{"line":220,"column":76}},"36":{"start":{"line":223,"column":8},"end":{"line":223,"column":74}},"37":{"start":{"line":226,"column":8},"end":{"line":226,"column":53}},"38":{"start":{"line":227,"column":8},"end":{"line":227,"column":76}},"39":{"start":{"line":228,"column":8},"end":{"line":228,"column":67}},"40":{"start":{"line":230,"column":8},"end":{"line":230,"column":10193}},"41":{"start":{"line":249,"column":8},"end":{"line":249,"column":10940}},"42":{"start":{"line":254,"column":8},"end":{"line":254,"column":119}},"43":{"start":{"line":256,"column":8},"end":{"line":256,"column":34}},"44":{"start":{"line":257,"column":8},"end":{"line":257,"column":11392}},"45":{"start":{"line":260,"column":8},"end":{"line":260,"column":74}},"46":{"start":{"line":262,"column":8},"end":{"line":262,"column":11524}},"47":{"start":{"line":268,"column":8},"end":{"line":268,"column":49}},"48":{"start":{"line":270,"column":8},"end":{"line":270,"column":11727}},"49":{"start":{"line":275,"column":8},"end":{"line":275,"column":99}},"50":{"start":{"line":277,"column":8},"end":{"line":277,"column":104}},"51":{"start":{"line":278,"column":8},"end":{"line":278,"column":12118}},"52":{"start":{"line":280,"column":10},"end":{"line":280,"column":76}},"53":{"start":{"line":281,"column":10},"end":{"line":281,"column":46}},"54":{"start":{"line":284,"column":10},"end":{"line":284,"column":61}},"55":{"start":{"line":285,"column":10},"end":{"line":285,"column":53}},"56":{"start":{"line":288,"column":8},"end":{"line":288,"column":77}},"57":{"start":{"line":290,"column":8},"end":{"line":290,"column":70}},"58":{"start":{"line":291,"column":8},"end":{"line":291,"column":12679}},"59":{"start":{"line":312,"column":6},"end":{"line":312,"column":13459}},"60":{"start":{"line":317,"column":6},"end":{"line":317,"column":117}},"61":{"start":{"line":319,"column":6},"end":{"line":319,"column":90}},"62":{"start":{"line":320,"column":6},"end":{"line":320,"column":118}},"63":{"start":{"line":322,"column":6},"end":{"line":322,"column":14025}},"64":{"start":{"line":325,"column":6},"end":{"line":325,"column":72}},"65":{"start":{"line":327,"column":6},"end":{"line":327,"column":103}},"66":{"start":{"line":328,"column":6},"end":{"line":328,"column":14327}},"67":{"start":{"line":334,"column":6},"end":{"line":334,"column":115}},"68":{"start":{"line":336,"column":6},"end":{"line":336,"column":14586}},"69":{"start":{"line":341,"column":6},"end":{"line":341,"column":97}},"70":{"start":{"line":343,"column":6},"end":{"line":343,"column":75}},"71":{"start":{"line":345,"column":6},"end":{"line":345,"column":68}},"72":{"start":{"line":347,"column":6},"end":{"line":347,"column":14963}},"73":{"start":{"line":357,"column":6},"end":{"line":357,"column":28}},"74":{"start":{"line":363,"column":7},"end":{"line":363,"column":71}},"75":{"start":{"line":364,"column":7},"end":{"line":364,"column":63}},"76":{"start":{"line":365,"column":7},"end":{"line":365,"column":47}},"77":{"start":{"line":366,"column":7},"end":{"line":366,"column":35}},"78":{"start":{"line":368,"column":7},"end":{"line":368,"column":73}},"79":{"start":{"line":378,"column":6},"end":{"line":378,"column":89}},"80":{"start":{"line":379,"column":6},"end":{"line":379,"column":34}},"81":{"start":{"line":387,"column":6},"end":{"line":387,"column":16510}},"82":{"start":{"line":389,"column":8},"end":{"line":389,"column":58}},"83":{"start":{"line":399,"column":6},"end":{"line":399,"column":71}},"84":{"start":{"line":400,"column":6},"end":{"line":400,"column":74}},"85":{"start":{"line":401,"column":6},"end":{"line":401,"column":35}},"86":{"start":{"line":402,"column":6},"end":{"line":402,"column":34}},"87":{"start":{"line":413,"column":6},"end":{"line":413,"column":53}},"88":{"start":{"line":414,"column":6},"end":{"line":414,"column":71}},"89":{"start":{"line":415,"column":6},"end":{"line":415,"column":17752}},"90":{"start":{"line":421,"column":8},"end":{"line":421,"column":67}},"91":{"start":{"line":422,"column":8},"end":{"line":422,"column":92}},"92":{"start":{"line":437,"column":8},"end":{"line":437,"column":18714}},"93":{"start":{"line":440,"column":8},"end":{"line":440,"column":101}},"94":{"start":{"line":442,"column":8},"end":{"line":442,"column":30}},"95":{"start":{"line":457,"column":8},"end":{"line":457,"column":19391}},"96":{"start":{"line":475,"column":8},"end":{"line":475,"column":46}},"97":{"start":{"line":477,"column":8},"end":{"line":477,"column":20044}},"98":{"start":{"line":482,"column":12},"end":{"line":482,"column":24}},"99":{"start":{"line":484,"column":12},"end":{"line":484,"column":20329}},"100":{"start":{"line":490,"column":12},"end":{"line":490,"column":20579}},"101":{"start":{"line":493,"column":12},"end":{"line":493,"column":63}},"102":{"start":{"line":505,"column":8},"end":{"line":505,"column":45}},"103":{"start":{"line":506,"column":8},"end":{"line":506,"column":21003}},"104":{"start":{"line":518,"column":8},"end":{"line":518,"column":21482}},"105":{"start":{"line":523,"column":8},"end":{"line":523,"column":21634}},"106":{"start":{"line":536,"column":8},"end":{"line":536,"column":22181}},"107":{"start":{"line":541,"column":8},"end":{"line":541,"column":22334}},"108":{"start":{"line":551,"column":8},"end":{"line":551,"column":37}},"109":{"start":{"line":552,"column":8},"end":{"line":552,"column":63}},"110":{"start":{"line":553,"column":8},"end":{"line":553,"column":64}},"111":{"start":{"line":555,"column":8},"end":{"line":555,"column":22866}},"112":{"start":{"line":560,"column":8},"end":{"line":560,"column":22966}},"113":{"start":{"line":567,"column":8},"end":{"line":567,"column":23308}},"114":{"start":{"line":572,"column":8},"end":{"line":572,"column":94}},"115":{"start":{"line":574,"column":8},"end":{"line":574,"column":26}},"116":{"start":{"line":581,"column":8},"end":{"line":581,"column":40}},"117":{"start":{"line":583,"column":8},"end":{"line":583,"column":70}},"118":{"start":{"line":585,"column":8},"end":{"line":585,"column":23880}},"119":{"start":{"line":590,"column":8},"end":{"line":590,"column":24114}},"120":{"start":{"line":595,"column":8},"end":{"line":595,"column":66}},"121":{"start":{"line":597,"column":8},"end":{"line":597,"column":24365}},"122":{"start":{"line":600,"column":8},"end":{"line":600,"column":89}},"123":{"start":{"line":603,"column":8},"end":{"line":603,"column
[...]
ne":138,"column":69}},"23":{"start":{"line":139,"column":6},"end":{"line":139,"column":94}},"24":{"start":{"line":141,"column":6},"end":{"line":141,"column":104}},"25":{"start":{"line":143,"column":6},"end":{"line":143,"column":108}},"26":{"start":{"line":144,"column":6},"end":{"line":144,"column":72}},"27":{"start":{"line":146,"column":6},"end":{"line":146,"column":6609}},"28":{"start":{"line":147,"column":8},"end":{"line":147,"column":105}},"29":{"start":{"line":149,"column":8},"end":{"line":149,"column":105}},"30":{"start":{"line":162,"column":6},"end":{"line":162,"column":7327}},"31":{"start":{"line":165,"column":6},"end":{"line":165,"column":48}},"32":{"start":{"line":166,"column":6},"end":{"line":166,"column":40}},"33":{"start":{"line":171,"column":6},"end":{"line":171,"column":66}},"34":{"start":{"line":173,"column":6},"end":{"line":173,"column":72}},"35":{"start":{"line":174,"column":6},"end":{"line":174,"column":69}}},"branchMap":{"1":{"line":89,"type":"if","locations":[{"start":{"line":89,"column":6},"end":{"line":89,"column":6}},{"start":{"line":89,"column":6},"end":{"line":89,"column":6}}]},"2":{"line":90,"type":"if","locations":[{"start":{"line":90,"column":6},"end":{"line":90,"column":6}},{"start":{"line":90,"column":6},"end":{"line":90,"column":6}}]},"3":{"line":123,"type":"if","locations":[{"start":{"line":123,"column":6},"end":{"line":123,"column":6}},{"start":{"line":123,"column":6},"end":{"line":123,"column":6}}]},"4":{"line":139,"type":"if","locations":[{"start":{"line":139,"column":6},"end":{"line":139,"column":6}},{"start":{"line":139,"column":6},"end":{"line":139,"column":6}}]},"5":{"line":141,"type":"if","locations":[{"start":{"line":141,"column":6},"end":{"line":141,"column":6}},{"start":{"line":141,"column":6},"end":{"line":141,"column":6}}]},"6":{"line":146,"type":"if","locations":[{"start":{"line":146,"column":6},"end":{"line":146,"column":6}},{"start":{"line":146,"column":6},"end":{"line":146,"column":6}}]}}},"contracts/PriceOracle.sol":{"l":{"79":3,"80":3,"81":3,"100":21,"105":21,"106":18,"109":3,"110":3,"112":3,"113":3,"114":1,"117":3,"118":3,"127":0,"131":0,"133":0,"142":0,"146":0,"148":0,"157":7,"167":0,"168":0,"191":3,"192":3,"193":3,"194":3,"195":1,"197":3,"207":2,"208":2,"210":2,"211":2,"215":1,"235":1,"236":1,"241":1,"242":1,"246":0},"path":"/Users/rrecuero/dev/babylon-finance/protocol/contracts/PriceOracle.sol","s":{"1":3,"2":3,"3":3,"4":21,"5":21,"6":18,"7":3,"8":3,"9":3,"10":3,"11":1,"12":3,"13":3,"14":0,"15":0,"16":0,"17":0,"18":0,"19":0,"20":7,"21":0,"22":0,"23":3,"24":3,"25":3,"26":3,"27":1,"28":3,"29":2,"30":2,"31":2,"32":2,"33":1,"34":1,"35":1,"36":1,"37":1,"38":0},"b":{"1":[21,0],"2":[18,3],"3":[1,2],"4":[3,0],"5":[0,0],"6":[0,0],"7":[1,2],"8":[2,1],"9":[2,0],"10":[1,0]},"f":{"1":3,"2":21,"3":0,"4":0,"5":7,"6":0,"7":3,"8":1},"fnMap":{"1":{"name":"constructor","line":74,"loc":{"start":{"line":74,"column":4},"end":{"line":82,"column":4}}},"2":{"name":"getPrice","line":99,"loc":{"start":{"line":99,"column":4},"end":{"line":119,"column":4}}},"3":{"name":"addAdapter","line":126,"loc":{"start":{"line":126,"column":4},"end":{"line":134,"column":4}}},"4":{"name":"removeAdapter","line":141,"loc":{"start":{"line":141,"column":4},"end":{"line":149,"column":4}}},"5":{"name":"getAdapters","line":156,"loc":{"start":{"line":156,"column":4},"end":{"line":158,"column":4}}},"6":{"name":"updateAdapters","line":166,"loc":{"start":{"line":166,"column":4},"end":{"line":170,"column":4}}},"7":{"name":"_getPriceFromUniswapAnchoredView","line":183,"loc":{"start":{"line":183,"column":4},"end":{"line":216,"column":4}}},"8":{"name":"_getPriceFromAdapters","line":227,"loc":{"start":{"line":227,"column":4},"end":{"line":247,"column":4}}}},"statementMap":{"1":{"start":{"line":79,"column":8},"end":{"line":79,"column":31}},"2":{"start":{"line":80,"column":8},"end":{"line":80,"column":49}},"3":{"start":{"line":81,"column":8},"end":{"line":81,"column":27}},"4":{"start":{"line":100,"column":8},"end":{"line":100,"column":3936}},"5":{"start":{"line":105,"column":8},"end":{"line":105,"column":4147}},"6":{"start":{"line":106,"column":10},"end":{"line":106,"column":25}},"7":{"start":{"line":109,"column":8},"end":{"line":109,"column":23}},"8":{"start":{"line":110,"column":8},"end":{"line":110,"column":21}},"9":{"start":{"line":112,"column":8},"end":{"line":112,"column":83}},"10":{"start":{"line":113,"column":8},"end":{"line":113,"column":4358}},"11":{"start":{"line":114,"column":12},"end":{"line":114,"column":76}},"12":{"start":{"line":117,"column":8},"end":{"line":117,"column":68}},"13":{"start":{"line":118,"column":8},"end":{"line":118,"column":20}},"14":{"start":{"line":127,"column":8},"end":{"line":127,"column":4767}},"15":{"start":{"line":131,"column":8},"end":{"line":131,"column":30}},"16":{"start":{"line":133,"column":8},"end":{"line":133,"column":35}},"17":{"start":{"line":142,"column":8},"end":{"line":142,"column":5178}},"18":{"start":{"line":146,"column":8},"end":{"line":146,"column":43}},"19":{"start":{"line":148,"column":8},"end":{"line":148,"column":37}},"20":{"start":{"line":157,"column":8},"end":{"line":157,"column":23}},"21":{"start":{"line":167,"column":6},"end":{"line":167,"column":5893}},"22":{"start":{"line":168,"column":8},"end":{"line":168,"column":63}},"23":{"start":{"line":191,"column":6},"end":{"line":191,"column":83}},"24":{"start":{"line":192,"column":6},"end":{"line":192,"column":83}},"25":{"start":{"line":193,"column":6},"end":{"line":193,"column":38}},"26":{"start":{"line":194,"column":6},"end":{"line":194,"column":6964}},"27":{"start":{"line":195,"column":8},"end":{"line":195,"column":31}},"28":{"start":{"line":197,"column":6},"end":{"line":197,"column":7037}},"29":{"start":{"line":207,"column":8},"end":{"line":207,"column":88}},"30":{"start":{"line":208,"column":8},"end":{"line":208,"column":88}},"31":{"start":{"line":210,"column":8},"end":{"line":210,"column":7855}},"32":{"start":{"line":211,"column":10},"end":{"line":211,"column":64}},"33":{"start":{"line":215,"column":6},"end":{"line":215,"column":23}},"34":{"start":{"line":235,"column":6},"end":{"line":235,"column":8646}},"35":{"start":{"line":236,"column":8},"end":{"line":236,"column":8766}},"36":{"start":{"line":241,"column":8},"end":{"line":241,"column":8842}},"37":{"start":{"line":242,"column":12},"end":{"line":242,"column":38}},"38":{"start":{"line":246,"column":6},"end":{"line":246,"column":23}}},"branchMap":{"1":{"line":100,"type":"if","locations":[{"start":{"line":100,"column":8},"end":{"line":100,"column":8}},{"start":{"line":100,"column":8},"end":{"line":100,"column":8}}]},"2":{"line":105,"type":"if","locations":[{"start":{"line":105,"column":8},"end":{"line":105,"column":8}},{"start":{"line":105,"column":8},"end":{"line":105,"column":8}}]},"3":{"line":113,"type":"if","locations":[{"start":{"line":113,"column":8},"end":{"line":113,"column":8}},{"start":{"line":113,"column":8},"end":{"line":113,"column":8}}]},"4":{"line":117,"type":"if","locations":[{"start":{"line":117,"column":8},"end":{"line":117,"column":8}},{"start":{"line":117,"column":8},"end":{"line":117,"column":8}}]},"5":{"line":127,"type":"if","locations":[{"start":{"line":127,"column":8},"end":{"line":127,"column":8}},{"start":{"line":127,"column":8},"end":{"line":127,"column":8}}]},"6":{"line":142,"type":"if","locations":[{"start":{"line":142,"column":8},"end":{"line":142,"column":8}},{"start":{"line":142,"column":8},"end":{"line":142,"column":8}}]},"7":{"line":194,"type":"if","locations":[{"start":{"line":194,"column":6},"end":{"line":194,"column":6}},{"start":{"line":194,"column":6},"end":{"line":194,"column":6}}]},"8":{"line":197,"type":"if","locations":[{"start":{"line":197,"column":6},"end":{"line":197,"column":6}},{"start":{"line":197,"column":6},"end":{"line":197,"column":6}}]},"9":{"line":210,"type":"if","locations":[{"start":{"line":210,"column":8},"end":{"line":210,"column":8}},{"start":{"line":210,"column":8},"end":{"line":210,"column":8}}]},"10":{"line":241,"type":"if","locations":[{"start":{"line":241,"column":8},"end":{"line":241,"column":8}},{"start":{"line":241,"column":8},"end":{"line":241,"column":8}}]}}},"contracts/ReservePool.sol":{"l":{"91":3,"102":0,"104":0,"106":0,"108":0,"117":0,"119":0,"121":0,"123":0,"131":7,"132":6,"133":6,"134":6,"135":6,"145":4,"146":3,"147":1,"148":1,"149":1,"150":1,"151":1,"152":1,"162":0,"163":0,"164":0,"166":0,"168":0,"169":0,"170":0,"171":0,"173":0,"174":0,"175":0,"185":0,"186":0,"187":0,"188":0,"189":0,"191":0,"192":0,"194":0,"195":0,"196":0,"197":0,"198":0,"199":0,"201":0,"203":0,"214":3,"215":3,"216":3,"217":9,"218":9,"219":0,"220":0,"223":3,"234":0,"235":0,"236":0,"238":0,"239":0,"240":0,"242":0},"path":"/Users/rrecuero/dev/babylon-finance/protocol/contracts/ReservePool.sol","s":{"1":3,"2":0,"3":0,"4":0,"5":0,"6":0,"7":0,"8":0,"9":0,"10":7,"11":6,"12":6,"13":6,"14":6,"15":4,"16":3,"17":1,"18":1,"19":1,"20":1,"21":1,"22":1,"23":0,"24":0,"25":0,"26":0,"27":0,"28":0,"29":0,"30":0,"31":0,"32":0,"33":0,"34":0,"35":0,"36":0,"37":0,"38":0,"39":0,"40":0,"41":0,"42":0,"43":0,"44":0,"45":0,"46":0,"47":0,"48":0,"49":3,"50":3,"51":3,"52":9,"53":9,"54":0,"55":0,"56":3,"57":0,"58":0,"59":0,"60":0,"61":0,"62":0,"63":0},"b":{"1":[0,0],"2":[0,0],"3":[6,1],"4":[3,1],"5":[1,2],"6":[1,0],"7":[0,0],"8":[0,0],"9":[0,0],"10":[0,0],"11":[0,0],"12":[0,0],"13":[0,0],"14":[0,0],"15":[0,0],"16":[0,0],"17":[0,0],"18":[0,9],"19":[0,0],"20":[0,0]},"f":{"1":3,"2":0,"3":0,"4":7,"5":4,"6":0,"7":0,"8":3,"9":0},"fnMap":{"1":{"name":"constructor","line":90,"loc":{"start":{"line":90,"column":4},"end":{"line":92,"column":4}}},"2":{"name":"editMaxPercentageCommunityOwnership","line":101,"loc":{"start":{"line":101,"column":4},"end":{"line":109,"column":4}}},"3":{"name":"editMinCommunityNAV","line":116,"loc":{"start":{"line":116,"column":4},"end":{"line":124,"column":4}}},"4":{"name":"deposit","line":130,"loc":{"start":{"line":130,"column":4},"end":{"line":136,"column":4}}},"5":{"name":"claim","line":144,"loc":{"start":{"line":144,"column":4},"end":{"line":153,"column":4}}},"6":{"name":"sellTokensToLiquidityPool","line":161,"loc":{"start":{"line":161,"column":4},"end":{"line":176,"column":4}}},"7":{"name":"redeemETHFromCommunityTokens","line":184,"loc":{"start":{"line":184,"column":4},"end":{"line":207,"column":4}}},"8":{"name":"getReservePoolValuation","line":213,"loc":{"start":{"line":213,"column":4},"end":{"line":224,"column":4}}},"9":{"name":"isReservePoolAllowedToBuy","line":232,"loc":{"start":{"line":232,"column":4},"end":{"line":243,"column":4}}}},"statementMap":{"1":{"start":{"line":91,"column":8},"end":{"line":91,"column":31}},"2":{"start":{"line":102,"column":6},"end":{"line":102,"column":60}},"3":{"start":{"line":104,"column":6},"end":{"line":104,"column":54}},"4":{"start":{"line":106,"column":6},"end":{"line":106,"column":46}},"5":{"start":{"line":108,"column":6},"end":{"line":108,"column":90}},"6":{"start":{"line":117,"column":6},"end":{"line":117,"column":65}},"7":{"start":{"line":119,"column":6},"end":{"line":119,"column":38}},"8":{"start":{"line":121,"column":6},"end":{"line":121,"column":42}},"9":{"start":{"line":123,"column":6},"end":{"line":123,"column":74}},"10":{"start":{"line":131,"column":6},"end":{"line":131,"column":63}},"11":{"start":{"line":132,"column":6},"end":{"line":132,"column":33}},"12":{"start":{"line":133,"column":6},"end":{"line":133,"column":44}},"13":{"start":{"line":134,"column":6},"end":{"line":134,"column":47}},"14":{"start":{"line":135,"column":6},"end":{"line":135,"column":69}},"15":{"start":{"line":145,"column":6},"end":{"line":145,"column":70}},"16":{"start":{"line":146,"column":6},"end":{"line":146,"column":106}},"17":{"start":{"line":147,"column":6},"end":{"line":147,"column":94}},"18":{"start":{"line":148,"column":6},"end":{"line":148,"column":107}},"19":{"start":{"line":149,"column":6},"end":{"line":149,"column":31}},"20":{"start":{"line":150,"column":6},"end":{"line":150,"column":36}},"21":{"start":{"line":151,"column":6},"end":{"line":151,"column":28}},"22":{"start":{"line":152,"column":6},"end":{"line":152,"column":76}},"23":{"start":{"line":162,"column":6},"end":{"line":162,"column":95}},"24":{"start":{"line":163,"column":6},"end":{"line":163,"column":114}},"25":{"start":{"line":164,"column":6},"end":{"line":164,"column":91}},"26":{"start":{"line":166,"column":6},"end":{"line":166,"column":29}},"27":{"start":{"line":168,"column":6},"end":{"line":168,"column":146}},"28":{"start":{"line":169,"column":6},"end":{"line":169,"column":66}},"29":{"start":{"line":170,"column":6},"end":{"line":170,"column":79}},"30":{"start":{"line":171,"column":6},"end":{"line":171,"column":103}},"31":{"start":{"line":173,"column":6},"end":{"line":173,"column":92}},"32":{"start":{"line":174,"column":6},"end":{"line":174,"column":88}},"33":{"start":{"line":175,"column":6},"end":{"line":175,"column":29}},"34":{"start":{"line":185,"column":6},"end":{"line":185,"column":79}},"35":{"start":{"line":186,"column":6},"end":{"line":186,"column":65}},"36":{"start":{"line":187,"column":6},"end":{"line":187,"column":107}},"37":{"start":{"line":188,"column":6},"end":{"line":188,"column":63}},"38":{"start":{"line":189,"column":6},"end":{"line":189,"column":60}},"39":{"start":{"line":191,"column":6},"end":{"line":191,"column":146}},"40":{"start":{"line":192,"column":6},"end":{"line":192,"column":73}},"41":{"start":{"line":194,"column":6},"end":{"line":194,"column":98}},"42":{"start":{"line":195,"column":6},"end":{"line":195,"column":92}},"43":{"start":{"line":196,"column":6},"end":{"line":196,"column":42}},"44":{"start":{"line":197,"column":6},"end":{"line":197,"column":73}},"45":{"start":{"line":198,"column":6},"end":{"line":198,"column":49}},"46":{"start":{"line":199,"column":6},"end":{"line":199,"column":42}},"47":{"start":{"line":201,"column":6},"end":{"line":201,"column":115}},"48":{"start":{"line":203,"column":6},"end":{"line":203,"column":9509}},"49":{"start":{"line":214,"column":6},"end":{"line":214,"column":20}},"50":{"start":{"line":215,"column":6},"end":{"line":215,"column":81}},"51":{"start":{"line":216,"column":6},"end":{"line":216,"column":9935}},"52":{"start":{"line":217,"column":8},"end":{"line":217,"column":94}},"53":{"start":{"line":218,"column":8},"end":{"line":218,"column":10090}},"54":{"start":{"line":219,"column":10},"end":{"line":219,"column":155}},"55":{"start":{"line":220,"column":10},"end":{"line":220,"column":75}},"56":{"start":{"line":223,"column":6},"end":{"line":223,"column":60}},"57":{"start":{"line":234,"column":6},"end":{"line":234,"column":180}},"58":{"start":{"line":235,"column":6},"end":{"line":235,"column":11010}},"59":{"start":{"line":236,"column":8},"end":{"line":236,"column":20}},"60":{"start":{"line":238,"column":6},"end":{"line":238,"column":118}},"61":{"start":{"line":239,"column":6},"end":{"line":239,"column":11200}},"62":{"start":{"line":240,"column":8},"end":{"line":240,"column":20}},"63":{"start":{"line":242,"column":6},"end":{"line":242,"column":17}}},"branchMap":{"1":{"line":102,"type":"if","locations":[{"start":{"line":102,"column":6},"end":{"line":102,"column":6}},{"start":{"line":102,"column":6},"end":{"line":102,"column":6}}]},"2":{"line":117,"type":"if","locations":[{"start":{"line":117,"column":6},"end":{"line":117,"column":6}},{"start":{"line":117,"column":6},"end":{"line":117,"column":6}}]},"3":{"line":131,"type":"if","locations":[{"start":{"line":131,"column":6},"end":{"line":131,"column":6}},{"start":{"line":131,"column":6},"end":{"line":131,"column":6}}]},"4":{"line":145,"type":"if","locations":[{"start":{"line":145,"column":6},"end":{"line":145,"column":6}},{"start":{"line":145,"column":6},"end":{"line":145,"column":6}}]},"5":{"line":146,"type":"if","locations":[{"start":{"line":146,"column":6},"end":{"line":146,"column":6}},{"start":{"line":146,"column":6},"end":{"line":146,"column":6}}]},"6":{"line":148,"type":"if","locations":[{"start":{"line":148,"column":6},"end":{"line":148,"column":6}},{"start":{"line":148,"column":6},"end":{"line":148,"column":6}}]},"7":{"line":162,"type":"if","locations":[{"start":{"line":162,"column":6},"end":{"line":162,"column":6}},{"start":{"line":162,"column":6},"end":{"line":162,"column":6}}]},"8":{"line":163,"type":"if","locations":[{"start":{"line":163,"column":6},"end":{"line":163,"column":6}},{"start":{"line":163,"column":6},"end":{"line":163,"column":6}}]},"9":{"line":164,"type":"if","locations":[{"start":{"line":164,"column":6},"end":{"line":164,"column":6}},{"start":{"line":164,"column":6},"end":{"line":164,"column":6}}]},"10":{"line":171,"type":"if","locations":[{"start":{"line":171,"column":6},"end":{"line":171,"column":6}},{"start":{"line":171,"column":6},"end":{"line":171,"column":6}}]},"11":{"line":174,"type":"if","locations":[{"start":{"line":174,"column":6},"end":{"line":174,"column":6}},{"start":{"line":174,"column":6},"end":{"line":174,"column":6}}]},"12":{"line":187,"type":"if","locations":[{"start":{"line":187,"column":6},"end":{"line":187,"column":6}},{"start":{"line":187,"column":6},"end":{"line":187,"column":6}}]},"13":{"line":188,"type":"if","locations":[{"start":{"line":188,"column":6},"end":{"line":188,"column":6}},{"start":{"line":188,"column":6},"end":{"line":188,"column":6}}]},"14":{"line":189,"type":"if","locations":[{"start":{"line":189,"column":6},"end":{"line":189,"column":6}},{"start":{"line":189,"column":6},"end":{"line":189,"column":6}}]},"15":{"line":192,"type":"if","locations":[{"start":{"line":192,"column":6},"end":{"line":192,"column":6}},{"start":{"line":192,"column":6},"end":{"line":192,"column":6}}]},"16":{"line":195,"type":"if","locations":[{"start":{"line":195,"column":6},"end":{"line":195,"column":6}},{"start":{"line":195,"column":6},"end":{"line":195,"column":6}}]},"17":{"line":203,"type":"if","locations":[{"start":{"line":203,"column":6},"end":{"line":203,"column":6}},{"start":{"line":203,"column":6},"end":{"line":203,"column":6}}]},"18":{"line":218,"type":"if","locations":[{"start":{"line":218,"column":8},"end":{"line":218,"column":8}},{"start":{"line":218,"column":8},"end":{"line":218,"column":8}}]},"19":{"line":235,"type":"if","locations":[{"start":{"line":235,"column":6},"end":{"line":235,"column":6}},{"start":{"line":235,"column":6},"end":{"line":235,"column":6}}]},"20":{"line":239,"type":"if","locations":[{"start":{"line":239,"column":6},"end":{"line":239,"column":6}},{"start":{"line":239,"column":6},"end":{"line":239,"column":6}}]}}},"contracts/Treasury.sol":{"l":{"56":3,"69":0,"70":0,"71":0,"72":0,"77":0},"path":"/Users/rrecuero/dev/babylon-finance/protocol/contracts/Treasury.sol","s":{"1":3,"2":0,"3":0,"4":0,"5":0,"6":0},"b":{"1":[0,0],"2":[0,0],"3":[0,0],"4":[0,0]},"f":{"1":3,"2":0},"fnMap":{"1":{"name":"constructor","line":53,"loc":{"start":{"line":53,"column":4},"end":{"line":57,"column":4}}},"2":{"name":"sendTreasuryFunds","line":68,"loc":{"start":{"line":68,"column":4},"end":{"line":78,"column":4}}}},"statementMap":{"1":{"start":{"line":56,"column":8},"end":{"line":56,"column":31}},"2":{"start":{"line":69,"column":6},"end":{"line":69,"column":54}},"3":{"start":{"line":70,"column":6},"end":{"line":70,"column":60}},"4":{"start":{"line":71,"column":6},"end":{"line":71,"column":96}},"5":{"start":{"line":72,"column":6},"end":{"line":72,"column":2387}},"6":{"start":{"line":77,"column":6},"end":{"line":77,"column":50}}},"branchMap":{"1":{"line":69,"type":"if","locations":[{"start":{"line":69,"column":6},"end":{"line":69,"column":6}},{"start":{"line":69,"column":6},"end":{"line":69,"column":6}}]},"2":{"line":70,"type":"if","locations":[{"start":{"line":70,"column":6},"end":{"line":70,"column":6}},{"start":{"line":70,"column":6},"end":{"line":70,"column":6}}]},"3":{"line":71,"type":"if","locations":[{"start":{"line":71,"column":6},"end":{"line":71,"column":6}},{"start":{"line":71,"column":6},"end":{"line":71,"column":6}}]},"4":{"line":72,"type":"if","locations":[{"start":{"line":72,"column":6},"end":{"line":72,"column":6}},{"start":{"line":72,"column":6},"end":{"line":72,"column":6}}]}}}}