{"contracts/BabController.sol":{"l":{"141":3,"142":3,"143":3,"144":3,"145":3,"146":3,"166":3,"167":3,"168":21,"173":3,"181":3,"182":3,"191":1,"192":1,"193":1,"195":1,"197":1,"206":6,"207":6,"208":6,"209":5,"218":1,"219":1,"220":1,"221":1,"229":0,"230":0,"241":2,"250":1,"251":1,"260":2,"261":5,"271":3,"275":3,"276":3,"277":3,"286":1,"291":1,"293":1,"295":1,"304":2,"306":2,"308":2,"309":2,"311":2,"320":1,"322":1,"324":1,"325":1,"327":1,"336":2,"338":2,"340":2,"341":2,"343":2,"352":2,"354":2,"355":2,"357":2,"366":1,"368":1,"369":1,"371":1,"380":1,"382":1,"383":1,"385":1,"398":7,"399":7,"403":7,"405":7,"407":7,"420":0,"422":0,"426":0,"428":0,"430":0,"439":0,"440":0,"445":0,"446":0,"448":0,"460":0,"461":0,"463":0,"469":1,"473":38,"477":0,"481":20,"485":0,"489":2,"493":10,"497":4,"501":1,"505":1,"509":17,"513":0,"521":2,"525":4,"533":19,"541":5,"556":0,"573":1,"588":0,"603":0,"616":26,"629":7,"638":3,"639":3,"640":3,"641":3},"path":"/Users/iYalovoy/repo/babylon/protocol/contracts/BabController.sol","s":{"1":3,"2":3,"3":3,"4":3,"5":3,"6":3,"7":3,"8":3,"9":21,"10":3,"11":3,"12":3,"13":1,"14":1,"15":1,"16":1,"17":1,"18":6,"19":6,"20":6,"21":5,"22":1,"23":1,"24":1,"25":1,"26":0,"27":0,"28":2,"29":1,"30":1,"31":2,"32":5,"33":3,"34":3,"35":3,"36":3,"37":1,"38":1,"39":1,"40":1,"41":2,"42":2,"43":2,"44":2,"45":2,"46":1,"47":1,"48":1,"49":1,"50":1,"51":2,"52":2,"53":2,"54":2,"55":2,"56":2,"57":2,"58":2,"59":2,"60":1,"61":1,"62":1,"63":1,"64":1,"65":1,"66":1,"67":1,"68":7,"69":7,"70":7,"71":7,"72":7,"73":0,"74":0,"75":0,"76":0,"77":0,"78":0,"79":0,"80":0,"81":0,"82":0,"83":0,"84":0,"85":1,"86":38,"87":0,"88":20,"89":0,"90":2,"91":10,"92":4,"93":1,"94":1,"95":17,"96":0,"97":2,"98":4,"99":19,"100":5,"101":0,"102":1,"103":0,"104":0,"105":26,"106":7,"107":3,"108":3,"109":3,"110":3},"b":{"1":[3,0],"2":[21,0],"3":[1,0],"4":[1,0],"5":[6,0],"6":[5,1],"7":[1,0],"8":[1,0],"9":[0,0],"10":[1,0],"11":[3,0],"12":[1,0],"13":[2,0],"14":[2,0],"15":[1,0],"16":[1,0],"17":[2,0],"18":[2,0],"19":[2,0],"20":[1,0],"21":[1,0],"22":[7,0],"23":[7,0],"24":[0,0],"25":[0,0],"26":[0,0],"27":[0,0],"28":[3,0]},"f":{"1":3,"2":3,"3":1,"4":6,"5":1,"6":0,"7":2,"8":1,"9":2,"10":3,"11":1,"12":2,"13":1,"14":2,"15":2,"16":1,"17":1,"18":7,"19":0,"20":0,"21":0,"22":1,"23":38,"24":0,"25":20,"26":0,"27":2,"28":10,"29":4,"30":1,"31":1,"32":17,"33":0,"34":2,"35":4,"36":19,"37":5,"38":0,"39":1,"40":0,"41":0,"42":26,"43":7,"44":3},"fnMap":{"1":{"name":"constructor","line":133,"loc":{"start":{"line":133,"column":4},"end":{"line":147,"column":4}}},"2":{"name":"createRollingGarden","line":160,"loc":{"start":{"line":160,"column":4},"end":{"line":183,"column":4}}},"3":{"name":"removeGarden","line":190,"loc":{"start":{"line":190,"column":4},"end":{"line":198,"column":4}}},"4":{"name":"disableGarden","line":205,"loc":{"start":{"line":205,"column":4},"end":{"line":210,"column":4}}},"5":{"name":"enableGarden","line":217,"loc":{"start":{"line":217,"column":4},"end":{"line":222,"column":4}}},"6":{"name":"enableGardenTokensTransfers","line":228,"loc":{"start":{"line":228,"column":4},"end":{"line":231,"column":4}}},"7":{"name":"addKeeper","line":240,"loc":{"start":{"line":240,"column":4},"end":{"line":242,"column":4}}},"8":{"name":"removeKeeper","line":249,"loc":{"start":{"line":249,"column":4},"end":{"line":252,"column":4}}},"9":{"name":"addKeepers","line":259,"loc":{"start":{"line":259,"column":4},"end":{"line":263,"column":4}}},"10":{"name":"addReserveAsset","line":270,"loc":{"start":{"line":270,"column":4},"end":{"line":278,"column":4}}},"11":{"name":"removeReserveAsset","line":285,"loc":{"start":{"line":285,"column":4},"end":{"line":296,"column":4}}},"12":{"name":"editPriceOracle","line":303,"loc":{"start":{"line":303,"column":4},"end":{"line":312,"column":4}}},"13":{"name":"editReservePool","line":319,"loc":{"start":{"line":319,"column":4},"end":{"line":328,"column":4}}},"14":{"name":"editGardenValuer","line":335,"loc":{"start":{"line":335,"column":4},"end":{"line":344,"column":4}}},"15":{"name":"editTreasury","line":351,"loc":{"start":{"line":351,"column":4},"end":{"line":358,"column":4}}},"16":{"name":"editGardenFactory","line":365,"loc":{"start":{"line":365,"column":4},"end":{"line":372,"column":4}}},"17":{"name":"editStrategyFactory","line":379,"loc":{"start":{"line":379,"column":4},"end":{"line":386,"column":4}}},"18":{"name":"addIntegration","line":396,"loc":{"start":{"line":394,"column":4},"end":{"line":408,"column":4}}},"19":{"name":"editIntegration","line":418,"loc":{"start":{"line":416,"column":4},"end":{"line":431,"column":4}}},"20":{"name":"removeIntegration","line":438,"loc":{"start":{"line":438,"column":4},"end":{"line":449,"column":4}}},"21":{"name":"editLiquidityMinimum","line":458,"loc":{"start":{"line":456,"column":4},"end":{"line":464,"column":4}}},"22":{"name":"getUniswapFactory","line":468,"loc":{"start":{"line":468,"column":4},"end":{"line":470,"column":4}}},"23":{"name":"getPriceOracle","line":472,"loc":{"start":{"line":472,"column":4},"end":{"line":474,"column":4}}},"24":{"name":"getReservePool","line":476,"loc":{"start":{"line":476,"column":4},"end":{"line":478,"column":4}}},"25":{"name":"getGardenValuer","line":480,"loc":{"start":{"line":480,"column":4},"end":{"line":482,"column":4}}},"26":{"name":"getGardenFactory","line":484,"loc":{"start":{"line":484,"column":4},"end":{"line":486,"column":4}}},"27":{"name":"getStrategyFactory","line":488,"loc":{"start":{"line":488,"column":4},"end":{"line":490,"column":4}}},"28":{"name":"getCommunities","line":492,"loc":{"start":{"line":492,"column":4},"end":{"line":494,"column":4}}},"29":{"name":"getReserveAssets","line":496,"loc":{"start":{"line":496,"column":4},"end":{"line":498,"column":4}}},"30":{"name":"getMinCooldownPeriod","line":500,"loc":{"start":{"line":500,"column":4},"end":{"line":502,"column":4}}},"31":{"name":"getMaxCooldownPeriod","line":504,"loc":{"start":{"line":504,"column":4},"end":{"line":506,"column":4}}},"32":{"name":"getProtocolDepositGardenTokenFee","line":508,"loc":{"start":{"line":508,"column":4},"end":{"line":510,"column":4}}},"33":{"name":"getProtocolPerformanceFee","line":512,"loc":{"start":{"line":512,"column":4},"end":{"line":514,"column":4}}},"34":{"name":"getProtocolWithdrawalGardenTokenFee","line":516,"loc":{"start":{"line":516,"column":4},"end":{"line":522,"column":4}}},"35":{"name":"getTreasury","line":524,"loc":{"start":{"line":524,"column":4},"end":{"line":526,"column":4}}},"36":{"name":"isValidReserveAsset","line":528,"loc":{"start":{"line":528,"column":4},"end":{"line":534,"column":4}}},"37":{"name":"isValidKeeper","line":536,"loc":{"start":{"line":536,"column":4},"end":{"line":542,"column":4}}},"38":{"name":"getIntegrationByName","line":551,"loc":{"start":{"line":551,"column":4},"end":{"line":557,"column":4}}},"39":{"name":"getIntegrationFee","line":566,"loc":{"start":{"line":566,"column":4},"end":{"line":574,"column":4}}},"40":{"name":"getIntegrationWithHash","line":583,"loc":{"start":{"line":583,"column":4},"end":{"line":589,"column":4}}},"41":{"name":"isValidIntegration","line":598,"loc":{"start":{"line":598,"column":4},"end":{"line":604,"column":4}}},"42":{"name":"isSystemContract","line":611,"loc":{"start":{"line":611,"column":4},"end":{"line":621,"column":4}}},"43":{"name":"_nameHash","line":628,"loc":{"start":{"line":628,"column":4},"end":{"line":630,"column":4}}},"44":{"name":"_addGarden","line":637,"loc":{"start":{"line":637,"column":4},"end":{"line":642,"column":4}}}},"statementMap":{"1":{"start":{"line":141,"column":8},"end":{"line":141,"column":27}},"2":{"start":{"line":142,"column":8},"end":{"line":142,"column":35}},"3":{"start":{"line":143,"column":8},"end":{"line":143,"column":33}},"4":{"start":{"line":144,"column":8},"end":{"line":144,"column":33}},"5":{"start":{"line":145,"column":8},"end":{"line":145,"column":37}},"6":{"start":{"line":146,"column":8},"end":{"line":146,"column":41}},"7":{"start":{"line":166,"column":6},"end":{"line":166,"column":82}},"8":{"start":{"line":167,"column":6},"end":{"line":167,"column":6616}},"9":{"start":{"line":168,"column":8},"end":{"line":168,"column":6679}},"10":{"start":{"line":173,"column":6},"end":{"line":173,"column":6807}},"11":{"start":{"line":181,"column":6},"end":{"line":181,"column":26}},"12":{"start":{"line":182,"column":6},"end":{"line":182,"column":22}},"13":{"start":{"line":191,"column":8},"end":{"line":191,"column":58}},"14":{"start":{"line":192,"column":8},"end":{"line":192,"column":78}},"15":{"start":{"line":193,"column":8},"end":{"line":193,"column":40}},"16":{"start":{"line":195,"column":8},"end":{"line":195,"column":32}},"17":{"start":{"line":197,"column":8},"end":{"line":197,"column":35}},"18":{"start":{"line":206,"column":8},"end":{"line":206,"column":58}},"19":{"start":{"line":207,"column":8},"end":{"line":207,"column":41}},"20":{"start":{"line":208,"column":8},"end":{"line":208,"column":67}},"21":{"start":{"line":209,"column":8},"end":{"line":209,"column":27}},"22":{"start":{"line":218,"column":8},"end":{"line":218,"column":58}},"23":{"start":{"line":219,"column":8},"end":{"line":219,"column":41}},"24":{"start":{"line":220,"column":8},"end":{"line":220,"column":68}},"25":{"start":{"line":221,"column":8},"end":{"line":221,"column":25}},"26":{"start":{"line":229,"column":8},"end":{"line":229,"column":82}},"27":{"start":{"line":230,"column":8},"end":{"line":230,"column":42}},"28":{"start":{"line":241,"column":6},"end":{"line":241,"column":31}},"29":{"start":{"line":250,"column":6},"end":{"line":250,"column":58}},"30":{"start":{"line":251,"column":6},"end":{"line":251,"column":32}},"31":{"start":{"line":260,"column":6},"end":{"line":260,"column":9642}},"32":{"start":{"line":261,"column":8},"end":{"line":261,"column":37}},"33":{"start":{"line":271,"column":8},"end":{"line":271,"column":9985}},"34":{"start":{"line":275,"column":8},"end":{"line":275,"column":46}},"35":{"start":{"line":276,"column":8},"end":{"line":276,"column":40}},"36":{"start":{"line":277,"column":8},"end":{"line":277,"column":45}},"37":{"start":{"line":286,"column":8},"end":{"line":286,"column":10511}},"38":{"start":{"line":291,"column":8},"end":{"line":291,"column":58}},"39":{"start":{"line":293,"column":8},"end":{"line":293,"column":47}},"40":{"start":{"line":295,"column":8},"end":{"line":295,"column":47}},"41":{"start":{"line":304,"column":8},"end":{"line":304,"column":74}},"42":{"start":{"line":306,"column":8},"end":{"line":306,"column":69}},"43":{"start":{"line":308,"column":8},"end":{"line":308,"column":44}},"44":{"start":{"line":309,"column":8},"end":{"line":309,"column":33}},"45":{"start":{"line":311,"column":8},"end":{"line":311,"column":61}},"46":{"start":{"line":320,"column":8},"end":{"line":320,"column":74}},"47":{"start":{"line":322,"column":8},"end":{"line":322,"column":69}},"48":{"start":{"line":324,"column":8},"end":{"line":324,"column":44}},"49":{"start":{"line":325,"column":8},"end":{"line":325,"column":33}},"50":{"start":{"line":327,"column":8},"end":{"line":327,"column":61}},"51":{"start":{"line":336,"column":8},"end":{"line":336,"column":77}},"52":{"start":{"line":338,"column":8},"end":{"line":338,"column":71}},"53":{"start":{"line":340,"column":8},"end":{"line":340,"column":46}},"54":{"start":{"line":341,"column":8},"end":{"line":341,"column":35}},"55":{"start":{"line":343,"column":8},"end":{"line":343,"column":64}},"56":{"start":{"line":352,"column":8},"end":{"line":352,"column":67}},"57":{"start":{"line":354,"column":8},"end":{"line":354,"column":38}},"58":{"start":{"line":355,"column":8},"end":{"line":355,"column":30}},"59":{"start":{"line":357,"column":8},"end":{"line":357,"column":55}},"60":{"start":{"line":366,"column":8},"end":{"line":366,"column":72}},"61":{"start":{"line":368,"column":8},"end":{"line":368,"column":48}},"62":{"start":{"line":369,"column":8},"end":{"line":369,"column":40}},"63":{"start":{"line":371,"column":8},"end":{"line":371,"column":70}},"64":{"start":{"line":380,"column":8},"end":{"line":380,"column":74}},"65":{"start":{"line":382,"column":8},"end":{"line":382,"column":52}},"66":{"start":{"line":383,"column":8},"end":{"line":383,"column":44}},"67":{"start":{"line":385,"column":8},"end":{"line":385,"column":76}},"68":{"start":{"line":398,"column":8},"end":{"line":398,"column":45}},"69":{"start":{"line":399,"column":8},"end":{"line":399,"column":14403}},"70":{"start":{"line":403,"column":8},"end":{"line":403,"column":77}},"71":{"start":{"line":405,"column":8},"end":{"line":405,"column":46}},"72":{"start":{"line":407,"column":8},"end":{"line":407,"column":60}},"73":{"start":{"line":420,"column":8},"end":{"line":420,"column":45}},"74":{"start":{"line":422,"column":8},"end":{"line":422,"column":15136}},"75":{"start":{"line":426,"column":8},"end":{"line":426,"column":77}},"76":{"start":{"line":428,"column":8},"end":{"line":428,"column":46}},"77":{"start":{"line":430,"column":8},"end":{"line":430,"column":61}},"78":{"start":{"line":439,"column":8},"end":{"line":439,"column":45}},"79":{"start":{"line":440,"column":8},"end":{"line":440,"column":15756}},"80":{"start":{"line":445,"column":8},"end":{"line":445,"column":57}},"81":{"start":{"line":448,"column":8},"end":{"line":448,"column":64}},"82":{"start":{"line":460,"column":8},"end":{"line":460,"column":45}},"83":{"start":{"line":461,"column":8},"end":{"line":461,"column":59}},"84":{"start":{"line":463,"column":8},"end":{"line":463,"column":62}},"85":{"start":{"line":469,"column":8},"end":{"line":469,"column":30}},"86":{"start":{"line":473,"column":8},"end":{"line":473,"column":26}},"87":{"start":{"line":477,"column":6},"end":{"line":477,"column":24}},"88":{"start":{"line":481,"column":8},"end":{"line":481,"column":27}},"89":{"start":{"line":485,"column":8},"end":{"line":485,"column":28}},"90":{"start":{"line":489,"column":8},"end":{"line":489,"column":30}},"91":{"start":{"line":493,"column":8},"end":{"line":493,"column":22}},"92":{"start":{"line":497,"column":8},"end":{"line":497,"column":28}},"93":{"start":{"line":501,"column":8},"end":{"line":501,"column":32}},"94":{"start":{"line":505,"column":8},"end":{"line":505,"column":32}},"95":{"start":{"line":509,"column":8},"end":{"line":509,"column":44}},"96":{"start":{"line":513,"column":8},"end":{"line":513,"column":37}},"97":{"start":{"line":521,"column":8},"end":{"line":521,"column":47}},"98":{"start":{"line":525,"column":8},"end":{"line":525,"column":23}},"99":{"start":{"line":533,"column":8},"end":{"line":533,"column":47}},"100":{"start":{"line":541,"column":8},"end":{"line":541,"column":34}},"101":{"start":{"line":556,"column":8},"end":{"line":556,"column":45}},"102":{"start":{"line":573,"column":8},"end":{"line":573,"column":16}},"103":{"start":{"line":588,"column":8},"end":{"line":588,"column":39}},"104":{"start":{"line":603,"column":8},"end":{"line":603,"column":61}},"105":{"start":{"line":616,"column":8},"end":{"line":616,"column":20363}},"106":{"start":{"line":629,"column":8},"end":{"line":629,"column":38}},"107":{"start":{"line":638,"column":8},"end":{"line":638,"column":59}},"108":{"start":{"line":639,"column":8},"end":{"line":639,"column":31}},"109":{"start":{"line":640,"column":8},"end":{"line":640,"column":28}},"110":{"start":{"line":641,"column":8},"end":{"line":641,"column":45}}},"branchMap":{"1":{"line":166,"type":"if","locations":[{"start":{"line":166,"column":6},"end":{"line":166,"column":6}},{"start":{"line":166,"column":6},"end":{"line":166,"column":6}}]},"2":{"line":168,"type":"if","locations":[{"start":{"line":168,"column":8},"end":{"line":168,"column":8}},{"start":{"line":168,"column":8},"end":{"line":168,"column":8}}]},"3":{"line":191,"type":"if","locations":[{"start":{"line":191,"column":8},"end":{"line":191,"column":8}},{"start":{"line":191,"column":8},"end":{"line":191,"column":8}}]},"4":{"line":192,"type":"if","locations":[{"start":{"line":192,"column":8},"end":{"line":192,"column":8}},{"start":{"line":192,"column":8},"end":{"line":192,"column":8}}]},"5":{"line":206,"type":"if","locations":[{"start":{"line":206,"column":8},"end":{"line":206,"column":8}},{"start":{"line":206,"column":8},"end":{"line":206,"column":8}}]},"6":{"line":208,"type":"if","locations":[{"start":{"line":208,"column":8},"end":{"line":208,"column":8}},{"start":{"line":208,"column":8},"end":{"line":208,"column":8}}]},"7":{"line":218,"type":"if","locations":[{"start":{"line":218,"column":8},"end":{"line":218,"column":8}},{"start":{"line":218,"column":8},"end":{"line":218,"column":8}}]},"8":{"line":220,"type":"if","locations":[{"start":{"line":220,"column":8},"end":{"line":220,"column":8}},{"start":{"line":220,"column":8},"end":{"line":220,"column":8}}]},"9":{"line":229,"type":"if","locations":[{"start":{"line":229,"column":8},"end":{"line":229,"column":8}},{"start":{"line":229,"column":8},"end":{"line":229,"column":8}}]},"10":{"line":250,"type":"if","locations":[{"start":{"line":250,"column":6},"end":{"line":250,"column":6}},{"start":{"line":250,"column":6},"end":{"line":250,"column":6}}]},"11":{"line":271,"type":"if","locations":[{"start":{"line":271,"column":8},"end":{"line":271,"column":8}},{"start":{"line":271,"column":8},"end":{"line":271,"column":8}}]},"12":{"line":286,"type":"if","locations":[{"start":{"line":286,"column":8},"end":{"line":286,"column":8}},{"start":{"line":286,"column":8},"end":{"line":286,"column":8}}]},"13":{"line":304,"type":"if","locations":[{"start":{"line":304,"column":8},"end":{"line":304,"column":8}},{"start":{"line":304,"column":8},"end":{"line":304,"column":8}}]},"14":{"line":306,"type":"if","locations":[{"start":{"line":306,"column":8},"end":{"line":306,"column":8}},{"start":{"line":306,"column":8},"end":{"line":306,"column":8}}]},"15":{"line":320,"type":"if","locations":[{"start":{"line":320,"column":8},"end":{"line":320,"column":8}},{"start":{"line":320,"column":8},"end":{"line":320,"column":8}}]},"16":{"line":322,"type":"if","locations":[{"start":{"line":322,"column":8},"end":{"line":322,"column":8}},{"start":{"line":322,"column":8},"end":{"line":322,"column":8}}]},"17":{"line":336,"type":"if","locations":[{"start":{"line":336,"column":8},"end":{"line":336,"column":8}},{"start":{"line":336,"column":8},"end":{"line":336,"column":8}}]},"18":{"line":338,"type":"if","locations":[{"start":{"line":338,"column":8},"end":{"line":338,"column":8}},{"start":{"line":338,"column":8},"end":{"line":338,"column":8}}]},"19":{"line":352,"type":"if","locations":[{"start":{"line":352,"column":8},"end":{"line":352,"column":8}},{"start":{"line":352,"column":8},"end":{"line":352,"column":8}}]},"20":{"line":366,"type":"if","locations":[{"start":{"line":366,"column":8},"end":{"line":366,"column":8}},{"start":{"line":366,"column":8},"end":{"line":366,"column":8}}]},"21":{"line":380,"type":"if","locations":[{"start":{"line":380,"column":8},"end":{"line":380,"column":8}},{"start":{"line":380,"column":8},"end":{"line":380,"column":8}}]},"22":{"line":399,"type":"if","locations":[{"start":{"line":399,"column":8},"end":{"line":399,"column":8}},{"start":{"line":399,"column":8},"end":{"line":399,"column":8}}]},"23":{"line":403,"type":"if","locations":[{"start":{"line":403,"column":8},"end":{"line":403,"column":8}},{"start":{"line":403,"column":8},"end":{"line":403,"column":8}}]},"24":{"line":422,"type":"if","locations":[{"start":{"line":422,"column":8},"end":{"line":422,"column":8}},{"start":{"line":422,"column":8},"end":{"line":422,"column":8}}]},"25":{"line":426,"type":"if","locations":[{"start":{"line":426,"column":8},"end":{"line":426,"column":8}},{"start":{"line":426,"column":8},"end":{"line":426,"column":8}}]},"26":{"line":440,"type":"if","locations":[{"start":{"line":440,"column":8},"end":{"line":440,"column":8}},{"start":{"line":440,"column":8},"end":{"line":440,"column":8}}]},"27":{"line":460,"type":"if","locations":[{"start":{"line":460,"column":8},"end":{"line":460,"column":8}},{"start":{"line":460,"column":8},"end":{"line":460,"column":8}}]},"28":{"line":638,"type":"if","locations":[{"start":{"line":638,"column":8},"end":{"line":638,"column":8}},{"start":{"line":638,"column":8},"end":{"line":638,"column":8}}]}}},"contracts/CommunityValuer.sol":{"l":{"65":3,"88":20,"92":20,"94":20,"95":20,"96":20,"97":20,"98":20,"100":20,"101":0,"104":0,"105":0,"107":0,"108":0,"110":0,"112":0,"116":20,"117":0,"118":0,"121":20,"122":20,"124":20,"125":20},"path":"/Users/iYalovoy/repo/babylon/protocol/contracts/CommunityValuer.sol","s":{"1":3,"2":20,"3":20,"4":20,"5":20,"6":20,"7":20,"8":20,"9":20,"10":0,"11":0,"12":0,"13":0,"14":0,"15":0,"16":0,"17":20,"18":0,"19":0,"20":20,"21":20,"22":20,"23":20},"b":{"1":[0,20]},"f":{"1":3,"2":20},"fnMap":{"1":{"name":"constructor","line":64,"loc":{"start":{"line":64,"column":4},"end":{"line":66,"column":4}}},"2":{"name":"calculateGardenValuation","line":83,"loc":{"start":{"line":83,"column":4},"end":{"line":126,"column":4}}}},"statementMap":{"1":{"start":{"line":65,"column":8},"end":{"line":65,"column":31}},"2":{"start":{"line":88,"column":8},"end":{"line":88,"column":92}},"3":{"start":{"line":92,"column":8},"end":{"line":92,"column":65}},"4":{"start":{"line":94,"column":8},"end":{"line":94,"column":61}},"5":{"start":{"line":95,"column":8},"end":{"line":95,"column":24}},"6":{"start":{"line":96,"column":8},"end":{"line":96,"column":3560}},"7":{"start":{"line":97,"column":10},"end":{"line":97,"column":55}},"8":{"start":{"line":98,"column":10},"end":{"line":98,"column":62}},"9":{"start":{"line":100,"column":10},"end":{"line":100,"column":3744}},"10":{"start":{"line":101,"column":12},"end":{"line":101,"column":44}},"11":{"start":{"line":104,"column":12},"end":{"line":104,"column":86}},"12":{"start":{"line":105,"column":12},"end":{"line":105,"column":74}},"13":{"start":{"line":107,"column":12},"end":{"line":107,"column":60}},"14":{"start":{"line":108,"column":12},"end":{"line":108,"column":50}},"15":{"start":{"line":110,"column":12},"end":{"line":110,"column":84}},"16":{"start":{"line":112,"column":12},"end":{"line":112,"column":91}},"17":{"start":{"line":116,"column":8},"end":{"line":116,"column":4598}},"18":{"start":{"line":117,"column":12},"end":{"line":117,"column":87}},"19":{"start":{"line":118,"column":12},"end":{"line":118,"column":69}},"20":{"start":{"line":121,"column":8},"end":{"line":121,"column":96}},"21":{"start":{"line":122,"column":8},"end":{"line":122,"column":141}},"22":{"start":{"line":124,"column":8},"end":{"line":124,"column":69}},"23":{"start":{"line":125,"column":8},"end":{"line":125,"column":70}}},"branchMap":{"1":{"line":116,"type":"if","locations":[{"start":{"line":116,"column":8},"end":{"line":116,"column":8}},{"start":{"line":116,"column":8},"end":{"line":116,"column":8}}]}}},"contracts/gardens/BaseGarden.sol":{"l":{"84":7,"85":7,"92":6,"93":6,"100":1,"101":1,"108":0,"109":0,"116":1,"117":1,"124":0,"125":0,"132":28,"133":26,"140":1,"141":1,"228":3,"229":3,"230":3,"231":3,"233":3,"234":3,"235":3,"236":3,"238":3,"239":21,"241":3,"242":3,"267":1,"271":1,"272":1,"273":1,"274":1,"275":1,"276":1,"277":1,"278":1,"279":1,"290":0,"292":0,"299":1,"302":1,"309":5,"310":5,"319":0,"339":2,"340":2,"341":2,"351":2,"352":2,"353":2,"361":0,"362":0,"363":0,"364":0,"365":0,"366":0,"367":0,"378":1,"379":1,"380":1,"389":0,"390":0,"391":0,"392":0,"394":0,"406":38,"410":1,"414":19,"418":41,"422":0,"433":0,"437":4,"448":17,"449":17,"450":17,"451":17,"452":17,"453":17,"454":0,"455":0,"456":0,"481":0,"482":0,"487":0,"488":0,"489":0,"498":20,"499":20,"500":20,"505":21,"507":21,"509":21,"513":0,"514":0,"523":19,"524":2,"532":28,"536":1,"540":7,"548":20,"552":0},"path":"/Users/iYalovoy/repo/babylon/protocol/contracts/gardens/BaseGarden.sol","s":{"1":7,"2":6,"3":1,"4":0,"5":1,"6":0,"7":28,"8":1,"9":3,"10":3,"11":3,"12":3,"13":3,"14":3,"15":3,"16":3,"17":3,"18":21,"19":3,"20":3,"21":1,"22":1,"23":1,"24":1,"25":1,"26":1,"27":1,"28":1,"29":1,"30":1,"31":0,"32":0,"33":1,"34":1,"35":5,"36":5,"37":0,"38":2,"39":2,"40":2,"41":2,"42":2,"43":2,"44":0,"45":0,"46":0,"47":0,"48":0,"49":0,"50":0,"51":1,"52":1,"53":1,"54":0,"55":0,"56":0,"57":0,"58":0,"59":38,"60":1,"61":19,"62":41,"63":0,"64":0,"65":4,"66":17,"67":17,"68":17,"69":17,"70":17,"71":17,"72":0,"73":0,"74":0,"75":0,"76":0,"77":0,"78":0,"79":0,"80":20,"81":20,"82":20,"83":21,"84":21,"85":21,"86":0,"87":0,"88":19,"89":2,"90":28,"91":1,"92":7,"93":20,"94":0},"b":{"1":[6,0],"2":[1,0],"3":[0,0],"4":[1,0],"5":[0,0],"6":[3,0],"7":[3,0],"8":[3,0],"9":[1,0],"10":[1,0],"11":[1,0],"12":[5,0],"13":[2,0],"14":[0,0],"15":[1,0],"16":[1,0],"17":[0,0],"18":[0,0],"19":[0,17],"20":[0,0],"21":[0,0],"22":[21,0],"23":[2,17],"24":[2,0],"25":[26,2],"26":[1,0],"27":[7,0],"28":[20,0]},"f":{"1":7,"2":6,"3":1,"4":0,"5":1,"6":0,"7":28,"8":1,"9":3,"10":1,"11":0,"12":1,"13":5,"14":0,"15":2,"16":0,"17":1,"18":0,"19":38,"20":1,"21":19,"22":41,"23":0,"24":0,"25":4,"26":17,"27":0,"28":20,"29":21,"30":0,"31":19,"32":28,"33":1,"34":7,"35":20,"36":0},"fnMap":{"1":{"name":"onlyContributor","line":83,"loc":{"start":{"line":83,"column":4},"end":{"line":86,"column":4}}},"2":{"name":"onlyProtocol","line":91,"loc":{"start":{"line":91,"column":4},"end":{"line":94,"column":4}}},"3":{"name":"onlyCreator","line":99,"loc":{"start":{"line":99,"column":4},"end":{"line":102,"column":4}}},"4":{"name":"onlyKeeper","line":107,"loc":{"start":{"line":107,"column":4},"end":{"line":110,"column":4}}},"5":{"name":"onlyStrategy","line":115,"loc":{"start":{"line":115,"column":4},"end":{"line":118,"column":4}}},"6":{"name":"onlyStrategyOrOwner","line":123,"loc":{"start":{"line":123,"column":4},"end":{"line":126,"column":4}}},"7":{"name":"onlyActive","line":131,"loc":{"start":{"line":131,"column":4},"end":{"line":134,"column":4}}},"8":{"name":"onlyInactive","line":139,"loc":{"start":{"line":139,"column":4},"end":{"line":142,"column":4}}},"9":{"name":"initialize","line":227,"loc":{"start":{"line":219,"column":4},"end":{"line":243,"column":4}}},"10":{"name":"startCommon","line":257,"loc":{"start":{"line":257,"column":4},"end":{"line":280,"column":4}}},"11":{"name":"editReserveAsset","line":289,"loc":{"start":{"line":289,"column":4},"end":{"line":293,"column":4}}},"12":{"name":"setActive","line":298,"loc":{"start":{"line":298,"column":4},"end":{"line":303,"column":4}}},"13":{"name":"setDisabled","line":308,"loc":{"start":{"line":308,"column":4},"end":{"line":311,"column":4}}},"14":{"name":"updatePrincipal","line":318,"loc":{"start":{"line":318,"column":4},"end":{"line":320,"column":4}}},"15":{"name":"addStrategy","line":338,"loc":{"start":{"line":332,"column":4},"end":{"line":354,"column":4}}},"16":{"name":"rebalanceInvestments","line":360,"loc":{"start":{"line":360,"column":4},"end":{"line":370,"column":4}}},"17":{"name":"allocateCapitalToInvestment","line":377,"loc":{"start":{"line":377,"column":4},"end":{"line":384,"column":4}}},"18":{"name":"sweep","line":388,"loc":{"start":{"line":388,"column":4},"end":{"line":395,"column":4}}},"19":{"name":"getStrategies","line":405,"loc":{"start":{"line":405,"column":4},"end":{"line":407,"column":4}}},"20":{"name":"isStrategy","line":409,"loc":{"start":{"line":409,"column":4},"end":{"line":411,"column":4}}},"21":{"name":"getPrincipal","line":413,"loc":{"start":{"line":413,"column":4},"end":{"line":415,"column":4}}},"22":{"name":"getReserveAsset","line":417,"loc":{"start":{"line":417,"column":4},"end":{"line":419,"column":4}}},"23":{"name":"getIntegrations","line":421,"loc":{"start":{"line":421,"column":4},"end":{"line":423,"column":4}}},"24":{"name":"hasIntegration","line":428,"loc":{"start":{"line":428,"column":4},"end":{"line":434,"column":4}}},"25":{"name":"isValidIntegration","line":436,"loc":{"start":{"line":436,"column":4},"end":{"line":438,"column":4}}},"26":{"name":"updatePositionTWAPPrices","line":446,"loc":{"start":{"line":446,"column":4},"end":{"line":461,"column":4}}},"27":{"name":"_trade","line":473,"loc":{"start":{"line":473,"column":4},"end":{"line":490,"column":4}}},"28":{"name":"_updatePrincipal","line":497,"loc":{"start":{"line":497,"column":4},"end":{"line":501,"column":4}}},"29":{"name":"_addIntegration","line":503,"loc":{"start":{"line":503,"column":4},"end":{"line":510,"column":4}}},"30":{"name":"_getPrice","line":512,"loc":{"start":{"line":512,"column":4},"end":{"line":515,"column":4}}},"31":{"name":"payProtocolFeeFromGarden","line":520,"loc":{"start":{"line":520,"column":4},"end":{"line":529,"column":4}}},"32":{"name":"_validateOnlyActive","line":531,"loc":{"start":{"line":531,"column":4},"end":{"line":533,"column":4}}},"33":{"name":"_validateOnlyInactive","line":535,"loc":{"start":{"line":535,"column":4},"end":{"line":537,"column":4}}},"34":{"name":"_validateOnlyContributor","line":539,"loc":{"start":{"line":539,"column":4},"end":{"line":544,"column":4}}},"35":{"name":"_beforeTokenTransfer","line":547,"loc":{"start":{"line":547,"column":4},"end":{"line":549,"column":4}}},"36":{"name":"abs","line":551,"loc":{"start":{"line":551,"column":4},"end":{"line":553,"column":4}}}},"statementMap":{"1":{"start":{"line":84,"column":6},"end":{"line":84,"column":41}},"2":{"start":{"line":92,"column":6},"end":{"line":92,"column":75}},"3":{"start":{"line":100,"column":6},"end":{"line":100,"column":69}},"4":{"start":{"line":108,"column":6},"end":{"line":108,"column":97}},"5":{"start":{"line":116,"column":6},"end":{"line":116,"column":94}},"6":{"start":{"line":124,"column":6},"end":{"line":124,"column":122}},"7":{"start":{"line":132,"column":8},"end":{"line":132,"column":28}},"8":{"start":{"line":140,"column":8},"end":{"line":140,"column":30}},"9":{"start":{"line":228,"column":8},"end":{"line":228,"column":67}},"10":{"start":{"line":229,"column":8},"end":{"line":229,"column":73}},"11":{"start":{"line":230,"column":8},"end":{"line":230,"column":71}},"12":{"start":{"line":231,"column":8},"end":{"line":231,"column":35}},"13":{"start":{"line":233,"column":8},"end":{"line":233,"column":31}},"14":{"start":{"line":234,"column":8},"end":{"line":234,"column":19}},"15":{"start":{"line":235,"column":8},"end":{"line":235,"column":35}},"16":{"start":{"line":236,"column":8},"end":{"line":236,"column":25}},"17":{"start":{"line":238,"column":8},"end":{"line":238,"column":8499}},"18":{"start":{"line":239,"column":10},"end":{"line":239,"column":42}},"19":{"start":{"line":241,"column":8},"end":{"line":241,"column":20}},"20":{"start":{"line":242,"column":8},"end":{"line":242,"column":21}},"21":{"start":{"line":267,"column":6},"end":{"line":267,"column":9969}},"22":{"start":{"line":271,"column":6},"end":{"line":271,"column":76}},"23":{"start":{"line":272,"column":6},"end":{"line":272,"column":39}},"24":{"start":{"line":273,"column":6},"end":{"line":273,"column":71}},"25":{"start":{"line":274,"column":6},"end":{"line":274,"column":69}},"26":{"start":{"line":275,"column":6},"end":{"line":275,"column":67}},"27":{"start":{"line":276,"column":6},"end":{"line":276,"column":53}},"28":{"start":{"line":277,"column":6},"end":{"line":277,"column":39}},"29":{"start":{"line":278,"column":6},"end":{"line":278,"column":39}},"30":{"start":{"line":279,"column":6},"end":{"line":279,"column":39}},"31":{"start":{"line":290,"column":8},"end":{"line":290,"column":35}},"32":{"start":{"line":292,"column":8},"end":{"line":292,"column":47}},"33":{"start":{"line":299,"column":6},"end":{"line":299,"column":11326}},"34":{"start":{"line":302,"column":6},"end":{"line":302,"column":18}},"35":{"start":{"line":309,"column":6},"end":{"line":309,"column":49}},"36":{"start":{"line":310,"column":6},"end":{"line":310,"column":19}},"37":{"start":{"line":319,"column":6},"end":{"line":319,"column":30}},"38":{"start":{"line":339,"column":6},"end":{"line":339,"column":84}},"39":{"start":{"line":340,"column":6},"end":{"line":340,"column":106}},"40":{"start":{"line":341,"column":6},"end":{"line":341,"column":13057}},"41":{"start":{"line":351,"column":6},"end":{"line":351,"column":37}},"42":{"start":{"line":352,"column":6},"end":{"line":352,"column":40}},"43":{"start":{"line":353,"column":6},"end":{"line":353,"column":30}},"44":{"start":{"line":361,"column":6},"end":{"line":361,"column":90}},"45":{"start":{"line":362,"column":6},"end":{"line":362,"column":13796}},"46":{"start":{"line":363,"column":8},"end":{"line":363,"column":53}},"47":{"start":{"line":364,"column":8},"end":{"line":364,"column":85}},"48":{"start":{"line":365,"column":8},"end":{"line":365,"column":70}},"49":{"start":{"line":366,"column":8},"end":{"line":366,"column":14067}},"50":{"start":{"line":367,"column":10},"end":{"line":367,"column":47}},"51":{"start":{"line":378,"column":6},"end":{"line":378,"column":90}},"52":{"start":{"line":379,"column":6},"end":{"line":379,"column":66}},"53":{"start":{"line":380,"column":6},"end":{"line":380,"column":14733}},"54":{"start":{"line":389,"column":7},"end":{"line":389,"column":71}},"55":{"start":{"line":390,"column":7},"end":{"line":390,"column":74}},"56":{"start":{"line":391,"column":7},"end":{"line":391,"column":47}},"57":{"start":{"line":392,"column":7},"end":{"line":392,"column":35}},"58":{"start":{"line":394,"column":7},"end":{"line":394,"column":73}},"59":{"start":{"line":406,"column":6},"end":{"line":406,"column":23}},"60":{"start":{"line":410,"column":6},"end":{"line":410,"column":39}},"61":{"start":{"line":414,"column":6},"end":{"line":414,"column":22}},"62":{"start":{"line":418,"column":6},"end":{"line":418,"column":25}},"63":{"start":{"line":422,"column":8},"end":{"line":422,"column":27}},"64":{"start":{"line":433,"column":8},"end":{"line":433,"column":50}},"65":{"start":{"line":437,"column":6},"end":{"line":437,"column":48}},"66":{"start":{"line":448,"column":6},"end":{"line":448,"column":66}},"67":{"start":{"line":449,"column":6},"end":{"line":449,"column":52}},"68":{"start":{"line":450,"column":6},"end":{"line":450,"column":16949}},"69":{"start":{"line":451,"column":8},"end":{"line":451,"column":54}},"70":{"start":{"line":452,"column":8},"end":{"line":452,"column":61}},"71":{"start":{"line":453,"column":8},"end":{"line":453,"column":17129}},"72":{"start":{"line":454,"column":10},"end":{"line":454,"column":17166}},"73":{"start":{"line":455,"column":12},"end":{"line":455,"column":17226}},"74":{"start":{"line":456,"column":14},"end":{"line":456,"column":77}},"75":{"start":{"line":481,"column":6},"end":{"line":481,"column":98}},"76":{"start":{"line":482,"column":6},"end":{"line":482,"column":18266}},"77":{"start":{"line":487,"column":6},"end":{"line":487,"column":85}},"78":{"start":{"line":488,"column":6},"end":{"line":488,"column":53}},"79":{"start":{"line":489,"column":6},"end":{"line":489,"column":124}},"80":{"start":{"line":498,"column":6},"end":{"line":498,"column":35}},"81":{"start":{"line":499,"column":6},"end":{"line":499,"column":24}},"82":{"start":{"line":500,"column":6},"end":{"line":500,"column":47}},"83":{"start":{"line":505,"column":8},"end":{"line":505,"column":81}},"84":{"start":{"line":507,"column":8},"end":{"line":507,"column":38}},"85":{"start":{"line":509,"column":8},"end":{"line":509,"column":43}},"86":{"start":{"line":513,"column":6},"end":{"line":513,"column":85}},"87":{"start":{"line":514,"column":6},"end":{"line":514,"column":50}},"88":{"start":{"line":523,"column":8},"end":{"line":523,"column":19745}},"89":{"start":{"line":524,"column":12},"end":{"line":524,"column":19809}},"90":{"start":{"line":532,"column":8},"end":{"line":532,"column":55}},"91":{"start":{"line":536,"column":8},"end":{"line":536,"column":58}},"92":{"start":{"line":540,"column":8},"end":{"line":540,"column":20283}},"93":{"start":{"line":548,"column":6},"end":{"line":548,"column":152}},"94":{"start":{"line":552,"column":6},"end":{"line":552,"column":28}}},"branchMap":{"1":{"line":92,"type":"if","locations":[{"start":{"line":92,"column":6},"end":{"line":92,"column":6}},{"start":{"line":92,"column":6},"end":{"line":92,"column":6}}]},"2":{"line":100,"type":"if","locations":[{"start":{"line":100,"column":6},"end":{"line":100,"column":6}},{"start":{"line":100,"column":6},"end":{"line":100,"column":6}}]},"3":{"line":108,"type":"if","locations":[{"start":{"line":108,"column":6},"end":{"line":108,"column":6}},{"start":{"line":108,"column":6},"end":{"line":108,"column":6}}]},"4":{"line":116,"type":"if","locations":[{"start":{"line":116,"column":6},"end":{"line":116,"column":6}},{"start":{"line":116,"column":6},"end":{"line":116,"column":6}}]},"5":{"line":124,"type":"if","locations":[{"start":{"line":124,"column":6},"end":{"line":124,"column":6}},{"start":{"line":124,"column":6},"end":{"line":124,"column":6}}]},"6":{"line":228,"type":"if","locations":[{"start":{"line":228,"column":8},"end":{"line":228,"column":8}},{"start":{"line":228,"column":8},"end":{"line":228,"column":8}}]},"7":{"line":229,"type":"if","locations":[{"start":{"line":229,"column":8},"end":{"line":229,"column":8}},{"start":{"line":229,"column":8},"end":{"line":229,"column":8}}]},"8":{"line":230,"type":"if","locations":[{"start":{"line":230,"column":8},"end":{"line":230,"column":8}},{"start":{"line":230,"column":8},"end":{"line":230,"column":8}}]},"9":{"line":267,"type":"if","locations":[{"start":{"line":267,"column":6},"end":{"line":267,"column":6}},{"start":{"line":267,"column":6},"end":{"line":267,"column":6}}]},"10":{"line":271,"type":"if","locations":[{"start":{"line":271,"column":6},"end":{"line":271,"column":6}},{"start":{"line":271,"column":6},"end":{"line":271,"column":6}}]},"11":{"line":299,"type":"if","locations":[{"start":{"line":299,"column":6},"end":{"line":299,"column":6}},{"start":{"line":299,"column":6},"end":{"line":299,"column":6}}]},"12":{"line":309,"type":"if","locations":[{"start":{"line":309,"column":6},"end":{"line":309,"column":6}},{"start":{"line":309,"column":6},"end":{"line":309,"column":6}}]},"13":{"line":339,"type":"if","locations":[{"start":{"line":339,"column":6},"end":{"line":339,"column":6}},{"start":{"line":339,"column":6},"end":{"line":339,"column":6}}]},"14":{"line":366,"type":"if","locations":[{"start":{"line":366,"column":8},"end":{"line":366,"column":8}},{"start":{"line":366,"column":8},"end":{"line":366,"column":8}}]},"15":{"line":379,"type":"if","locations":[{"start":{"line":379,"column":6},"end":{"line":379,"column":6}},{"start":{"line":379,"column":6},"end":{"line":379,"column":6}}]},"16":{"line":380,"type":"if","locations":[{"start":{"line":380,"column":6},"end":{"line":380,"column":6}},{"start":{"line":380,"column":6},"end":{"line":380,"column":6}}]},"17":{"line":389,"type":"if","locations":[{"start":{"line":389,"column":7},"end":{"line":389,"column":7}},{"start":{"line":389,"column":7},"end":{"line":389,"column":7}}]},"18":{"line":391,"type":"if","locations":[{"start":{"line":391,"column":7},"end":{"line":391,"column":7}},{"start":{"line":391,"column":7},"end":{"line":391,"column":7}}]},"19":{"line":453,"type":"if","locations":[{"start":{"line":453,"column":8},"end":{"line":453,"column":8}},{"start":{"line":453,"column":8},"end":{"line":453,"column":8}}]},"20":{"line":455,"type":"if","locations":[{"start":{"line":455,"column":12},"end":{"line":455,"column":12}},{"start":{"line":455,"column":12},"end":{"line":455,"column":12}}]},"21":{"line":482,"type":"if","locations":[{"start":{"line":482,"column":6},"end":{"line":482,"column":6}},{"start":{"line":482,"column":6},"end":{"line":482,"column":6}}]},"22":{"line":505,"type":"if","locations":[{"start":{"line":505,"column":8},"end":{"line":505,"column":8}},{"start":{"line":505,"column":8},"end":{"line":505,"column":8}}]},"23":{"line":523,"type":"if","locations":[{"start":{"line":523,"column":8},"end":{"line":523,"column":8}},{"start":{"line":523,"column":8},"end":{"line":523,"column":8}}]},"24":{"line":524,"type":"if","locations":[{"start":{"line":524,"column":12},"end":{"line":524,"column":12}},{"start":{"line":524,"column":12},"end":{"line":524,"column":12}}]},"25":{"line":532,"type":"if","locations":[{"start":{"line":532,"column":8},"end":{"line":532,"column":8}},{"start":{"line":532,"column":8},"end":{"line":532,"column":8}}]},"26":{"line":536,"type":"if","locations":[{"start":{"line":536,"column":8},"end":{"line":536,"column":8}},{"start":{"line":536,"column":8},"end":{"line":536,"column":8}}]},"27":{"line":540,"type":"if","locations":[{"start":{"line":540,"column":8},"end":{"line":540,"column":8}},{"start":{"line":540,"column":8},"end":{"line":540,"column":8}}]},"28":{"line":548,"type":"if","locations":[{"start":{"line":548,"column":6},"end":{"line":548,"column":6}},{"start":{"line":548,"column":6},"end":{"line":548,"column":6}}]}}},"contracts/gardens/GardenFactory.sol":{"l":{"36":3,"47":3,"48":3,"56":3},"path":"/Users/iYalovoy/repo/babylon/protocol/contracts/gardens/GardenFactory.sol","s":{"1":3,"2":3,"3":3,"4":3},"b":{},"f":{"1":3,"2":3},"fnMap":{"1":{"name":"constructor","line":35,"loc":{"start":{"line":35,"column":2},"end":{"line":37,"column":2}}},"2":{"name":"createRollingGarden","line":39,"loc":{"start":{"line":39,"column":2},"end":{"line":57,"column":2}}}},"statementMap":{"1":{"start":{"line":36,"column":4},"end":{"line":36,"column":47}},"2":{"start":{"line":47,"column":6},"end":{"line":47,"column":66}},"3":{"start":{"line":48,"column":6},"end":{"line":48,"column":1367}},"4":{"start":{"line":56,"column":6},"end":{"line":56,"column":18}}},"branchMap":{}},"contracts/gardens/RollingGarden.sol":{"l":{"96":3,"105":3,"141":1,"143":1,"144":1,"145":1,"149":1,"152":1,"153":1,"154":1,"156":1,"157":1,"158":1,"159":1,"160":1,"161":1,"162":1,"163":1,"175":1,"177":1,"178":1,"179":1,"181":1,"183":1,"199":18,"204":18,"205":18,"207":17,"209":17,"211":17,"213":17,"215":17,"217":17,"220":17,"223":17,"226":17,"227":17,"228":17,"230":17,"249":5,"254":3,"256":2,"257":2,"260":2,"262":2,"268":2,"270":2,"276":2,"277":2,"279":0,"280":0,"283":2,"284":2,"287":2,"289":2,"290":2,"311":0,"316":0,"318":0,"319":0,"321":0,"324":0,"326":0,"327":0,"333":0,"335":0,"341":0,"343":0,"345":0,"360":0,"361":0,"369":19,"371":0,"381":0,"382":0,"383":0,"384":0,"395":2,"396":2,"397":2,"403":0,"404":0,"419":0,"422":0,"424":0,"439":0,"457":0,"459":0,"464":0,"466":0,"472":0,"475":0,"487":19,"488":19,"500":17,"505":17,"518":2,"523":2,"533":17,"534":17,"535":17,"537":17,"542":17,"549":17,"554":17,"556":17,"563":2,"565":2,"567":2,"572":2,"577":2,"579":2,"582":2,"585":2,"590":2,"593":2,"617":19,"624":19,"627":19,"630":19,"640":17,"642":17,"645":17,"646":17,"647":17,"649":17,"653":17,"658":17,"662":17,"671":2,"675":2,"678":2,"679":2,"684":2,"691":18,"693":18,"694":15,"696":18,"697":18,"698":18,"702":18},"path":"/Users/iYalovoy/repo/babylon/protocol/contracts/gardens/RollingGarden.sol","s":{"1":3,"2":3,"3":1,"4":1,"5":1,"6":1,"7":1,"8":1,"9":1,"10":1,"11":1,"12":1,"13":1,"14":1,"15":1,"16":1,"17":1,"18":1,"19":1,"20":1,"21":1,"22":1,"23":1,"24":1,"25":18,"26":18,"27":18,"28":17,"29":17,"30":17,"31":17,"32":17,"33":17,"34":17,"35":17,"36":17,"37":17,"38":17,"39":17,"40":5,"41":3,"42":2,"43":2,"44":2,"45":2,"46":2,"47":2,"48":2,"49":2,"50":0,"51":0,"52":2,"53":2,"54":2,"55":2,"56":2,"57":0,"58":0,"59":0,"60":0,"61":0,"62":0,"63":0,"64":0,"65":0,"66":0,"67":0,"68":0,"69":0,"70":0,"71":0,"72":19,"73":0,"74":0,"75":0,"76":0,"77":0,"78":2,"79":2,"80":2,"81":0,"82":0,"83":0,"84":0,"85":0,"86":0,"87":0,"88":0,"89":0,"90":0,"91":0,"92":0,"93":19,"94":19,"95":17,"96":17,"97":2,"98":2,"99":17,"100":17,"101":17,"102":17,"103":17,"104":17,"105":17,"106":17,"107":2,"108":2,"109":2,"110":2,"111":2,"112":2,"113":2,"114":2,"115":2,"116":2,"117":19,"118":19,"119":19,"120":19,"121":17,"122":17,"123":17,"124":17,"125":17,"126":17,"127":17,"128":17,"129":17,"130":2,"131":2,"132":2,"133":2,"134":2,"135":18,"136":18,"137":15,"138":18,"139":18,"140":18,"141":18},"b":{"1":[1,0],"2":[1,0],"3":[1,0],"4":[1,0],"5":[1,0],"6":[1,0],"7":[1,0],"8":[18,0],"9":[18,0],"10":[17,1],"11":[17,0],"12":[3,2],"13":[2,1],"14":[2,0],"15":[0,2],"16":[0,0],"17":[0,0],"18":[0,0],"19":[0,0],"20":[0,0],"21":[0,19],"22":[0,0],"23":[0,0],"24":[19,0],"25":[19,0],"26":[17,0],"27":[17,0],"28":[2,0],"29":[2,0],"30":[2,0],"31":[15,3]},"f":{"1":3,"2":1,"3":18,"4":5,"5":0,"6":0,"7":19,"8":0,"9":2,"10":0,"11":0,"12":0,"13":0,"14":19,"15":17,"16":2,"17":17,"18":2,"19":19,"20":17,"21":2,"22":18},"fnMap":{"1":{"name":"initialize","line":87,"loc":{"start":{"line":87,"column":4},"end":{"line":106,"column":4}}},"2":{"name":"start","line":140,"loc":{"start":{"line":127,"column":4},"end":{"line":184,"column":4}}},"3":{"name":"deposit","line":198,"loc":{"start":{"line":194,"column":4},"end":{"line":235,"column":4}}},"4":{"name":"withdraw","line":248,"loc":{"start":{"line":244,"column":4},"end":{"line":296,"column":4}}},"5":{"name":"withdrawToReservePool","line":310,"loc":{"start":{"line":306,"column":4},"end":{"line":351,"column":4}}},"6":{"name":"startRedemptionWindow","line":359,"loc":{"start":{"line":359,"column":4},"end":{"line":362,"column":4}}},"7":{"name":"reenableEthForInvestments","line":368,"loc":{"start":{"line":368,"column":4},"end":{"line":373,"column":4}}},"8":{"name":"burnAssetsFromSenderAndMintToReserve","line":380,"loc":{"start":{"line":380,"column":4},"end":{"line":385,"column":4}}},"9":{"name":"canWithdrawEthAmount","line":394,"loc":{"start":{"line":394,"column":4},"end":{"line":400,"column":4}}},"10":{"name":"getContributor","line":402,"loc":{"start":{"line":402,"column":4},"end":{"line":405,"column":4}}},"11":{"name":"getExpectedReserveWithdrawalQuantity","line":415,"loc":{"start":{"line":415,"column":4},"end":{"line":425,"column":4}}},"12":{"name":"isDepositValid","line":435,"loc":{"start":{"line":435,"column":4},"end":{"line":443,"column":4}}},"13":{"name":"isWithdrawalValid","line":453,"loc":{"start":{"line":453,"column":4},"end":{"line":477,"column":4}}},"14":{"name":"_validateReserveAsset","line":483,"loc":{"start":{"line":483,"column":4},"end":{"line":492,"column":4}}},"15":{"name":"_validateIssuanceInfo","line":494,"loc":{"start":{"line":494,"column":4},"end":{"line":509,"column":4}}},"16":{"name":"_validateRedemptionInfo","line":511,"loc":{"start":{"line":511,"column":4},"end":{"line":527,"column":4}}},"17":{"name":"_createIssuanceInfo","line":529,"loc":{"start":{"line":529,"column":4},"end":{"line":557,"column":4}}},"18":{"name":"_createRedemptionInfo","line":559,"loc":{"start":{"line":559,"column":4},"end":{"line":594,"column":4}}},"19":{"name":"_getFees","line":608,"loc":{"start":{"line":608,"column":4},"end":{"line":631,"column":4}}},"20":{"name":"_getGardenTokenMintQuantity","line":633,"loc":{"start":{"line":633,"column":4},"end":{"line":663,"column":4}}},"21":{"name":"_getWithdrawalReserveQuantity","line":665,"loc":{"start":{"line":665,"column":4},"end":{"line":685,"column":4}}},"22":{"name":"_updateContributorInfo","line":690,"loc":{"start":{"line":690,"column":4},"end":{"line":708,"column":4}}}},"statementMap":{"1":{"start":{"line":96,"column":6},"end":{"line":96,"column":4256}},"2":{"start":{"line":105,"column":6},"end":{"line":105,"column":26}},"3":{"start":{"line":141,"column":8},"end":{"line":141,"column":104}},"4":{"start":{"line":143,"column":8},"end":{"line":143,"column":72}},"5":{"start":{"line":144,"column":8},"end":{"line":144,"column":64}},"6":{"start":{"line":145,"column":8},"end":{"line":145,"column":6704}},"7":{"start":{"line":149,"column":8},"end":{"line":149,"column":6866}},"8":{"start":{"line":152,"column":8},"end":{"line":152,"column":48}},"9":{"start":{"line":153,"column":8},"end":{"line":153,"column":72}},"10":{"start":{"line":154,"column":8},"end":{"line":154,"column":7151}},"11":{"start":{"line":156,"column":8},"end":{"line":156,"column":110}},"12":{"start":{"line":157,"column":8},"end":{"line":157,"column":51}},"13":{"start":{"line":158,"column":8},"end":{"line":158,"column":41}},"14":{"start":{"line":159,"column":8},"end":{"line":159,"column":44}},"15":{"start":{"line":160,"column":8},"end":{"line":160,"column":45}},"16":{"start":{"line":161,"column":8},"end":{"line":161,"column":41}},"17":{"start":{"line":162,"column":8},"end":{"line":162,"column":56}},"18":{"start":{"line":163,"column":8},"end":{"line":163,"column":7646}},"19":{"start":{"line":175,"column":8},"end":{"line":175,"column":57}},"20":{"start":{"line":177,"column":8},"end":{"line":177,"column":36}},"21":{"start":{"line":178,"column":8},"end":{"line":178,"column":66}},"22":{"start":{"line":179,"column":8},"end":{"line":179,"column":45}},"23":{"start":{"line":181,"column":8},"end":{"line":181,"column":75}},"24":{"start":{"line":183,"column":8},"end":{"line":183,"column":20}},"25":{"start":{"line":199,"column":8},"end":{"line":199,"column":8894}},"26":{"start":{"line":204,"column":8},"end":{"line":204,"column":9062}},"27":{"start":{"line":205,"column":10},"end":{"line":205,"column":82}},"28":{"start":{"line":207,"column":8},"end":{"line":207,"column":72}},"29":{"start":{"line":209,"column":8},"end":{"line":209,"column":33}},"30":{"start":{"line":211,"column":8},"end":{"line":211,"column":46}},"31":{"start":{"line":213,"column":8},"end":{"line":213,"column":34}},"32":{"start":{"line":215,"column":8},"end":{"line":215,"column":65}},"33":{"start":{"line":217,"column":8},"end":{"line":217,"column":9631}},"34":{"start":{"line":220,"column":8},"end":{"line":220,"column":73}},"35":{"start":{"line":223,"column":8},"end":{"line":223,"column":71}},"36":{"start":{"line":226,"column":8},"end":{"line":226,"column":50}},"37":{"start":{"line":227,"column":8},"end":{"line":227,"column":73}},"38":{"start":{"line":228,"column":8},"end":{"line":228,"column":62}},"39":{"start":{"line":230,"column":8},"end":{"line":230,"column":10103}},"40":{"start":{"line":249,"column":8},"end":{"line":249,"column":10832}},"41":{"start":{"line":254,"column":8},"end":{"line":254,"column":119}},"42":{"start":{"line":256,"column":8},"end":{"line":256,"column":34}},"43":{"start":{"line":257,"column":8},"end":{"line":257,"column":11278}},"44":{"start":{"line":260,"column":8},"end":{"line":260,"column":74}},"45":{"start":{"line":262,"column":8},"end":{"line":262,"column":11410}},"46":{"start":{"line":268,"column":8},"end":{"line":268,"column":46}},"47":{"start":{"line":270,"column":8},"end":{"line":270,"column":11607}},"48":{"start":{"line":276,"column":8},"end":{"line":276,"column":104}},"49":{"start":{"line":277,"column":8},"end":{"line":277,"column":11896}},"50":{"start":{"line":279,"column":10},"end":{"line":279,"column":76}},"51":{"start":{"line":280,"column":10},"end":{"line":280,"column":46}},"52":{"start":{"line":283,"column":10},"end":{"line":283,"column":61}},"53":{"start":{"line":284,"column":10},"end":{"line":284,"column":53}},"54":{"start":{"line":287,"column":8},"end":{"line":287,"column":74}},"55":{"start":{"line":289,"column":8},"end":{"line":289,"column":65}},"56":{"start":{"line":290,"column":8},"end":{"line":290,"column":12449}},"57":{"start":{"line":311,"column":6},"end":{"line":311,"column":13214}},"58":{"start":{"line":316,"column":6},"end":{"line":316,"column":117}},"59":{"start":{"line":318,"column":6},"end":{"line":318,"column":90}},"60":{"start":{"line":319,"column":6},"end":{"line":319,"column":115}},"61":{"start":{"line":321,"column":6},"end":{"line":321,"column":13771}},"62":{"start":{"line":324,"column":6},"end":{"line":324,"column":72}},"63":{"start":{"line":326,"column":6},"end":{"line":326,"column":103}},"64":{"start":{"line":327,"column":6},"end":{"line":327,"column":14073}},"65":{"start":{"line":333,"column":6},"end":{"line":333,"column":112}},"66":{"start":{"line":335,"column":6},"end":{"line":335,"column":14326}},"67":{"start":{"line":341,"column":6},"end":{"line":341,"column":72}},"68":{"start":{"line":343,"column":6},"end":{"line":343,"column":63}},"69":{"start":{"line":345,"column":6},"end":{"line":345,"column":14595}},"70":{"start":{"line":360,"column":6},"end":{"line":360,"column":89}},"71":{"start":{"line":361,"column":6},"end":{"line":361,"column":34}},"72":{"start":{"line":369,"column":6},"end":{"line":369,"column":15419}},"73":{"start":{"line":371,"column":8},"end":{"line":371,"column":58}},"74":{"start":{"line":381,"column":6},"end":{"line":381,"column":71}},"75":{"start":{"line":382,"column":6},"end":{"line":382,"column":74}},"76":{"start":{"line":383,"column":6},"end":{"line":383,"column":35}},"77":{"start":{"line":384,"column":6},"end":{"line":384,"column":34}},"78":{"start":{"line":395,"column":6},"end":{"line":395,"column":53}},"79":{"start":{"line":396,"column":6},"end":{"line":396,"column":71}},"80":{"start":{"line":397,"column":6},"end":{"line":397,"column":16658}},"81":{"start":{"line":403,"column":8},"end":{"line":403,"column":67}},"82":{"start":{"line":404,"column":8},"end":{"line":404,"column":92}},"83":{"start":{"line":419,"column":8},"end":{"line":419,"column":17608}},"84":{"start":{"line":422,"column":8},"end":{"line":422,"column":98}},"85":{"start":{"line":424,"column":8},"end":{"line":424,"column":30}},"86":{"start":{"line":439,"column":8},"end":{"line":439,"column":18279}},"87":{"start":{"line":457,"column":8},"end":{"line":457,"column":46}},"88":{"start":{"line":459,"column":8},"end":{"line":459,"column":18923}},"89":{"start":{"line":464,"column":12},"end":{"line":464,"column":24}},"90":{"start":{"line":466,"column":12},"end":{"line":466,"column":19199}},"91":{"start":{"line":472,"column":12},"end":{"line":472,"column":19443}},"92":{"start":{"line":475,"column":12},"end":{"line":475,"column":58}},"93":{"start":{"line":487,"column":8},"end":{"line":487,"column":45}},"94":{"start":{"line":488,"column":8},"end":{"line":488,"column":19862}},"95":{"start":{"line":500,"column":8},"end":{"line":500,"column":20335}},"96":{"start":{"line":505,"column":8},"end":{"line":505,"column":20481}},"97":{"start":{"line":518,"column":8},"end":{"line":518,"column":21013}},"98":{"start":{"line":523,"column":8},"end":{"line":523,"column":21160}},"99":{"start":{"line":533,"column":8},"end":{"line":533,"column":37}},"100":{"start":{"line":534,"column":8},"end":{"line":534,"column":60}},"101":{"start":{"line":535,"column":8},"end":{"line":535,"column":64}},"102":{"start":{"line":537,"column":8},"end":{"line":537,"column":21689}},"103":{"start":{"line":542,"column":8},"end":{"line":542,"column":21789}},"104":{"start":{"line":549,"column":8},"end":{"line":549,"column":22122}},"105":{"start":{"line":554,"column":8},"end":{"line":554,"column":89}},"106":{"start":{"line":556,"column":8},"end":{"line":556,"column":26}},"107":{"start":{"line":563,"column":8},"end":{"line":563,"column":40}},"108":{"start":{"line":565,"column":8},"end":{"line":565,"column":64}},"109":{"start":{"line":567,"column":8},"end":{"line":567,"column":22671}},"110":{"start":{"line":572,"column":8},"end":{"line":572,"column":22899}},"111":{"start":{"line":577,"column":8},"end":{"line":577,"column":63}},"112":{"start":{"line":579,"column":8},"end":{"line":579,"column":23141}},"113":{"start":{"line":582,"column":8},"end":{"line":582,"column":89}},"114":{"start":{"line":585,"column":8},"end":{"line":585,"column":23368}},"115":{"start":{"line":590,"column":8},"end":{"line":590,"column":23495}},"116":{"start":{"line":593,"column":8},"end":{"line":593,"column":29}},"117":{"start":{"line":617,"column":8},"end":{"line":617,"column":24532}},"118":{"start":{"line":624,"column":8},"end":{"line":624,"column":24831}},"119":{"start":{"line":627,"column":8},"end":{"line":627,"column":24916}},"120":{"start":{"line":630,"column":8},"end":{"line":630,"column":45}},"121":{"start":{"line":640,"column":8},"end":{"line":640,"column":25478}},"122":{"start":{"line":642,"column":8},"end":{"line":642,"column":104}},"123":{"start":{"line":645,"column":8},"end":{"line":645,"column":68}},"124":{"start":{"line":646,"column":8},"end":{"line":646,"column":63}},"125":{"start":{"line":647,"column":8},"end":{"line":647,"column":94}},"126":{"start":{"line":649,"column":8},"end":{"line":649,"column":25950}},"127":{"start":{"line":653,"column":8},"end":{"line":653,"column":26144}},"128":{"start":{"line":658,"column":8},"end":{"line":658,"column":26365}},"129":{"start":{"line":662,"column":8},"end":{"line":662,"column":29}},"130":{"start":{"line":671,"column":8},"end":{"line":671,"column":26936}},"131":{"start":{"line":675,"column":8},"end":{"line":675,"column":27121}},"132":{"start":{"line":678,"column":8},"end":{"line":678,"column":68}},"133":{"start":{"line":679,"column":8},"end":{"line":679,"column":27297}},"134":{"start":{"line":684,"column":8},"end":{"line":684,"column":40}},"135":{"start":{"line":691,"column":6},"end":{"line":691,"column":64}},"136":{"start":{"line":693,"column":6},"end":{"line":693,"column":27796}},"137":{"start":{"line":694,"column":8},"end":{"line":694,"column":51}},"138":{"start":{"line":696,"column":6},"end":{"line":696,"column":44}},"139":{"start":{"line":697,"column":6},"end":{"line":697,"column":68}},"140":{"start":{"line":698,"column":6},"end":{"line":698,"column":28019}},"141":{"start":{"line":702,"column":6},"end":{"line":702,"column":28122}}},"branchMap":{"1":{"line":141,"type":"if","locations":[{"start":{"line":141,"column":8},"end":{"line":141,"column":8}},{"start":{"line":141,"column":8},"end":{"line":141,"column":8}}]},"2":{"line":143,"type":"if","locations":[{"start":{"line":143,"column":8},"end":{"line":143,"column":8}},{"start":{"line":143,"column":8},"end":{"line":143,"column":8}}]},"3":{"line":145,"type":"if","locations":[{"start":{"line":145,"column":8},"end":{"line":145,"column":8}},{"start":{"line":145,"column":8},"end":{"line":145,"column":8}}]},"4":{"line":149,"type":"if","locations":[{"start":{"line":149,"column":8},"end":{"line":149,"column":8}},{"start":{"line":149,"column":8},"end":{"line":149,"column":8}}]},"5":{"line":154,"type":"if","locations":[{"start":{"line":154,"column":8},"end":{"line":154,"column":8}},{"start":{"line":154,"column":8},"end":{"line":154,"column":8}}]},"6":{"line":156,"type":"if","locations":[{"start":{"line":156,"column":8},"end":{"line":156,"column":8}},{"start":{"line":156,"column":8},"end":{"line":156,"column":8}}]},"7":{"line":181,"type":"if","locations":[{"start":{"line":181,"column":8},"end":{"line":181,"column":8}},{"start":{"line":181,"column":8},"end":{"line":181,"column":8}}]},"8":{"line":199,"type":"if","locations":[{"start":{"line":199,"column":8},"end":{"line":199,"column":8}},{"start":{"line":199,"column":8},"end":{"line":199,"column":8}}]},"9":{"line":204,"type":"if","locations":[{"start":{"line":204,"column":8},"end":{"line":204,"column":8}},{"start":{"line":204,"column":8},"end":{"line":204,"column":8}}]},"10":{"line":205,"type":"if","locations":[{"start":{"line":205,"column":10},"end":{"line":205,"column":10}},{"start":{"line":205,"column":10},"end":{"line":205,"column":10}}]},"11":{"line":207,"type":"if","locations":[{"start":{"line":207,"column":8},"end":{"line":207,"column":8}},{"start":{"line":207,"column":8},"end":{"line":207,"column":8}}]},"12":{"line":249,"type":"if","locations":[{"start":{"line":249,"column":8},"end":{"line":249,"column":8}},{"start":{"line":249,"column":8},"end":{"line":249,"column":8}}]},"13":{"line":254,"type":"if","locations":[{"start":{"line":254,"column":8},"end":{"line":254,"column":8}},{"start":{"line":254,"column":8},"end":{"line":254,"column":8}}]},"14":{"line":276,"type":"if","locations":[{"start":{"line":276,"column":8},"end":{"line":276,"column":8}},{"start":{"line":276,"column":8},"end":{"line":276,"column":8}}]},"15":{"line":277,"type":"if","locations":[{"start":{"line":277,"column":8},"end":{"line":277,"column":8}},{"start":{"line":277,"column":8},"end":{"line":277,"column":8}}]},"16":{"line":280,"type":"if","locations":[{"start":{"line":280,"column":10},"end":{"line":280,"column":10}},{"start":{"line":280,"column":10},"end":{"line":280,"column":10}}]},"17":{"line":311,"type":"if","locations":[{"start":{"line":311,"column":6},"end":{"line":311,"column":6}},{"start":{"line":311,"column":6},"end":{"line":311,"column":6}}]},"18":{"line":316,"type":"if","locations":[{"start":{"line":316,"column":6},"end":{"line":316,"column":6}},{"start":{"line":316,"column":6},"end":{"line":316,"column":6}}]},"19":{"line":319,"type":"if","locations":[{"start":{"line":319,"column":6},"end":{"line":319,"column":6}},{"start":{"line":319,"column":6},"end":{"line":319,"column":6}}]},"20":{"line":326,"type":"if","locations":[{"start":{"line":326,"column":6},"end":{"line":326,"column":6}},{"start":{"line":326,"column":6},"end":{"line":326,"column":6}}]},"21":{"line":369,"type":"if","locations":[{"start":{"line":369,"column":6},"end":{"line":369,"column":6}},{"start":{"line":369,"column":6},"end":{"line":369,"column":6}}]},"22":{"line":382,"type":"if","locations":[{"start":{"line":382,"column":6},"end":{"line":382,"column":6}},{"start":{"line":382,"column":6},"end":{"line":382,"column":6}}]},"23":{"line":459,"type":"if","locations":[{"start":{"line":459,"column":8},"end":{"line":459,"column":8}},{"start":{"line":459,"column":8},"end":{"line":459,"column":8}}]},"24":{"line":487,"type":"if","locations":[{"start":{"line":487,"column":8},"end":{"line":487,"column":8}},{"start":{"line":487,"column":8},"end":{"line":487,"column":8}}]},"25":{"line":488,"type":"if","locations":[{"start":{"line":488,"column":8},"end":{"line":488,"column":8}},{"start":{"line":488,"column":8},"end":{"line":488,"column":8}}]},"26":{"line":500,"type":"if","locations":[{"start":{"line":500,"column":8},"end":{"line":500,"column":8}},{"start":{"line":500,"column":8},"end":{"line":500,"column":8}}]},"27":{"line":505,"type":"if","locations":[{"start":{"line":505,"column":8},"end":{"line":505,"column":8}},{"start":{"line":505,"column":8},"end":{"line":505,"column":8}}]},"28":{"line":518,"type":"if","locations":[{"start":{"line":518,"column":8},"end":{"line":518,"column":8}},{"start":{"line":518,"column":8},"end":{"line":518,"column":8}}]},"29":{"line":523,"type":"if","locations":[{"start":{"line":523,"column":8},"end":{"line":523,"column":8}},{"start":{"line":523,"column":8},"end":{"line":523,"column":8}}]},"30":{"line":585,"type":"if","locations":[{"start":{"line":585,"column":8},"end":{"line":585,"column":8}},{"start":{"line":585,"column":8},"end":{"line":585,"column":8}}]},"31":{"line":693,"type":"if","locations":[{"start":{"line":693,"column":6},"end":{"line":693,"column":6}},{"start":{"line":693,"column":6},"end":{"line":693,"column":6}}]}}},"contracts/gardens/Strategy.sol":{"l":{"66":0,"67":0,"71":4,"72":3,"76":2,"80":2,"88":2,"89":2,"96":3,"97":3,"104":1,"105":1,"208":2,"209":2,"210":2,"211":2,"215":2,"216":2,"217":2,"218":2,"219":2,"221":2,"222":2,"223":2,"224":2,"225":2,"226":2,"227":2,"228":2,"229":2,"230":2,"231":2,"252":2,"253":2,"254":2,"255":2,"256":2,"257":2,"258":2,"259":2,"260":2,"270":2,"271":2,"272":2,"273":2,"275":0,"277":2,"278":2,"279":2,"280":2,"282":2,"283":2,"284":2,"285":2,"287":2,"288":0,"297":1,"298":1,"299":1,"300":1,"302":1,"303":1,"304":1,"305":1,"306":1,"308":1,"318":0,"319":0,"320":0,"321":0,"322":0,"324":0,"325":0,"326":0,"327":0,"329":0,"330":0,"331":0,"332":0,"333":0,"336":0,"338":0,"339":0,"340":0,"342":0,"350":1,"351":1,"378":3,"380":3,"381":3,"382":2,"384":1,"386":3,"388":3,"394":0,"395":0,"396":0,"397":0,"399":0,"408":0,"412":0,"419":0,"427":37,"438":0,"452":2,"474":2,"475":2,"476":2,"480":1,"481":1,"489":1,"509":1,"512":1,"513":0,"514":0,"515":0,"516":0,"517":0,"518":0,"519":0,"522":1,"543":0,"544":0,"546":0,"547":0,"548":0,"552":0,"553":0,"555":0,"556":0,"558":0,"564":0,"565":0,"570":0,"572":0,"573":0,"578":0,"580":0,"581":0,"586":0,"588":0,"589":0,"590":0,"591":0,"592":0,"599":0,"602":0,"603":0,"604":0,"607":0,"609":0,"610":0,"611":0,"612":0,"619":0,"622":0,"627":0,"629":0,"630":0,"632":0,"639":2,"641":2,"646":2,"647":2,"649":2,"650":2,"657":1,"658":1,"659":1,"660":1,"673":3,"674":3,"675":3,"676":3,"677":3,"678":1,"684":2,"685":2,"688":3,"692":3,"693":3,"694":3,"695":2,"698":1,"705":3,"709":8,"713":2,"717":0,"719":0,"720":0},"path":"/Users/iYalovoy/repo/babylon/protocol/contracts/gardens/Strategy.sol","s":{"1":0,"2":4,"3":2,"4":2,"5":3,"6":1,"7":2,"8":2,"9":2,"10":2,"11":2,"12":2,"13":2,"14":2,"15":2,"16":2,"17":2,"18":2,"19":2,"20":2,"21":2,"22":2,"23":2,"24":2,"25":2,"26":2,"27":2,"28":2,"29":2,"30":2,"31":2,"32":2,"33":2,"34":2,"35":2,"36":2,"37":2,"38":2,"39":0,"40":2,"41":2,"42":2,"43":2,"44":2,"45":2,"46":2,"47":2,"48":2,"49":0,"50":1,"51":1,"52":1,"53":1,"54":1,"55":1,"56":1,"57":1,"58":1,"59":1,"60":0,"61":0,"62":0,"63":0,"64":0,"65":0,"66":0,"67":0,"68":0,"69":0,"70":0,"71":0,"72":0,"73":0,"74":0,"75":0,"76":0,"77":0,"78":0,"79":1,"80":1,"81":3,"82":3,"83":3,"84":2,"85":1,"86":1,"87":3,"88":3,"89":0,"90":0,"91":0,"92":0,"93":0,"94":0,"95":0,"96":0,"97":37,"98":0,"99":2,"100":2,"101":2,"102":2,"103":1,"104":1,"105":1,"106":1,"107":1,"108":0,"109":0,"110":0,"111":0,"112":0,"113":0,"114":0,"115":1,"116":0,"117":0,"118":0,"119":0,"120":0,"121":0,"122":0,"123":0,"124":0,"125":0,"126":0,"127":0,"128":0,"129":0,"130":0,"131":0,"132":0,"133":0,"134":0,"135":0,"136":0,"137":0,"138":0,"139":0,"140":0,"141":0,"142":0,"143":0,"144":0,"145":0,"146":0,"147":0,"148":0,"149":0,"150":0,"151":0,"152":0,"153":0,"154":0,"155":2,"156":2,"157":2,"158":2,"159":2,"160":1,"161":1,"162":1,"163":1,"164":3,"165":3,"166":3,"167":3,"168":3,"169":1,"170":2,"171":2,"172":3,"173":3,"174":3,"175":3,"176":2,"177":1,"178":3,"179":8,"180":2,"181":0,"182":0,"183":0},"b":{"1":[0,0],"2":[3,1],"3":[2,0],"4":[2,0],"5":[3,0],"6":[1,0],"7":[2,0],"8":[2,0],"9":[2,0],"10":[2,0],"11":[2,0],"12":[2,0],"13":[2,0],"14":[2,0],"15":[2,0],"16":[2,0],"17":[2,0],"18":[2,0],"19":[2,0],"20":[0,2],"21":[1,0],"22":[1,0],"23":[1,0],"24":[1,0],"25":[0,0],"26":[0,0],"27":[0,0],"28":[0,0],"29":[1,0],"30":[2,1],"31":[1,0],"32":[0,0],"33":[0,0],"34":[1,0],"35":[0,0],"36":[0,0],"37":[0,0],"38":[0,0],"39":[0,0],"40":[0,0],"41":[0,0],"42":[0,0],"43":[0,0],"44":[0,0],"45":[0,0],"46":[0,0],"47":[0,0],"48":[0,0],"49":[1,2],"50":[2,1]},"f":{"1":0,"2":4,"3":2,"4":2,"5":3,"6":1,"7":2,"8":2,"9":2,"10":1,"11":0,"12":1,"13":3,"14":0,"15":0,"16":0,"17":0,"18":37,"19":0,"20":2,"21":2,"22":1,"23":1,"24":1,"25":0,"26":0,"27":2,"28":1,"29":3,"30":3,"31":3,"32":8,"33":2,"34":0},"fnMap":{"1":{"name":"onlyController","line":65,"loc":{"start":{"line":65,"column":2},"end":{"line":68,"column":2}}},"2":{"name":"onlyIdeator","line":70,"loc":{"start":{"line":70,"column":2},"end":{"line":73,"column":2}}},"3":{"name":"onlyContributor","line":75,"loc":{"start":{"line":75,"column":2},"end":{"line":81,"column":2}}},"4":{"name":"onlyIntegration","line":86,"loc":{"start":{"line":86,"column":2},"end":{"line":90,"column":2}}},"5":{"name":"onlyActiveGarden","line":95,"loc":{"start":{"line":95,"column":2},"end":{"line":98,"column":2}}},"6":{"name":"onlyKeeper","line":103,"loc":{"start":{"line":103,"column":2},"end":{"line":106,"column":2}}},"7":{"name":"initialize","line":206,"loc":{"start":{"line":197,"column":2},"end":{"line":232,"column":2}}},"8":{"name":"setIntegrationData","line":251,"loc":{"start":{"line":245,"column":2},"end":{"line":261,"column":2}}},"9":{"name":"curateIdea","line":269,"loc":{"start":{"line":269,"column":2},"end":{"line":290,"column":2}}},"10":{"name":"executeInvestment","line":296,"loc":{"start":{"line":296,"column":2},"end":{"line":309,"column":2}}},"11":{"name":"finalizeInvestment","line":317,"loc":{"start":{"line":317,"column":2},"end":{"line":343,"column":2}}},"12":{"name":"changeInvestmentDuration","line":349,"loc":{"start":{"line":349,"column":2},"end":{"line":352,"column":2}}},"13":{"name":"calculateAndEditPosition","line":365,"loc":{"start":{"line":365,"column":2},"end":{"line":389,"column":2}}},"14":{"name":"sweep","line":393,"loc":{"start":{"line":393,"column":2},"end":{"line":400,"column":2}}},"15":{"name":"isIdeaActive","line":407,"loc":{"start":{"line":407,"column":2},"end":{"line":409,"column":2}}},"16":{"name":"isPosition","line":411,"loc":{"start":{"line":411,"column":2},"end":{"line":413,"column":2}}},"17":{"name":"getPositionCount","line":418,"loc":{"start":{"line":418,"column":2},"end":{"line":420,"column":2}}},"18":{"name":"getPositions","line":426,"loc":{"start":{"line":426,"column":2},"end":{"line":428,"column":2}}},"19":{"name":"hasSufficientBalance","line":433,"loc":{"start":{"line":433,"column":2},"end":{"line":439,"column":2}}},"20":{"name":"getPositionBalance","line":447,"loc":{"start":{"line":447,"column":2},"end":{"line":453,"column":2}}},"21":{"name":"_invoke","line":466,"loc":{"start":{"line":466,"column":2},"end":{"line":477,"column":2}}},"22":{"name":"invokeApprove","line":479,"loc":{"start":{"line":479,"column":2},"end":{"line":482,"column":2}}},"23":{"name":"invokeFromIntegration","line":488,"loc":{"start":{"line":484,"column":2},"end":{"line":490,"column":2}}},"24":{"name":"_callIntegration","line":502,"loc":{"start":{"line":502,"column":2},"end":{"line":523,"column":2}}},"25":{"name":"_trade","line":535,"loc":{"start":{"line":535,"column":2},"end":{"line":549,"column":2}}},"26":{"name":"_transferIdeaRewards","line":551,"loc":{"start":{"line":551,"column":2},"end":{"line":633,"column":2}}},"27":{"name":"_addPosition","line":638,"loc":{"start":{"line":638,"column":2},"end":{"line":651,"column":2}}},"28":{"name":"_removePosition","line":656,"loc":{"start":{"line":656,"column":2},"end":{"line":661,"column":2}}},"29":{"name":"_editPositionBalance","line":666,"loc":{"start":{"line":666,"column":1},"end":{"line":689,"column":1}}},"30":{"name":"_getSubpositionIndex","line":691,"loc":{"start":{"line":691,"column":1},"end":{"line":699,"column":2}}},"31":{"name":"_hasPosition","line":704,"loc":{"start":{"line":704,"column":2},"end":{"line":706,"column":2}}},"32":{"name":"_getPositionBalance","line":708,"loc":{"start":{"line":708,"column":2},"end":{"line":710,"column":2}}},"33":{"name":"abs","line":712,"loc":{"start":{"line":712,"column":2},"end":{"line":714,"column":2}}},"34":{"name":"_getPrice","line":716,"loc":{"start":{"line":716,"column":2},"end":{"line":721,"column":2}}}},"statementMap":{"1":{"start":{"line":66,"column":4},"end":{"line":66,"column":80}},"2":{"start":{"line":71,"column":4},"end":{"line":71,"column":68}},"3":{"start":{"line":76,"column":4},"end":{"line":76,"column":2825}},"4":{"start":{"line":88,"column":4},"end":{"line":88,"column":78}},"5":{"start":{"line":96,"column":4},"end":{"line":96,"column":60}},"6":{"start":{"line":104,"column":4},"end":{"line":104,"column":79}},"7":{"start":{"line":208,"column":4},"end":{"line":208,"column":43}},"8":{"start":{"line":209,"column":4},"end":{"line":209,"column":28}},"9":{"start":{"line":210,"column":4},"end":{"line":210,"column":74}},"10":{"start":{"line":211,"column":4},"end":{"line":211,"column":8324}},"11":{"start":{"line":215,"column":4},"end":{"line":215,"column":100}},"12":{"start":{"line":216,"column":4},"end":{"line":216,"column":150}},"13":{"start":{"line":217,"column":4},"end":{"line":217,"column":61}},"14":{"start":{"line":218,"column":4},"end":{"line":218,"column":91}},"15":{"start":{"line":219,"column":4},"end":{"line":219,"column":116}},"16":{"start":{"line":221,"column":4},"end":{"line":221,"column":27}},"17":{"start":{"line":222,"column":4},"end":{"line":222,"column":30}},"18":{"start":{"line":223,"column":4},"end":{"line":223,"column":17}},"19":{"start":{"line":224,"column":4},"end":{"line":224,"column":33}},"20":{"start":{"line":225,"column":4},"end":{"line":225,"column":35}},"21":{"start":{"line":226,"column":4},"end":{"line":226,"column":23}},"22":{"start":{"line":227,"column":4},"end":{"line":227,"column":45}},"23":{"start":{"line":228,"column":4},"end":{"line":228,"column":45}},"24":{"start":{"line":229,"column":4},"end":{"line":229,"column":33}},"25":{"start":{"line":230,"column":4},"end":{"line":230,"column":30}},"26":{"start":{"line":231,"column":4},"end":{"line":231,"column":18}},"27":{"start":{"line":252,"column":4},"end":{"line":252,"column":43}},"28":{"start":{"line":253,"column":4},"end":{"line":253,"column":80}},"29":{"start":{"line":254,"column":4},"end":{"line":254,"column":100}},"30":{"start":{"line":255,"column":4},"end":{"line":255,"column":29}},"31":{"start":{"line":256,"column":4},"end":{"line":256,"column":28}},"32":{"start":{"line":257,"column":4},"end":{"line":257,"column":26}},"33":{"start":{"line":258,"column":4},"end":{"line":258,"column":41}},"34":{"start":{"line":259,"column":4},"end":{"line":259,"column":43}},"35":{"start":{"line":260,"column":4},"end":{"line":260,"column":17}},"36":{"start":{"line":270,"column":4},"end":{"line":270,"column":107}},"37":{"start":{"line":271,"column":4},"end":{"line":271,"column":11118}},"38":{"start":{"line":273,"column":6},"end":{"line":273,"column":26}},"39":{"start":{"line":275,"column":6},"end":{"line":275,"column":28}},"40":{"start":{"line":277,"column":4},"end":{"line":277,"column":53}},"41":{"start":{"line":278,"column":4},"end":{"line":278,"column":26}},"42":{"start":{"line":279,"column":4},"end":{"line":279,"column":72}},"43":{"start":{"line":280,"column":4},"end":{"line":280,"column":39}},"44":{"start":{"line":282,"column":4},"end":{"line":282,"column":87}},"45":{"start":{"line":283,"column":4},"end":{"line":283,"column":11584}},"46":{"start":{"line":284,"column":6},"end":{"line":284,"column":18}},"47":{"start":{"line":285,"column":6},"end":{"line":285,"column":40}},"48":{"start":{"line":287,"column":4},"end":{"line":287,"column":11722}},"49":{"start":{"line":288,"column":6},"end":{"line":288,"column":19}},"50":{"start":{"line":297,"column":4},"end":{"line":297,"column":45}},"51":{"start":{"line":298,"column":4},"end":{"line":298,"column":88}},"52":{"start":{"line":299,"column":4},"end":{"line":299,"column":79}},"53":{"start":{"line":300,"column":4},"end":{"line":300,"column":131}},"54":{"start":{"line":302,"column":4},"end":{"line":302,"column":47}},"55":{"start":{"line":303,"column":4},"end":{"line":303,"column":99}},"56":{"start":{"line":304,"column":4},"end":{"line":304,"column":52}},"57":{"start":{"line":305,"column":4},"end":{"line":305,"column":37}},"58":{"start":{"line":306,"column":4},"end":{"line":306,"column":81}},"59":{"start":{"line":308,"column":4},"end":{"line":308,"column":31}},"60":{"start":{"line":318,"column":4},"end":{"line":318,"column":65}},"61":{"start":{"line":319,"column":4},"end":{"line":319,"column":121}},"62":{"start":{"line":320,"column":4},"end":{"line":320,"column":60}},"63":{"start":{"line":321,"column":4},"end":{"line":321,"column":34}},"64":{"start":{"line":322,"column":4},"end":{"line":322,"column":34}},"65":{"start":{"line":324,"column":4},"end":{"line":324,"column":36}},"66":{"start":{"line":325,"column":4},"end":{"line":325,"column":51}},"67":{"start":{"line":326,"column":4},"end":{"line":326,"column":66}},"68":{"start":{"line":327,"column":4},"end":{"line":327,"column":72}},"69":{"start":{"line":329,"column":4},"end":{"line":329,"column":32}},"70":{"start":{"line":330,"column":4},"end":{"line":330,"column":13905}},"71":{"start":{"line":331,"column":6},"end":{"line":331,"column":13959}},"72":{"start":{"line":332,"column":8},"end":{"line":332,"column":70}},"73":{"start":{"line":333,"column":8},"end":{"line":333,"column":116}},"74":{"start":{"line":336,"column":4},"end":{"line":336,"column":87}},"75":{"start":{"line":338,"column":4},"end":{"line":338,"column":19}},"76":{"start":{"line":339,"column":4},"end":{"line":339,"column":17}},"77":{"start":{"line":340,"column":4},"end":{"line":340,"column":29}},"78":{"start":{"line":342,"column":4},"end":{"line":342,"column":40}},"79":{"start":{"line":350,"column":4},"end":{"line":350,"column":60}},"80":{"start":{"line":351,"column":4},"end":{"line":351,"column":26}},"81":{"start":{"line":378,"column":4},"end":{"line":378,"column":73}},"82":{"start":{"line":380,"column":4},"end":{"line":380,"column":51}},"83":{"start":{"line":381,"column":4},"end":{"line":381,"column":15713}},"84":{"start":{"line":382,"column":6},"end":{"line":382,"column":41}},"85":{"start":{"line":383,"column":11},"end":{"line":383,"column":15811}},"86":{"start":{"line":384,"column":6},"end":{"line":384,"column":32}},"87":{"start":{"line":386,"column":4},"end":{"line":386,"column":106}},"88":{"start":{"line":388,"column":4},"end":{"line":388,"column":54}},"89":{"start":{"line":394,"column":5},"end":{"line":394,"column":98}},"90":{"start":{"line":395,"column":5},"end":{"line":395,"column":61}},"91":{"start":{"line":396,"column":5},"end":{"line":396,"column":45}},"92":{"start":{"line":397,"column":5},"end":{"line":397,"column":33}},"93":{"start":{"line":399,"column":5},"end":{"line":399,"column":83}},"94":{"start":{"line":408,"column":4},"end":{"line":408,"column":42}},"95":{"start":{"line":412,"column":4},"end":{"line":412,"column":41}},"96":{"start":{"line":419,"column":6},"end":{"line":419,"column":29}},"97":{"start":{"line":427,"column":6},"end":{"line":427,"column":22}},"98":{"start":{"line":438,"column":4},"end":{"line":438,"column":66}},"99":{"start":{"line":452,"column":4},"end":{"line":452,"column":42}},"100":{"start":{"line":474,"column":6},"end":{"line":474,"column":64}},"101":{"start":{"line":475,"column":6},"end":{"line":475,"column":56}},"102":{"start":{"line":476,"column":6},"end":{"line":476,"column":25}},"103":{"start":{"line":480,"column":4},"end":{"line":480,"column":37}},"104":{"start":{"line":481,"column":4},"end":{"line":481,"column":45}},"105":{"start":{"line":489,"column":4},"end":{"line":489,"column":42}},"106":{"start":{"line":509,"column":4},"end":{"line":509,"column":62}},"107":{"start":{"line":512,"column":4},"end":{"line":512,"column":20260}},"108":{"start":{"line":513,"column":6},"end":{"line":513,"column":20318}},"109":{"start":{"line":514,"column":8},"end":{"line":514,"column":86}},"110":{"start":{"line":515,"column":8},"end":{"line":515,"column":35}},"111":{"start":{"line":516,"column":8},"end":{"line":516,"column":79}},"112":{"start":{"line":517,"column":8},"end":{"line":517,"column":99}},"113":{"start":{"line":518,"column":8},"end":{"line":518,"column":139}},"114":{"start":{"line":519,"column":8},"end":{"line":519,"column":125}},"115":{"start":{"line":522,"column":4},"end":{"line":522,"column":47}},"116":{"start":{"line":543,"column":4},"end":{"line":543,"column":96}},"117":{"start":{"line":544,"column":4},"end":{"line":544,"column":83}},"118":{"start":{"line":546,"column":4},"end":{"line":546,"column":83}},"119":{"start":{"line":547,"column":4},"end":{"line":547,"column":51}},"120":{"start":{"line":548,"column":4},"end":{"line":548,"column":122}},"121":{"start":{"line":552,"column":4},"end":{"line":552,"column":51}},"122":{"start":{"line":553,"column":4},"end":{"line":553,"column":32}},"123":{"start":{"line":555,"column":4},"end":{"line":555,"column":22425}},"124":{"start":{"line":556,"column":6},"end":{"line":556,"column":58}},"125":{"start":{"line":558,"column":6},"end":{"line":558,"column":22637}},"126":{"start":{"line":564,"column":6},"end":{"line":564,"column":94}},"127":{"start":{"line":565,"column":6},"end":{"line":565,"column":22923}},"128":{"start":{"line":570,"column":6},"end":{"line":570,"column":54}},"129":{"start":{"line":572,"column":6},"end":{"line":572,"column":89}},"130":{"start":{"line":573,"column":6},"end":{"line":573,"column":23279}},"131":{"start":{"line":578,"column":6},"end":{"line":578,"column":51}},"132":{"start":{"line":580,"column":6},"end":{"line":580,"column":106}},"133":{"start":{"line":581,"column":6},"end":{"line":581,"column":23650}},"134":{"start":{"line":586,"column":6},"end":{"line":586,"column":52}},"135":{"start":{"line":588,"column":6},"end":{"line":588,"column":89}},"136":{"start":{"line":589,"column":6},"end":{"line":589,"column":24007}},"137":{"start":{"line":590,"column":8},"end":{"line":590,"column":45}},"138":{"start":{"line":591,"column":8},"end":{"line":591,"column":24110}},"139":{"start":{"line":592,"column":10},"end":{"line":592,"column":24171}},"140":{"start":{"line":599,"column":6},"end":{"line":599,"column":50}},"141":{"start":{"line":602,"column":6},"end":{"line":602,"column":34}},"142":{"start":{"line":603,"column":6},"end":{"line":603,"column":24512}},"143":{"start":{"line":604,"column":8},"end":{"line":604,"column":70}},"144":{"start":{"line":607,"column":6},"end":{"line":607,"column":94}},"145":{"start":{"line":609,"column":6},"end":{"line":609,"column":24871}},"146":{"start":{"line":610,"column":8},"end":{"line":610,"column":45}},"147":{"start":{"line":611,"column":8},"end":{"line":611,"column":24974}},"148":{"start":{"line":612,"column":10},"end":{"line":612,"column":25035}},"149":{"start":{"line":6
[...]
ine":138,"column":6},"end":{"line":138,"column":69}},"23":{"start":{"line":139,"column":6},"end":{"line":139,"column":94}},"24":{"start":{"line":141,"column":6},"end":{"line":141,"column":104}},"25":{"start":{"line":143,"column":6},"end":{"line":143,"column":108}},"26":{"start":{"line":144,"column":6},"end":{"line":144,"column":72}},"27":{"start":{"line":146,"column":6},"end":{"line":146,"column":6609}},"28":{"start":{"line":147,"column":8},"end":{"line":147,"column":105}},"29":{"start":{"line":149,"column":8},"end":{"line":149,"column":105}},"30":{"start":{"line":162,"column":6},"end":{"line":162,"column":7327}},"31":{"start":{"line":165,"column":6},"end":{"line":165,"column":48}},"32":{"start":{"line":166,"column":6},"end":{"line":166,"column":40}},"33":{"start":{"line":171,"column":6},"end":{"line":171,"column":66}},"34":{"start":{"line":173,"column":6},"end":{"line":173,"column":72}},"35":{"start":{"line":174,"column":6},"end":{"line":174,"column":69}}},"branchMap":{"1":{"line":89,"type":"if","locations":[{"start":{"line":89,"column":6},"end":{"line":89,"column":6}},{"start":{"line":89,"column":6},"end":{"line":89,"column":6}}]},"2":{"line":90,"type":"if","locations":[{"start":{"line":90,"column":6},"end":{"line":90,"column":6}},{"start":{"line":90,"column":6},"end":{"line":90,"column":6}}]},"3":{"line":123,"type":"if","locations":[{"start":{"line":123,"column":6},"end":{"line":123,"column":6}},{"start":{"line":123,"column":6},"end":{"line":123,"column":6}}]},"4":{"line":139,"type":"if","locations":[{"start":{"line":139,"column":6},"end":{"line":139,"column":6}},{"start":{"line":139,"column":6},"end":{"line":139,"column":6}}]},"5":{"line":141,"type":"if","locations":[{"start":{"line":141,"column":6},"end":{"line":141,"column":6}},{"start":{"line":141,"column":6},"end":{"line":141,"column":6}}]},"6":{"line":146,"type":"if","locations":[{"start":{"line":146,"column":6},"end":{"line":146,"column":6}},{"start":{"line":146,"column":6},"end":{"line":146,"column":6}}]}}},"contracts/PriceOracle.sol":{"l":{"79":3,"80":3,"81":3,"100":23,"105":23,"106":20,"109":3,"110":3,"112":3,"113":3,"114":1,"117":3,"118":3,"127":0,"131":0,"133":0,"142":0,"146":0,"148":0,"157":7,"167":0,"168":0,"191":3,"192":3,"193":3,"194":3,"195":1,"197":3,"207":2,"208":2,"210":2,"211":2,"215":1,"235":1,"236":1,"241":1,"242":1,"246":0},"path":"/Users/iYalovoy/repo/babylon/protocol/contracts/PriceOracle.sol","s":{"1":3,"2":3,"3":3,"4":23,"5":23,"6":20,"7":3,"8":3,"9":3,"10":3,"11":1,"12":3,"13":3,"14":0,"15":0,"16":0,"17":0,"18":0,"19":0,"20":7,"21":0,"22":0,"23":3,"24":3,"25":3,"26":3,"27":1,"28":3,"29":2,"30":2,"31":2,"32":2,"33":1,"34":1,"35":1,"36":1,"37":1,"38":0},"b":{"1":[23,0],"2":[20,3],"3":[1,2],"4":[3,0],"5":[0,0],"6":[0,0],"7":[1,2],"8":[2,1],"9":[2,0],"10":[1,0]},"f":{"1":3,"2":23,"3":0,"4":0,"5":7,"6":0,"7":3,"8":1},"fnMap":{"1":{"name":"constructor","line":74,"loc":{"start":{"line":74,"column":4},"end":{"line":82,"column":4}}},"2":{"name":"getPrice","line":99,"loc":{"start":{"line":99,"column":4},"end":{"line":119,"column":4}}},"3":{"name":"addAdapter","line":126,"loc":{"start":{"line":126,"column":4},"end":{"line":134,"column":4}}},"4":{"name":"removeAdapter","line":141,"loc":{"start":{"line":141,"column":4},"end":{"line":149,"column":4}}},"5":{"name":"getAdapters","line":156,"loc":{"start":{"line":156,"column":4},"end":{"line":158,"column":4}}},"6":{"name":"updateAdapters","line":166,"loc":{"start":{"line":166,"column":4},"end":{"line":170,"column":4}}},"7":{"name":"_getPriceFromUniswapAnchoredView","line":183,"loc":{"start":{"line":183,"column":4},"end":{"line":216,"column":4}}},"8":{"name":"_getPriceFromAdapters","line":227,"loc":{"start":{"line":227,"column":4},"end":{"line":247,"column":4}}}},"statementMap":{"1":{"start":{"line":79,"column":8},"end":{"line":79,"column":31}},"2":{"start":{"line":80,"column":8},"end":{"line":80,"column":49}},"3":{"start":{"line":81,"column":8},"end":{"line":81,"column":27}},"4":{"start":{"line":100,"column":8},"end":{"line":100,"column":3936}},"5":{"start":{"line":105,"column":8},"end":{"line":105,"column":4185}},"6":{"start":{"line":106,"column":10},"end":{"line":106,"column":25}},"7":{"start":{"line":109,"column":8},"end":{"line":109,"column":23}},"8":{"start":{"line":110,"column":8},"end":{"line":110,"column":21}},"9":{"start":{"line":112,"column":8},"end":{"line":112,"column":83}},"10":{"start":{"line":113,"column":8},"end":{"line":113,"column":4396}},"11":{"start":{"line":114,"column":12},"end":{"line":114,"column":76}},"12":{"start":{"line":117,"column":8},"end":{"line":117,"column":68}},"13":{"start":{"line":118,"column":8},"end":{"line":118,"column":20}},"14":{"start":{"line":127,"column":8},"end":{"line":127,"column":4805}},"15":{"start":{"line":131,"column":8},"end":{"line":131,"column":30}},"16":{"start":{"line":133,"column":8},"end":{"line":133,"column":35}},"17":{"start":{"line":142,"column":8},"end":{"line":142,"column":5216}},"18":{"start":{"line":146,"column":8},"end":{"line":146,"column":43}},"19":{"start":{"line":148,"column":8},"end":{"line":148,"column":37}},"20":{"start":{"line":157,"column":8},"end":{"line":157,"column":23}},"21":{"start":{"line":167,"column":6},"end":{"line":167,"column":5931}},"22":{"start":{"line":168,"column":8},"end":{"line":168,"column":63}},"23":{"start":{"line":191,"column":6},"end":{"line":191,"column":83}},"24":{"start":{"line":192,"column":6},"end":{"line":192,"column":83}},"25":{"start":{"line":193,"column":6},"end":{"line":193,"column":38}},"26":{"start":{"line":194,"column":6},"end":{"line":194,"column":7002}},"27":{"start":{"line":195,"column":8},"end":{"line":195,"column":31}},"28":{"start":{"line":197,"column":6},"end":{"line":197,"column":7075}},"29":{"start":{"line":207,"column":8},"end":{"line":207,"column":88}},"30":{"start":{"line":208,"column":8},"end":{"line":208,"column":88}},"31":{"start":{"line":210,"column":8},"end":{"line":210,"column":7893}},"32":{"start":{"line":211,"column":10},"end":{"line":211,"column":64}},"33":{"start":{"line":215,"column":6},"end":{"line":215,"column":23}},"34":{"start":{"line":235,"column":6},"end":{"line":235,"column":8684}},"35":{"start":{"line":236,"column":8},"end":{"line":236,"column":8804}},"36":{"start":{"line":241,"column":8},"end":{"line":241,"column":8880}},"37":{"start":{"line":242,"column":12},"end":{"line":242,"column":38}},"38":{"start":{"line":246,"column":6},"end":{"line":246,"column":23}}},"branchMap":{"1":{"line":100,"type":"if","locations":[{"start":{"line":100,"column":8},"end":{"line":100,"column":8}},{"start":{"line":100,"column":8},"end":{"line":100,"column":8}}]},"2":{"line":105,"type":"if","locations":[{"start":{"line":105,"column":8},"end":{"line":105,"column":8}},{"start":{"line":105,"column":8},"end":{"line":105,"column":8}}]},"3":{"line":113,"type":"if","locations":[{"start":{"line":113,"column":8},"end":{"line":113,"column":8}},{"start":{"line":113,"column":8},"end":{"line":113,"column":8}}]},"4":{"line":117,"type":"if","locations":[{"start":{"line":117,"column":8},"end":{"line":117,"column":8}},{"start":{"line":117,"column":8},"end":{"line":117,"column":8}}]},"5":{"line":127,"type":"if","locations":[{"start":{"line":127,"column":8},"end":{"line":127,"column":8}},{"start":{"line":127,"column":8},"end":{"line":127,"column":8}}]},"6":{"line":142,"type":"if","locations":[{"start":{"line":142,"column":8},"end":{"line":142,"column":8}},{"start":{"line":142,"column":8},"end":{"line":142,"column":8}}]},"7":{"line":194,"type":"if","locations":[{"start":{"line":194,"column":6},"end":{"line":194,"column":6}},{"start":{"line":194,"column":6},"end":{"line":194,"column":6}}]},"8":{"line":197,"type":"if","locations":[{"start":{"line":197,"column":6},"end":{"line":197,"column":6}},{"start":{"line":197,"column":6},"end":{"line":197,"column":6}}]},"9":{"line":210,"type":"if","locations":[{"start":{"line":210,"column":8},"end":{"line":210,"column":8}},{"start":{"line":210,"column":8},"end":{"line":210,"column":8}}]},"10":{"line":241,"type":"if","locations":[{"start":{"line":241,"column":8},"end":{"line":241,"column":8}},{"start":{"line":241,"column":8},"end":{"line":241,"column":8}}]}}},"contracts/ReservePool.sol":{"l":{"91":3,"102":0,"104":0,"106":0,"108":0,"117":0,"119":0,"121":0,"123":0,"131":7,"132":6,"133":6,"134":6,"135":6,"145":4,"146":3,"147":1,"148":1,"149":1,"150":1,"151":1,"152":1,"162":0,"163":0,"164":0,"166":0,"168":0,"169":0,"170":0,"171":0,"173":0,"174":0,"175":0,"185":0,"186":0,"187":0,"188":0,"189":0,"191":0,"192":0,"194":0,"195":0,"196":0,"197":0,"198":0,"199":0,"201":0,"203":0,"214":3,"215":3,"216":3,"217":9,"218":9,"219":0,"220":0,"223":3,"234":0,"235":0,"236":0,"238":0,"239":0,"240":0,"242":0},"path":"/Users/iYalovoy/repo/babylon/protocol/contracts/ReservePool.sol","s":{"1":3,"2":0,"3":0,"4":0,"5":0,"6":0,"7":0,"8":0,"9":0,"10":7,"11":6,"12":6,"13":6,"14":6,"15":4,"16":3,"17":1,"18":1,"19":1,"20":1,"21":1,"22":1,"23":0,"24":0,"25":0,"26":0,"27":0,"28":0,"29":0,"30":0,"31":0,"32":0,"33":0,"34":0,"35":0,"36":0,"37":0,"38":0,"39":0,"40":0,"41":0,"42":0,"43":0,"44":0,"45":0,"46":0,"47":0,"48":0,"49":3,"50":3,"51":3,"52":9,"53":9,"54":0,"55":0,"56":3,"57":0,"58":0,"59":0,"60":0,"61":0,"62":0,"63":0},"b":{"1":[0,0],"2":[0,0],"3":[6,1],"4":[3,1],"5":[1,2],"6":[1,0],"7":[0,0],"8":[0,0],"9":[0,0],"10":[0,0],"11":[0,0],"12":[0,0],"13":[0,0],"14":[0,0],"15":[0,0],"16":[0,0],"17":[0,0],"18":[0,9],"19":[0,0],"20":[0,0]},"f":{"1":3,"2":0,"3":0,"4":7,"5":4,"6":0,"7":0,"8":3,"9":0},"fnMap":{"1":{"name":"constructor","line":90,"loc":{"start":{"line":90,"column":4},"end":{"line":92,"column":4}}},"2":{"name":"editMaxPercentageGardenOwnership","line":101,"loc":{"start":{"line":101,"column":4},"end":{"line":109,"column":4}}},"3":{"name":"editMinGardenNAV","line":116,"loc":{"start":{"line":116,"column":4},"end":{"line":124,"column":4}}},"4":{"name":"deposit","line":130,"loc":{"start":{"line":130,"column":4},"end":{"line":136,"column":4}}},"5":{"name":"claim","line":144,"loc":{"start":{"line":144,"column":4},"end":{"line":153,"column":4}}},"6":{"name":"sellTokensToLiquidityPool","line":161,"loc":{"start":{"line":161,"column":4},"end":{"line":176,"column":4}}},"7":{"name":"redeemETHFromGardenTokens","line":184,"loc":{"start":{"line":184,"column":4},"end":{"line":207,"column":4}}},"8":{"name":"getReservePoolValuation","line":213,"loc":{"start":{"line":213,"column":4},"end":{"line":224,"column":4}}},"9":{"name":"isReservePoolAllowedToBuy","line":232,"loc":{"start":{"line":232,"column":4},"end":{"line":243,"column":4}}}},"statementMap":{"1":{"start":{"line":91,"column":8},"end":{"line":91,"column":31}},"2":{"start":{"line":102,"column":6},"end":{"line":102,"column":60}},"3":{"start":{"line":104,"column":6},"end":{"line":104,"column":51}},"4":{"start":{"line":106,"column":6},"end":{"line":106,"column":43}},"5":{"start":{"line":108,"column":6},"end":{"line":108,"column":84}},"6":{"start":{"line":117,"column":6},"end":{"line":117,"column":62}},"7":{"start":{"line":119,"column":6},"end":{"line":119,"column":35}},"8":{"start":{"line":121,"column":6},"end":{"line":121,"column":36}},"9":{"start":{"line":123,"column":6},"end":{"line":123,"column":68}},"10":{"start":{"line":131,"column":6},"end":{"line":131,"column":63}},"11":{"start":{"line":132,"column":6},"end":{"line":132,"column":33}},"12":{"start":{"line":133,"column":6},"end":{"line":133,"column":44}},"13":{"start":{"line":134,"column":6},"end":{"line":134,"column":47}},"14":{"start":{"line":135,"column":6},"end":{"line":135,"column":69}},"15":{"start":{"line":145,"column":6},"end":{"line":145,"column":70}},"16":{"start":{"line":146,"column":6},"end":{"line":146,"column":106}},"17":{"start":{"line":147,"column":6},"end":{"line":147,"column":94}},"18":{"start":{"line":148,"column":6},"end":{"line":148,"column":107}},"19":{"start":{"line":149,"column":6},"end":{"line":149,"column":31}},"20":{"start":{"line":150,"column":6},"end":{"line":150,"column":36}},"21":{"start":{"line":151,"column":6},"end":{"line":151,"column":28}},"22":{"start":{"line":152,"column":6},"end":{"line":152,"column":76}},"23":{"start":{"line":162,"column":6},"end":{"line":162,"column":88}},"24":{"start":{"line":163,"column":6},"end":{"line":163,"column":108}},"25":{"start":{"line":164,"column":6},"end":{"line":164,"column":88}},"26":{"start":{"line":166,"column":6},"end":{"line":166,"column":29}},"27":{"start":{"line":168,"column":6},"end":{"line":168,"column":131}},"28":{"start":{"line":169,"column":6},"end":{"line":169,"column":63}},"29":{"start":{"line":170,"column":6},"end":{"line":170,"column":79}},"30":{"start":{"line":171,"column":6},"end":{"line":171,"column":103}},"31":{"start":{"line":173,"column":6},"end":{"line":173,"column":86}},"32":{"start":{"line":174,"column":6},"end":{"line":174,"column":88}},"33":{"start":{"line":175,"column":6},"end":{"line":175,"column":29}},"34":{"start":{"line":185,"column":6},"end":{"line":185,"column":79}},"35":{"start":{"line":186,"column":6},"end":{"line":186,"column":53}},"36":{"start":{"line":187,"column":6},"end":{"line":187,"column":117}},"37":{"start":{"line":188,"column":6},"end":{"line":188,"column":63}},"38":{"start":{"line":189,"column":6},"end":{"line":189,"column":54}},"39":{"start":{"line":191,"column":6},"end":{"line":191,"column":131}},"40":{"start":{"line":192,"column":6},"end":{"line":192,"column":67}},"41":{"start":{"line":194,"column":6},"end":{"line":194,"column":92}},"42":{"start":{"line":195,"column":6},"end":{"line":195,"column":89}},"43":{"start":{"line":196,"column":6},"end":{"line":196,"column":42}},"44":{"start":{"line":197,"column":6},"end":{"line":197,"column":70}},"45":{"start":{"line":198,"column":6},"end":{"line":198,"column":49}},"46":{"start":{"line":199,"column":6},"end":{"line":199,"column":42}},"47":{"start":{"line":201,"column":6},"end":{"line":201,"column":112}},"48":{"start":{"line":203,"column":6},"end":{"line":203,"column":9293}},"49":{"start":{"line":214,"column":6},"end":{"line":214,"column":20}},"50":{"start":{"line":215,"column":6},"end":{"line":215,"column":77}},"51":{"start":{"line":216,"column":6},"end":{"line":216,"column":9715}},"52":{"start":{"line":217,"column":8},"end":{"line":217,"column":84}},"53":{"start":{"line":218,"column":8},"end":{"line":218,"column":9856}},"54":{"start":{"line":219,"column":10},"end":{"line":219,"column":139}},"55":{"start":{"line":220,"column":10},"end":{"line":220,"column":69}},"56":{"start":{"line":223,"column":6},"end":{"line":223,"column":60}},"57":{"start":{"line":234,"column":6},"end":{"line":234,"column":165}},"58":{"start":{"line":235,"column":6},"end":{"line":235,"column":10715}},"59":{"start":{"line":236,"column":8},"end":{"line":236,"column":20}},"60":{"start":{"line":238,"column":6},"end":{"line":238,"column":109}},"61":{"start":{"line":239,"column":6},"end":{"line":239,"column":10893}},"62":{"start":{"line":240,"column":8},"end":{"line":240,"column":20}},"63":{"start":{"line":242,"column":6},"end":{"line":242,"column":17}}},"branchMap":{"1":{"line":102,"type":"if","locations":[{"start":{"line":102,"column":6},"end":{"line":102,"column":6}},{"start":{"line":102,"column":6},"end":{"line":102,"column":6}}]},"2":{"line":117,"type":"if","locations":[{"start":{"line":117,"column":6},"end":{"line":117,"column":6}},{"start":{"line":117,"column":6},"end":{"line":117,"column":6}}]},"3":{"line":131,"type":"if","locations":[{"start":{"line":131,"column":6},"end":{"line":131,"column":6}},{"start":{"line":131,"column":6},"end":{"line":131,"column":6}}]},"4":{"line":145,"type":"if","locations":[{"start":{"line":145,"column":6},"end":{"line":145,"column":6}},{"start":{"line":145,"column":6},"end":{"line":145,"column":6}}]},"5":{"line":146,"type":"if","locations":[{"start":{"line":146,"column":6},"end":{"line":146,"column":6}},{"start":{"line":146,"column":6},"end":{"line":146,"column":6}}]},"6":{"line":148,"type":"if","locations":[{"start":{"line":148,"column":6},"end":{"line":148,"column":6}},{"start":{"line":148,"column":6},"end":{"line":148,"column":6}}]},"7":{"line":162,"type":"if","locations":[{"start":{"line":162,"column":6},"end":{"line":162,"column":6}},{"start":{"line":162,"column":6},"end":{"line":162,"column":6}}]},"8":{"line":163,"type":"if","locations":[{"start":{"line":163,"column":6},"end":{"line":163,"column":6}},{"start":{"line":163,"column":6},"end":{"line":163,"column":6}}]},"9":{"line":164,"type":"if","locations":[{"start":{"line":164,"column":6},"end":{"line":164,"column":6}},{"start":{"line":164,"column":6},"end":{"line":164,"column":6}}]},"10":{"line":171,"type":"if","locations":[{"start":{"line":171,"column":6},"end":{"line":171,"column":6}},{"start":{"line":171,"column":6},"end":{"line":171,"column":6}}]},"11":{"line":174,"type":"if","locations":[{"start":{"line":174,"column":6},"end":{"line":174,"column":6}},{"start":{"line":174,"column":6},"end":{"line":174,"column":6}}]},"12":{"line":187,"type":"if","locations":[{"start":{"line":187,"column":6},"end":{"line":187,"column":6}},{"start":{"line":187,"column":6},"end":{"line":187,"column":6}}]},"13":{"line":188,"type":"if","locations":[{"start":{"line":188,"column":6},"end":{"line":188,"column":6}},{"start":{"line":188,"column":6},"end":{"line":188,"column":6}}]},"14":{"line":189,"type":"if","locations":[{"start":{"line":189,"column":6},"end":{"line":189,"column":6}},{"start":{"line":189,"column":6},"end":{"line":189,"column":6}}]},"15":{"line":192,"type":"if","locations":[{"start":{"line":192,"column":6},"end":{"line":192,"column":6}},{"start":{"line":192,"column":6},"end":{"line":192,"column":6}}]},"16":{"line":195,"type":"if","locations":[{"start":{"line":195,"column":6},"end":{"line":195,"column":6}},{"start":{"line":195,"column":6},"end":{"line":195,"column":6}}]},"17":{"line":203,"type":"if","locations":[{"start":{"line":203,"column":6},"end":{"line":203,"column":6}},{"start":{"line":203,"column":6},"end":{"line":203,"column":6}}]},"18":{"line":218,"type":"if","locations":[{"start":{"line":218,"column":8},"end":{"line":218,"column":8}},{"start":{"line":218,"column":8},"end":{"line":218,"column":8}}]},"19":{"line":235,"type":"if","locations":[{"start":{"line":235,"column":6},"end":{"line":235,"column":6}},{"start":{"line":235,"column":6},"end":{"line":235,"column":6}}]},"20":{"line":239,"type":"if","locations":[{"start":{"line":239,"column":6},"end":{"line":239,"column":6}},{"start":{"line":239,"column":6},"end":{"line":239,"column":6}}]}}},"contracts/Treasury.sol":{"l":{"56":3,"69":0,"70":0,"71":0,"72":0,"77":0},"path":"/Users/iYalovoy/repo/babylon/protocol/contracts/Treasury.sol","s":{"1":3,"2":0,"3":0,"4":0,"5":0,"6":0},"b":{"1":[0,0],"2":[0,0],"3":[0,0],"4":[0,0]},"f":{"1":3,"2":0},"fnMap":{"1":{"name":"constructor","line":53,"loc":{"start":{"line":53,"column":4},"end":{"line":57,"column":4}}},"2":{"name":"sendTreasuryFunds","line":68,"loc":{"start":{"line":68,"column":4},"end":{"line":78,"column":4}}}},"statementMap":{"1":{"start":{"line":56,"column":8},"end":{"line":56,"column":31}},"2":{"start":{"line":69,"column":6},"end":{"line":69,"column":54}},"3":{"start":{"line":70,"column":6},"end":{"line":70,"column":60}},"4":{"start":{"line":71,"column":6},"end":{"line":71,"column":96}},"5":{"start":{"line":72,"column":6},"end":{"line":72,"column":2387}},"6":{"start":{"line":77,"column":6},"end":{"line":77,"column":50}}},"branchMap":{"1":{"line":69,"type":"if","locations":[{"start":{"line":69,"column":6},"end":{"line":69,"column":6}},{"start":{"line":69,"column":6},"end":{"line":69,"column":6}}]},"2":{"line":70,"type":"if","locations":[{"start":{"line":70,"column":6},"end":{"line":70,"column":6}},{"start":{"line":70,"column":6},"end":{"line":70,"column":6}}]},"3":{"line":71,"type":"if","locations":[{"start":{"line":71,"column":6},"end":{"line":71,"column":6}},{"start":{"line":71,"column":6},"end":{"line":71,"column":6}}]},"4":{"line":72,"type":"if","locations":[{"start":{"line":72,"column":6},"end":{"line":72,"column":6}},{"start":{"line":72,"column":6},"end":{"line":72,"column":6}}]}}}}